2021-06-02 03:55:07,031 WARN com.zaxxer.hikari.pool.HikariPool [HikariPool-1 housekeeper] HikariPool-1 - Thread starvation or clock leap detected (housekeeper delta=3h1m56s463ms96탎600ns).
2021-06-02 07:17:06,469 WARN com.zaxxer.hikari.pool.HikariPool [HikariPool-1 housekeeper] HikariPool-1 - Thread starvation or clock leap detected (housekeeper delta=3h1m57s480ms639탎500ns).
2021-06-02 08:36:33,327 WARN com.zaxxer.hikari.pool.HikariPool [HikariPool-1 housekeeper] HikariPool-1 - Thread starvation or clock leap detected (housekeeper delta=57m56s481ms530탎700ns).
2021-06-02 16:53:15,092 WARN com.zaxxer.hikari.pool.HikariPool [HikariPool-1 housekeeper] HikariPool-1 - Thread starvation or clock leap detected (housekeeper delta=2h9m33s349ms147탎300ns).
2021-06-02 21:30:04,035 WARN com.zaxxer.hikari.pool.HikariPool [HikariPool-1 housekeeper] HikariPool-1 - Thread starvation or clock leap detected (housekeeper delta=41m7s530ms316탎700ns).
2021-06-02 22:24:10,466 INFO org.springframework.boot.admin.SpringApplicationAdminMXBeanRegistrar$SpringApplicationAdmin [RMI TCP Connection(852)-127.0.0.1] Application shutdown requested.
2021-06-02 22:24:21,702 INFO org.springframework.scheduling.concurrent.ThreadPoolTaskExecutor [RMI TCP Connection(852)-127.0.0.1] Shutting down ExecutorService 'applicationTaskExecutor'
2021-06-02 22:24:21,974 INFO org.springframework.orm.jpa.LocalContainerEntityManagerFactoryBean [RMI TCP Connection(852)-127.0.0.1] Closing JPA EntityManagerFactory for persistence unit 'default'
2021-06-02 22:24:23,141 INFO com.zaxxer.hikari.HikariDataSource [RMI TCP Connection(852)-127.0.0.1] HikariPool-1 - Shutdown initiated...
2021-06-02 22:24:23,543 INFO com.zaxxer.hikari.HikariDataSource [RMI TCP Connection(852)-127.0.0.1] HikariPool-1 - Shutdown completed.
2021-06-02 22:28:09,655 INFO com.cg.creditcardpayment.CreditcardBillPaymentApplication [restartedMain] Starting CreditcardBillPaymentApplication using Java 15.0.2 on DESKTOP-88QC7I7 with PID 18064 (H:\CreditcardBillPayment\bin\main started by UJJAWAL in H:\CreditcardBillPayment)
2021-06-02 22:28:09,662 INFO com.cg.creditcardpayment.CreditcardBillPaymentApplication [restartedMain] No active profile set, falling back to default profiles: default
2021-06-02 22:28:09,872 INFO org.springframework.boot.devtools.env.DevToolsPropertyDefaultsPostProcessor [restartedMain] Devtools property defaults active! Set 'spring.devtools.add-properties' to 'false' to disable
2021-06-02 22:28:09,873 INFO org.springframework.boot.devtools.env.DevToolsPropertyDefaultsPostProcessor [restartedMain] For additional web related logging consider setting the 'logging.level.web' property to 'DEBUG'
2021-06-02 22:28:12,125 INFO org.springframework.data.repository.config.RepositoryConfigurationDelegate [restartedMain] Bootstrapping Spring Data JPA repositories in DEFAULT mode.
2021-06-02 22:28:12,258 INFO org.springframework.data.repository.config.RepositoryConfigurationDelegate [restartedMain] Finished Spring Data repository scanning in 119 ms. Found 7 JPA repository interfaces.
2021-06-02 22:28:14,035 INFO org.springframework.boot.web.embedded.tomcat.TomcatWebServer [restartedMain] Tomcat initialized with port(s): 9090 (http)
2021-06-02 22:28:14,066 INFO org.apache.catalina.core.StandardService [restartedMain] Starting service [Tomcat]
2021-06-02 22:28:14,067 INFO org.apache.catalina.core.StandardEngine [restartedMain] Starting Servlet engine: [Apache Tomcat/9.0.45]
2021-06-02 22:28:14,288 INFO org.apache.catalina.core.ContainerBase.[Tomcat].[localhost].[/] [restartedMain] Initializing Spring embedded WebApplicationContext
2021-06-02 22:28:14,288 INFO org.springframework.boot.web.servlet.context.ServletWebServerApplicationContext [restartedMain] Root WebApplicationContext: initialization completed in 4413 ms
2021-06-02 22:28:15,402 INFO org.hibernate.jpa.internal.util.LogHelper [restartedMain] HHH000204: Processing PersistenceUnitInfo [name: default]
2021-06-02 22:28:16,164 INFO org.hibernate.Version [restartedMain] HHH000412: Hibernate ORM core version 5.4.30.Final
2021-06-02 22:28:16,920 INFO org.hibernate.annotations.common.Version [restartedMain] HCANN000001: Hibernate Commons Annotations {5.1.2.Final}
2021-06-02 22:28:17,712 INFO com.zaxxer.hikari.HikariDataSource [restartedMain] HikariPool-1 - Starting...
2021-06-02 22:28:18,215 INFO com.zaxxer.hikari.HikariDataSource [restartedMain] HikariPool-1 - Start completed.
2021-06-02 22:28:18,367 INFO org.hibernate.dialect.Dialect [restartedMain] HHH000400: Using dialect: org.hibernate.dialect.PostgreSQL10Dialect
2021-06-02 22:28:23,382 INFO org.hibernate.engine.transaction.jta.platform.internal.JtaPlatformInitiator [restartedMain] HHH000490: Using JtaPlatform implementation: [org.hibernate.engine.transaction.jta.platform.internal.NoJtaPlatform]
2021-06-02 22:28:23,461 INFO org.springframework.orm.jpa.LocalContainerEntityManagerFactoryBean [restartedMain] Initialized JPA EntityManagerFactory for persistence unit 'default'
2021-06-02 22:28:23,672 INFO org.springframework.boot.devtools.autoconfigure.OptionalLiveReloadServer [restartedMain] LiveReload server is running on port 35729
2021-06-02 22:28:28,412 WARN org.springframework.boot.autoconfigure.orm.jpa.JpaBaseConfiguration$JpaWebConfiguration [restartedMain] spring.jpa.open-in-view is enabled by default. Therefore, database queries may be performed during view rendering. Explicitly configure spring.jpa.open-in-view to disable this warning
2021-06-02 22:28:29,831 INFO springfox.documentation.spring.web.WebMvcPropertySourcedRequestMappingHandlerMapping [restartedMain] Mapped URL path [/v2/api-docs] onto method [springfox.documentation.swagger2.web.Swagger2ControllerWebMvc#getDocumentation(String, HttpServletRequest)]
2021-06-02 22:28:30,453 INFO org.springframework.scheduling.concurrent.ThreadPoolTaskExecutor [restartedMain] Initializing ExecutorService 'applicationTaskExecutor'
2021-06-02 22:28:31,824 INFO org.springframework.boot.web.embedded.tomcat.TomcatWebServer [restartedMain] Tomcat started on port(s): 9090 (http) with context path ''
2021-06-02 22:28:31,833 INFO springfox.documentation.spring.web.plugins.DocumentationPluginsBootstrapper [restartedMain] Documentation plugins bootstrapped
2021-06-02 22:28:31,838 INFO springfox.documentation.spring.web.plugins.DocumentationPluginsBootstrapper [restartedMain] Found 1 custom documentation plugin(s)
2021-06-02 22:28:31,983 INFO springfox.documentation.spring.web.scanners.ApiListingReferenceScanner [restartedMain] Scanning for api listing references
2021-06-02 22:28:32,713 INFO springfox.documentation.spring.web.readers.operation.CachingOperationNameGenerator [restartedMain] Generating unique operation named: findByIdUsingGET_1
2021-06-02 22:28:32,750 INFO springfox.documentation.spring.web.readers.operation.CachingOperationNameGenerator [restartedMain] Generating unique operation named: addUsingPOST_1
2021-06-02 22:28:32,759 INFO springfox.documentation.spring.web.readers.operation.CachingOperationNameGenerator [restartedMain] Generating unique operation named: findAllUsingGET_1
2021-06-02 22:28:33,027 INFO com.cg.creditcardpayment.CreditcardBillPaymentApplication [restartedMain] Started CreditcardBillPaymentApplication in 24.167 seconds (JVM running for 25.793)
2021-06-02 22:34:17,626 INFO org.apache.catalina.core.ContainerBase.[Tomcat].[localhost].[/] [http-nio-9090-exec-1] Initializing Spring DispatcherServlet 'dispatcherServlet'
2021-06-02 22:34:17,627 INFO org.springframework.web.servlet.DispatcherServlet [http-nio-9090-exec-1] Initializing Servlet 'dispatcherServlet'
2021-06-02 22:34:17,634 INFO org.springframework.web.servlet.DispatcherServlet [http-nio-9090-exec-1] Completed initialization in 6 ms
2021-06-02 22:34:17,880 INFO com.cg.creditcardpayment.controller.AccountController [http-nio-9090-exec-1] Called GET mapping getAllAccounts() method
2021-06-02 22:34:17,880 INFO com.cg.creditcardpayment.services.AccountServices [http-nio-9090-exec-1] Called getAllAccount() method of AccountServices
2021-06-02 22:34:37,651 INFO com.cg.creditcardpayment.controller.AccountController [http-nio-9090-exec-3] Called GET mapping getAllAccounts() method
2021-06-02 22:34:37,652 INFO com.cg.creditcardpayment.services.AccountServices [http-nio-9090-exec-3] Called getAllAccount() method of AccountServices
2021-06-02 22:49:23,788 INFO com.cg.creditcardpayment.controller.AccountController [http-nio-9090-exec-4] Called GET mapping getAllAccounts() method
2021-06-02 22:49:23,788 INFO com.cg.creditcardpayment.services.AccountServices [http-nio-9090-exec-4] Called getAllAccount() method of AccountServices
2021-06-02 22:49:39,723 INFO com.cg.creditcardpayment.services.AccountServices [http-nio-9090-exec-5] Called addAccount() method of AccountServices
2021-06-02 22:49:40,452 INFO com.cg.creditcardpayment.controller.AccountController [http-nio-9090-exec-8] Called GET mapping getAllAccounts() method
2021-06-02 22:49:40,453 INFO com.cg.creditcardpayment.services.AccountServices [http-nio-9090-exec-8] Called getAllAccount() method of AccountServices
2021-06-02 22:51:08,226 INFO com.cg.creditcardpayment.controller.AccountController [http-nio-9090-exec-9] Called GET mapping getAllAccounts() method
2021-06-02 22:51:08,226 INFO com.cg.creditcardpayment.services.AccountServices [http-nio-9090-exec-9] Called getAllAccount() method of AccountServices
2021-06-02 22:58:54,989 INFO com.cg.creditcardpayment.controller.AccountController [http-nio-9090-exec-1] Called GET mapping getAllAccounts() method
2021-06-02 22:58:54,990 INFO com.cg.creditcardpayment.services.AccountServices [http-nio-9090-exec-1] Called getAllAccount() method of AccountServices
2021-06-02 22:58:59,148 INFO com.cg.creditcardpayment.controller.AccountController [http-nio-9090-exec-3] Called GET mapping getAllAccounts() method
2021-06-02 22:58:59,148 INFO com.cg.creditcardpayment.services.AccountServices [http-nio-9090-exec-3] Called getAllAccount() method of AccountServices
2021-06-02 22:59:02,681 INFO com.cg.creditcardpayment.controller.AccountController [http-nio-9090-exec-2] Called GET mapping getAllAccounts() method
2021-06-02 22:59:02,681 INFO com.cg.creditcardpayment.services.AccountServices [http-nio-9090-exec-2] Called getAllAccount() method of AccountServices
2021-06-02 23:02:15,173 INFO com.cg.creditcardpayment.controller.AccountController [http-nio-9090-exec-7] Called GET mapping getAllAccounts() method
2021-06-02 23:02:15,173 INFO com.cg.creditcardpayment.services.AccountServices [http-nio-9090-exec-7] Called getAllAccount() method of AccountServices
2021-06-02 23:02:21,820 INFO com.cg.creditcardpayment.controller.AccountController [http-nio-9090-exec-5] Called GET mapping getAllAccounts() method
2021-06-02 23:02:21,821 INFO com.cg.creditcardpayment.services.AccountServices [http-nio-9090-exec-5] Called getAllAccount() method of AccountServices
2021-06-02 23:02:26,289 INFO com.cg.creditcardpayment.controller.AccountController [http-nio-9090-exec-8] Called GET mapping getAllAccounts() method
2021-06-02 23:02:26,289 INFO com.cg.creditcardpayment.services.AccountServices [http-nio-9090-exec-8] Called getAllAccount() method of AccountServices
2021-06-02 23:02:27,663 INFO com.cg.creditcardpayment.controller.AccountController [http-nio-9090-exec-6] Called GET mapping getAllAccounts() method
2021-06-02 23:02:27,664 INFO com.cg.creditcardpayment.services.AccountServices [http-nio-9090-exec-6] Called getAllAccount() method of AccountServices
2021-06-02 23:02:30,593 INFO com.cg.creditcardpayment.controller.AccountController [http-nio-9090-exec-9] Called GET mapping getAllAccounts() method
2021-06-02 23:02:30,593 INFO com.cg.creditcardpayment.services.AccountServices [http-nio-9090-exec-9] Called getAllAccount() method of AccountServices
2021-06-02 23:02:35,116 INFO com.cg.creditcardpayment.controller.AccountController [http-nio-9090-exec-10] Called GET mapping getAllAccounts() method
2021-06-02 23:02:35,117 INFO com.cg.creditcardpayment.services.AccountServices [http-nio-9090-exec-10] Called getAllAccount() method of AccountServices
2021-06-02 23:05:44,913 INFO com.cg.creditcardpayment.controller.AccountController [http-nio-9090-exec-3] Called GET mapping getAllAccounts() method
2021-06-02 23:05:44,914 INFO com.cg.creditcardpayment.services.AccountServices [http-nio-9090-exec-3] Called getAllAccount() method of AccountServices
2021-06-02 23:06:11,891 INFO com.cg.creditcardpayment.controller.AccountController [http-nio-9090-exec-2] Called GET mapping getAllAccounts() method
2021-06-02 23:06:11,892 INFO com.cg.creditcardpayment.services.AccountServices [http-nio-9090-exec-2] Called getAllAccount() method of AccountServices
2021-06-02 23:09:53,953 INFO com.cg.creditcardpayment.controller.AccountController [http-nio-9090-exec-7] Called GET mapping getAllAccounts() method
2021-06-02 23:09:53,954 INFO com.cg.creditcardpayment.services.AccountServices [http-nio-9090-exec-7] Called getAllAccount() method of AccountServices
2021-06-02 23:10:00,107 INFO com.cg.creditcardpayment.controller.AccountController [http-nio-9090-exec-5] Called GET mapping getAllAccounts() method
2021-06-02 23:10:00,108 INFO com.cg.creditcardpayment.services.AccountServices [http-nio-9090-exec-5] Called getAllAccount() method of AccountServices
2021-06-02 23:18:46,571 INFO com.cg.creditcardpayment.controller.AccountController [http-nio-9090-exec-6] Called GET mapping getAllAccounts() method
2021-06-02 23:18:46,572 INFO com.cg.creditcardpayment.services.AccountServices [http-nio-9090-exec-6] Called getAllAccount() method of AccountServices
2021-06-02 23:18:49,140 INFO com.cg.creditcardpayment.controller.AccountController [http-nio-9090-exec-9] Called GET mapping getAllAccounts() method
2021-06-02 23:18:49,140 INFO com.cg.creditcardpayment.services.AccountServices [http-nio-9090-exec-9] Called getAllAccount() method of AccountServices
2021-06-02 23:21:46,859 INFO com.cg.creditcardpayment.controller.AccountController [http-nio-9090-exec-1] Called GET mapping getAllAccounts() method
2021-06-02 23:21:46,860 INFO com.cg.creditcardpayment.services.AccountServices [http-nio-9090-exec-1] Called getAllAccount() method of AccountServices
2021-06-02 23:23:16,509 INFO com.cg.creditcardpayment.controller.AccountController [http-nio-9090-exec-2] Called GET mapping getAllAccounts() method
2021-06-02 23:23:16,510 INFO com.cg.creditcardpayment.services.AccountServices [http-nio-9090-exec-2] Called getAllAccount() method of AccountServices
2021-06-02 23:32:13,981 INFO com.cg.creditcardpayment.controller.AccountController [http-nio-9090-exec-7] Called GET mapping getAllAccounts() method
2021-06-02 23:32:13,982 INFO com.cg.creditcardpayment.services.AccountServices [http-nio-9090-exec-7] Called getAllAccount() method of AccountServices
2021-06-02 23:57:07,539 INFO com.cg.creditcardpayment.controller.AccountController [http-nio-9090-exec-8] Called GET mapping getAllAccounts() method
2021-06-02 23:57:07,540 INFO com.cg.creditcardpayment.services.AccountServices [http-nio-9090-exec-8] Called getAllAccount() method of AccountServices
