2021-06-05 03:57:41,304 WARN com.zaxxer.hikari.pool.HikariPool [HikariPool-1 housekeeper] HikariPool-1 - Thread starvation or clock leap detected (housekeeper delta=3h1m57s620ms664탎600ns).
2021-06-05 07:19:15,634 WARN com.zaxxer.hikari.pool.HikariPool [HikariPool-1 housekeeper] HikariPool-1 - Thread starvation or clock leap detected (housekeeper delta=3h1m57s114ms482탎100ns).
2021-06-05 08:13:53,596 WARN com.zaxxer.hikari.pool.HikariPool [HikariPool-1 housekeeper] HikariPool-1 - Thread starvation or clock leap detected (housekeeper delta=33m7s633ms117탎100ns).
2021-06-05 12:02:49,414 WARN com.zaxxer.hikari.pool.HikariPool [HikariPool-1 housekeeper] HikariPool-1 - Thread starvation or clock leap detected (housekeeper delta=17m18s946ms553탎400ns).
2021-06-05 12:08:28,638 INFO org.springframework.boot.admin.SpringApplicationAdminMXBeanRegistrar$SpringApplicationAdmin [RMI TCP Connection(1805)-127.0.0.1] Application shutdown requested.
2021-06-05 12:08:31,591 INFO org.springframework.scheduling.concurrent.ThreadPoolTaskExecutor [RMI TCP Connection(1805)-127.0.0.1] Shutting down ExecutorService 'applicationTaskExecutor'
2021-06-05 12:08:31,663 INFO org.springframework.orm.jpa.LocalContainerEntityManagerFactoryBean [RMI TCP Connection(1805)-127.0.0.1] Closing JPA EntityManagerFactory for persistence unit 'default'
2021-06-05 12:08:32,035 INFO com.zaxxer.hikari.HikariDataSource [RMI TCP Connection(1805)-127.0.0.1] HikariPool-1 - Shutdown initiated...
2021-06-05 12:08:32,150 INFO com.zaxxer.hikari.HikariDataSource [RMI TCP Connection(1805)-127.0.0.1] HikariPool-1 - Shutdown completed.
2021-06-05 22:24:14,447 INFO com.cg.creditcardpayment.CreditcardBillPaymentApplication [restartedMain] Starting CreditcardBillPaymentApplication using Java 15.0.2 on DESKTOP-88QC7I7 with PID 20664 (H:\CreditcardBillPayment\bin\main started by UJJAWAL in H:\CreditcardBillPayment)
2021-06-05 22:24:14,488 INFO com.cg.creditcardpayment.CreditcardBillPaymentApplication [restartedMain] No active profile set, falling back to default profiles: default
2021-06-05 22:24:14,698 INFO org.springframework.boot.devtools.env.DevToolsPropertyDefaultsPostProcessor [restartedMain] Devtools property defaults active! Set 'spring.devtools.add-properties' to 'false' to disable
2021-06-05 22:24:14,699 INFO org.springframework.boot.devtools.env.DevToolsPropertyDefaultsPostProcessor [restartedMain] For additional web related logging consider setting the 'logging.level.web' property to 'DEBUG'
2021-06-05 22:24:20,671 INFO org.springframework.data.repository.config.RepositoryConfigurationDelegate [restartedMain] Bootstrapping Spring Data JPA repositories in DEFAULT mode.
2021-06-05 22:24:21,443 INFO org.springframework.data.repository.config.RepositoryConfigurationDelegate [restartedMain] Finished Spring Data repository scanning in 730 ms. Found 7 JPA repository interfaces.
2021-06-05 22:24:24,140 INFO org.springframework.boot.web.embedded.tomcat.TomcatWebServer [restartedMain] Tomcat initialized with port(s): 9090 (http)
2021-06-05 22:24:24,182 INFO org.apache.catalina.core.StandardService [restartedMain] Starting service [Tomcat]
2021-06-05 22:24:24,182 INFO org.apache.catalina.core.StandardEngine [restartedMain] Starting Servlet engine: [Apache Tomcat/9.0.45]
2021-06-05 22:24:24,595 INFO org.apache.catalina.core.ContainerBase.[Tomcat].[localhost].[/] [restartedMain] Initializing Spring embedded WebApplicationContext
2021-06-05 22:24:24,595 INFO org.springframework.boot.web.servlet.context.ServletWebServerApplicationContext [restartedMain] Root WebApplicationContext: initialization completed in 9895 ms
2021-06-05 22:24:25,389 INFO org.hibernate.jpa.internal.util.LogHelper [restartedMain] HHH000204: Processing PersistenceUnitInfo [name: default]
2021-06-05 22:24:25,637 INFO org.hibernate.Version [restartedMain] HHH000412: Hibernate ORM core version 5.4.30.Final
2021-06-05 22:24:26,533 INFO org.hibernate.annotations.common.Version [restartedMain] HCANN000001: Hibernate Commons Annotations {5.1.2.Final}
2021-06-05 22:24:26,944 INFO com.zaxxer.hikari.HikariDataSource [restartedMain] HikariPool-1 - Starting...
2021-06-05 22:24:27,773 INFO com.zaxxer.hikari.HikariDataSource [restartedMain] HikariPool-1 - Start completed.
2021-06-05 22:24:27,847 INFO org.hibernate.dialect.Dialect [restartedMain] HHH000400: Using dialect: org.hibernate.dialect.PostgreSQL10Dialect
2021-06-05 22:24:33,589 INFO org.hibernate.engine.transaction.jta.platform.internal.JtaPlatformInitiator [restartedMain] HHH000490: Using JtaPlatform implementation: [org.hibernate.engine.transaction.jta.platform.internal.NoJtaPlatform]
2021-06-05 22:24:33,619 INFO org.springframework.orm.jpa.LocalContainerEntityManagerFactoryBean [restartedMain] Initialized JPA EntityManagerFactory for persistence unit 'default'
2021-06-05 22:24:33,765 INFO org.springframework.boot.devtools.autoconfigure.OptionalLiveReloadServer [restartedMain] LiveReload server is running on port 35729
2021-06-05 22:24:36,146 WARN org.springframework.boot.autoconfigure.orm.jpa.JpaBaseConfiguration$JpaWebConfiguration [restartedMain] spring.jpa.open-in-view is enabled by default. Therefore, database queries may be performed during view rendering. Explicitly configure spring.jpa.open-in-view to disable this warning
2021-06-05 22:24:37,555 INFO springfox.documentation.spring.web.WebMvcPropertySourcedRequestMappingHandlerMapping [restartedMain] Mapped URL path [/v2/api-docs] onto method [springfox.documentation.swagger2.web.Swagger2ControllerWebMvc#getDocumentation(String, HttpServletRequest)]
2021-06-05 22:24:38,206 INFO org.springframework.scheduling.concurrent.ThreadPoolTaskExecutor [restartedMain] Initializing ExecutorService 'applicationTaskExecutor'
2021-06-05 22:24:39,327 INFO org.springframework.boot.web.embedded.tomcat.TomcatWebServer [restartedMain] Tomcat started on port(s): 9090 (http) with context path ''
2021-06-05 22:24:39,329 INFO springfox.documentation.spring.web.plugins.DocumentationPluginsBootstrapper [restartedMain] Documentation plugins bootstrapped
2021-06-05 22:24:39,334 INFO springfox.documentation.spring.web.plugins.DocumentationPluginsBootstrapper [restartedMain] Found 1 custom documentation plugin(s)
2021-06-05 22:24:39,638 INFO springfox.documentation.spring.web.scanners.ApiListingReferenceScanner [restartedMain] Scanning for api listing references
2021-06-05 22:24:39,841 INFO org.apache.catalina.core.ContainerBase.[Tomcat].[localhost].[/] [http-nio-9090-exec-2] Initializing Spring DispatcherServlet 'dispatcherServlet'
2021-06-05 22:24:39,841 INFO org.springframework.web.servlet.DispatcherServlet [http-nio-9090-exec-2] Initializing Servlet 'dispatcherServlet'
2021-06-05 22:24:39,847 INFO org.springframework.web.servlet.DispatcherServlet [http-nio-9090-exec-2] Completed initialization in 6 ms
2021-06-05 22:24:40,016 INFO com.cg.creditcardpayment.controller.AccountController [http-nio-9090-exec-1] Called GET mapping getAllAccounts() method
2021-06-05 22:24:40,017 INFO com.cg.creditcardpayment.services.AccountServices [http-nio-9090-exec-1] Called getAllAccount() method of AccountServices
2021-06-05 22:24:40,670 INFO springfox.documentation.spring.web.readers.operation.CachingOperationNameGenerator [restartedMain] Generating unique operation named: findByIdUsingGET_1
2021-06-05 22:24:40,712 INFO springfox.documentation.spring.web.readers.operation.CachingOperationNameGenerator [restartedMain] Generating unique operation named: addUsingPOST_1
2021-06-05 22:24:40,721 INFO springfox.documentation.spring.web.readers.operation.CachingOperationNameGenerator [restartedMain] Generating unique operation named: findAllUsingGET_1
2021-06-05 22:24:41,072 INFO com.cg.creditcardpayment.CreditcardBillPaymentApplication [restartedMain] Started CreditcardBillPaymentApplication in 27.838 seconds (JVM running for 33.796)
2021-06-05 22:24:41,230 INFO com.cg.creditcardpayment.controller.AccountController [http-nio-9090-exec-3] Called GET mapping getAccount() method
2021-06-05 22:24:41,231 INFO com.cg.creditcardpayment.services.AccountServices [http-nio-9090-exec-3] Called getAccount() method of AccountServices
2021-06-05 22:24:41,262 INFO com.cg.creditcardpayment.exceptions.AccountNotFoundException [http-nio-9090-exec-3] Account not found
2021-06-05 22:24:41,274 WARN org.springframework.web.servlet.mvc.method.annotation.ExceptionHandlerExceptionResolver [http-nio-9090-exec-3] Resolved [Account not found]
2021-06-05 22:24:42,625 INFO com.cg.creditcardpayment.controller.AccountController [http-nio-9090-exec-4] Called GET mapping getAllAccounts() method
2021-06-05 22:24:42,625 INFO com.cg.creditcardpayment.services.AccountServices [http-nio-9090-exec-4] Called getAllAccount() method of AccountServices
2021-06-05 22:25:07,801 INFO com.cg.creditcardpayment.services.AccountServices [http-nio-9090-exec-5] Called addAccount() method of AccountServices
2021-06-05 22:25:08,219 INFO com.cg.creditcardpayment.controller.AccountController [http-nio-9090-exec-6] Called GET mapping getAllAccounts() method
2021-06-05 22:25:08,220 INFO com.cg.creditcardpayment.services.AccountServices [http-nio-9090-exec-6] Called getAllAccount() method of AccountServices
2021-06-05 22:37:30,437 INFO com.cg.creditcardpayment.controller.AccountController [http-nio-9090-exec-10] Called GET mapping getAllAccounts() method
2021-06-05 22:37:30,438 INFO com.cg.creditcardpayment.services.AccountServices [http-nio-9090-exec-10] Called getAllAccount() method of AccountServices
2021-06-05 22:37:33,281 INFO com.cg.creditcardpayment.controller.AccountController [http-nio-9090-exec-2] Called GET mapping getAccount() method
2021-06-05 22:37:33,282 INFO com.cg.creditcardpayment.services.AccountServices [http-nio-9090-exec-2] Called getAccount() method of AccountServices
2021-06-05 22:37:33,286 INFO com.cg.creditcardpayment.exceptions.AccountNotFoundException [http-nio-9090-exec-2] Account not found
2021-06-05 22:37:33,289 WARN org.springframework.web.servlet.mvc.method.annotation.ExceptionHandlerExceptionResolver [http-nio-9090-exec-2] Resolved [Account not found]
