2021-05-25 00:16:09,918 WARN com.zaxxer.hikari.pool.HikariPool [HikariPool-1 housekeeper] HikariPool-1 - Thread starvation or clock leap detected (housekeeper delta=3h1m57s996ms42탎300ns).
2021-05-25 03:37:38,421 WARN com.zaxxer.hikari.pool.HikariPool [HikariPool-1 housekeeper] HikariPool-1 - Thread starvation or clock leap detected (housekeeper delta=3h1m57s64ms632탎).
2021-05-25 06:59:35,691 WARN com.zaxxer.hikari.pool.HikariPool [HikariPool-1 housekeeper] HikariPool-1 - Thread starvation or clock leap detected (housekeeper delta=3h1m56s988ms548탎300ns).
2021-05-25 08:34:26,285 WARN com.zaxxer.hikari.pool.HikariPool [HikariPool-1 housekeeper] HikariPool-1 - Thread starvation or clock leap detected (housekeeper delta=1h14m49s829ms592탎).
2021-05-25 11:48:59,627 WARN com.zaxxer.hikari.pool.HikariPool [HikariPool-1 housekeeper] HikariPool-1 - Thread starvation or clock leap detected (housekeeper delta=13m59s599ms850탎100ns).
2021-05-25 15:06:41,740 WARN com.zaxxer.hikari.pool.HikariPool [HikariPool-1 housekeeper] HikariPool-1 - Thread starvation or clock leap detected (housekeeper delta=2h37m5s913ms428탎400ns).
2021-05-25 15:17:14,947 INFO org.springframework.scheduling.concurrent.ThreadPoolTaskExecutor [Thread-5] Shutting down ExecutorService 'applicationTaskExecutor'
2021-05-25 15:17:15,127 INFO org.springframework.orm.jpa.LocalContainerEntityManagerFactoryBean [Thread-5] Closing JPA EntityManagerFactory for persistence unit 'default'
2021-05-25 15:17:16,140 INFO com.zaxxer.hikari.HikariDataSource [Thread-5] HikariPool-1 - Shutdown initiated...
2021-05-25 15:17:16,374 INFO com.zaxxer.hikari.HikariDataSource [Thread-5] HikariPool-1 - Shutdown completed.
2021-05-25 15:17:20,554 INFO com.cg.creditcardpayment.CreditcardBillPaymentApplication [restartedMain] Starting CreditcardBillPaymentApplication using Java 15.0.2 on DESKTOP-88QC7I7 with PID 8 (H:\CreditcardBillPayment\bin\main started by UJJAWAL in H:\CreditcardBillPayment)
2021-05-25 15:17:20,555 INFO com.cg.creditcardpayment.CreditcardBillPaymentApplication [restartedMain] No active profile set, falling back to default profiles: default
2021-05-25 15:17:24,981 INFO org.springframework.data.repository.config.RepositoryConfigurationDelegate [restartedMain] Bootstrapping Spring Data JPA repositories in DEFAULT mode.
2021-05-25 15:17:25,078 INFO org.springframework.data.repository.config.RepositoryConfigurationDelegate [restartedMain] Finished Spring Data repository scanning in 95 ms. Found 7 JPA repository interfaces.
2021-05-25 15:17:25,755 INFO org.springframework.boot.web.embedded.tomcat.TomcatWebServer [restartedMain] Tomcat initialized with port(s): 9090 (http)
2021-05-25 15:17:25,756 INFO org.apache.catalina.core.StandardService [restartedMain] Starting service [Tomcat]
2021-05-25 15:17:25,757 INFO org.apache.catalina.core.StandardEngine [restartedMain] Starting Servlet engine: [Apache Tomcat/9.0.45]
2021-05-25 15:17:25,812 INFO org.apache.catalina.core.ContainerBase.[Tomcat].[localhost].[/] [restartedMain] Initializing Spring embedded WebApplicationContext
2021-05-25 15:17:25,813 INFO org.springframework.boot.web.servlet.context.ServletWebServerApplicationContext [restartedMain] Root WebApplicationContext: initialization completed in 5248 ms
2021-05-25 15:17:25,935 INFO org.hibernate.jpa.internal.util.LogHelper [restartedMain] HHH000204: Processing PersistenceUnitInfo [name: default]
2021-05-25 15:17:25,976 INFO com.zaxxer.hikari.HikariDataSource [restartedMain] HikariPool-2 - Starting...
2021-05-25 15:17:26,049 INFO com.zaxxer.hikari.HikariDataSource [restartedMain] HikariPool-2 - Start completed.
2021-05-25 15:17:26,072 INFO org.hibernate.dialect.Dialect [restartedMain] HHH000400: Using dialect: org.hibernate.dialect.PostgreSQL10Dialect
2021-05-25 15:17:28,644 INFO org.hibernate.engine.transaction.jta.platform.internal.JtaPlatformInitiator [restartedMain] HHH000490: Using JtaPlatform implementation: [org.hibernate.engine.transaction.jta.platform.internal.NoJtaPlatform]
2021-05-25 15:17:28,646 INFO org.springframework.orm.jpa.LocalContainerEntityManagerFactoryBean [restartedMain] Initialized JPA EntityManagerFactory for persistence unit 'default'
2021-05-25 15:17:28,699 INFO org.springframework.boot.devtools.autoconfigure.OptionalLiveReloadServer [restartedMain] LiveReload server is running on port 35729
2021-05-25 15:17:29,459 WARN org.springframework.boot.autoconfigure.orm.jpa.JpaBaseConfiguration$JpaWebConfiguration [restartedMain] spring.jpa.open-in-view is enabled by default. Therefore, database queries may be performed during view rendering. Explicitly configure spring.jpa.open-in-view to disable this warning
2021-05-25 15:17:29,820 INFO springfox.documentation.spring.web.WebMvcPropertySourcedRequestMappingHandlerMapping [restartedMain] Mapped URL path [/v2/api-docs] onto method [springfox.documentation.swagger2.web.Swagger2ControllerWebMvc#getDocumentation(String, HttpServletRequest)]
2021-05-25 15:17:30,147 INFO org.springframework.scheduling.concurrent.ThreadPoolTaskExecutor [restartedMain] Initializing ExecutorService 'applicationTaskExecutor'
2021-05-25 15:17:30,660 INFO org.springframework.boot.web.embedded.tomcat.TomcatWebServer [restartedMain] Tomcat started on port(s): 9090 (http) with context path ''
2021-05-25 15:17:30,661 INFO springfox.documentation.spring.web.plugins.DocumentationPluginsBootstrapper [restartedMain] Documentation plugins bootstrapped
2021-05-25 15:17:30,662 INFO springfox.documentation.spring.web.plugins.DocumentationPluginsBootstrapper [restartedMain] Found 1 custom documentation plugin(s)
2021-05-25 15:17:30,708 INFO springfox.documentation.spring.web.scanners.ApiListingReferenceScanner [restartedMain] Scanning for api listing references
2021-05-25 15:17:31,129 INFO springfox.documentation.spring.web.readers.operation.CachingOperationNameGenerator [restartedMain] Generating unique operation named: findByIdUsingGET_1
2021-05-25 15:17:31,236 INFO springfox.documentation.spring.web.readers.operation.CachingOperationNameGenerator [restartedMain] Generating unique operation named: addUsingPOST_1
2021-05-25 15:17:31,251 INFO springfox.documentation.spring.web.readers.operation.CachingOperationNameGenerator [restartedMain] Generating unique operation named: findAllUsingGET_1
2021-05-25 15:17:31,590 INFO com.cg.creditcardpayment.CreditcardBillPaymentApplication [restartedMain] Started CreditcardBillPaymentApplication in 11.609 seconds (JVM running for 75347.406)
2021-05-25 15:17:31,597 INFO org.springframework.boot.devtools.autoconfigure.ConditionEvaluationDeltaLoggingListener [restartedMain] Condition evaluation unchanged
2021-05-25 15:17:49,186 INFO org.apache.catalina.core.ContainerBase.[Tomcat].[localhost].[/] [http-nio-9090-exec-1] Initializing Spring DispatcherServlet 'dispatcherServlet'
2021-05-25 15:17:49,188 INFO org.springframework.web.servlet.DispatcherServlet [http-nio-9090-exec-1] Initializing Servlet 'dispatcherServlet'
2021-05-25 15:17:49,194 INFO org.springframework.web.servlet.DispatcherServlet [http-nio-9090-exec-1] Completed initialization in 6 ms
2021-05-25 15:21:13,795 INFO com.cg.creditcardpayment.controller.TransactionController [http-nio-9090-exec-7] Called GET mapping getAllTransactions() method
2021-05-25 15:21:13,795 INFO com.cg.creditcardpayment.services.TransactionServices [http-nio-9090-exec-7] Called getAllTransactions() method of TransactionServices
2021-05-25 15:27:20,327 WARN org.springframework.web.servlet.mvc.method.annotation.ExceptionHandlerExceptionResolver [http-nio-9090-exec-10] Resolved [org.springframework.http.converter.HttpMessageNotReadableException: JSON parse error: Cannot deserialize instance of `java.lang.Long` out of START_OBJECT token; nested exception is com.fasterxml.jackson.databind.exc.MismatchedInputException: Cannot deserialize instance of `java.lang.Long` out of START_OBJECT token
 at [Source: (PushbackInputStream); line: 1, column: 1]]
2021-05-25 15:27:50,145 WARN org.springframework.web.servlet.mvc.method.annotation.ExceptionHandlerExceptionResolver [http-nio-9090-exec-1] Resolved [org.springframework.http.converter.HttpMessageNotReadableException: JSON parse error: Cannot deserialize instance of `java.lang.Long` out of START_OBJECT token; nested exception is com.fasterxml.jackson.databind.exc.MismatchedInputException: Cannot deserialize instance of `java.lang.Long` out of START_OBJECT token
 at [Source: (PushbackInputStream); line: 1, column: 1]]
2021-05-25 15:29:44,383 WARN org.springframework.web.servlet.mvc.method.annotation.ExceptionHandlerExceptionResolver [http-nio-9090-exec-3] Resolved [org.springframework.http.converter.HttpMessageNotReadableException: JSON parse error: Cannot deserialize instance of `java.lang.Long` out of START_OBJECT token; nested exception is com.fasterxml.jackson.databind.exc.MismatchedInputException: Cannot deserialize instance of `java.lang.Long` out of START_OBJECT token
 at [Source: (PushbackInputStream); line: 1, column: 1]]
2021-05-25 15:29:54,106 WARN org.springframework.web.servlet.mvc.method.annotation.ExceptionHandlerExceptionResolver [http-nio-9090-exec-5] Resolved [org.springframework.http.converter.HttpMessageNotReadableException: JSON parse error: Cannot deserialize instance of `java.lang.Long` out of START_OBJECT token; nested exception is com.fasterxml.jackson.databind.exc.MismatchedInputException: Cannot deserialize instance of `java.lang.Long` out of START_OBJECT token
 at [Source: (PushbackInputStream); line: 1, column: 1]]
2021-05-25 15:32:23,202 WARN org.springframework.web.servlet.mvc.method.annotation.ExceptionHandlerExceptionResolver [http-nio-9090-exec-8] Resolved [org.springframework.http.converter.HttpMessageNotReadableException: JSON parse error: Cannot deserialize instance of `java.lang.Long` out of START_OBJECT token; nested exception is com.fasterxml.jackson.databind.exc.MismatchedInputException: Cannot deserialize instance of `java.lang.Long` out of START_OBJECT token
 at [Source: (PushbackInputStream); line: 1, column: 1]]
2021-05-25 15:32:31,113 INFO com.cg.creditcardpayment.controller.TransactionController [http-nio-9090-exec-9] Called GET mapping getTransactionDetailById() method
2021-05-25 15:32:31,113 INFO com.cg.creditcardpayment.services.TransactionServices [http-nio-9090-exec-9] Called getTransactionDetailById() method of TransactionServices
2021-05-25 15:33:46,368 INFO com.cg.creditcardpayment.controller.TransactionController [http-nio-9090-exec-2] Called GET mapping getTransactionDetailById() method
2021-05-25 15:33:46,368 INFO com.cg.creditcardpayment.services.TransactionServices [http-nio-9090-exec-2] Called getTransactionDetailById() method of TransactionServices
2021-05-25 15:33:46,372 INFO com.cg.creditcardpayment.exceptions.TransactionException [http-nio-9090-exec-2] Transaction with Transaction Id 2 Does not Exists
2021-05-25 15:33:46,375 WARN org.springframework.web.servlet.mvc.method.annotation.ExceptionHandlerExceptionResolver [http-nio-9090-exec-2] Resolved [Transaction with Transaction Id 2 Does not Exists]
2021-05-25 15:35:43,149 INFO org.springframework.scheduling.concurrent.ThreadPoolTaskExecutor [Thread-10] Shutting down ExecutorService 'applicationTaskExecutor'
2021-05-25 15:35:43,157 INFO org.springframework.orm.jpa.LocalContainerEntityManagerFactoryBean [Thread-10] Closing JPA EntityManagerFactory for persistence unit 'default'
2021-05-25 15:35:43,159 INFO com.zaxxer.hikari.HikariDataSource [Thread-10] HikariPool-2 - Shutdown initiated...
2021-05-25 15:35:43,163 INFO com.zaxxer.hikari.HikariDataSource [Thread-10] HikariPool-2 - Shutdown completed.
2021-05-25 15:35:43,351 INFO com.cg.creditcardpayment.CreditcardBillPaymentApplication [restartedMain] Starting CreditcardBillPaymentApplication using Java 15.0.2 on DESKTOP-88QC7I7 with PID 8 (H:\CreditcardBillPayment\bin\main started by UJJAWAL in H:\CreditcardBillPayment)
2021-05-25 15:35:43,352 INFO com.cg.creditcardpayment.CreditcardBillPaymentApplication [restartedMain] No active profile set, falling back to default profiles: default
2021-05-25 15:35:43,828 INFO org.springframework.data.repository.config.RepositoryConfigurationDelegate [restartedMain] Bootstrapping Spring Data JPA repositories in DEFAULT mode.
2021-05-25 15:35:43,887 INFO org.springframework.data.repository.config.RepositoryConfigurationDelegate [restartedMain] Finished Spring Data repository scanning in 58 ms. Found 7 JPA repository interfaces.
2021-05-25 15:35:44,139 INFO org.springframework.boot.web.embedded.tomcat.TomcatWebServer [restartedMain] Tomcat initialized with port(s): 9090 (http)
2021-05-25 15:35:44,140 INFO org.apache.catalina.core.StandardService [restartedMain] Starting service [Tomcat]
2021-05-25 15:35:44,141 INFO org.apache.catalina.core.StandardEngine [restartedMain] Starting Servlet engine: [Apache Tomcat/9.0.45]
2021-05-25 15:35:44,211 INFO org.apache.catalina.core.ContainerBase.[Tomcat].[localhost].[/] [restartedMain] Initializing Spring embedded WebApplicationContext
2021-05-25 15:35:44,211 INFO org.springframework.boot.web.servlet.context.ServletWebServerApplicationContext [restartedMain] Root WebApplicationContext: initialization completed in 855 ms
2021-05-25 15:35:44,304 INFO org.hibernate.jpa.internal.util.LogHelper [restartedMain] HHH000204: Processing PersistenceUnitInfo [name: default]
2021-05-25 15:35:44,309 INFO com.zaxxer.hikari.HikariDataSource [restartedMain] HikariPool-3 - Starting...
2021-05-25 15:35:44,489 INFO com.zaxxer.hikari.HikariDataSource [restartedMain] HikariPool-3 - Start completed.
2021-05-25 15:35:44,490 INFO org.hibernate.dialect.Dialect [restartedMain] HHH000400: Using dialect: org.hibernate.dialect.PostgreSQL10Dialect
2021-05-25 15:35:45,252 INFO org.hibernate.engine.transaction.jta.platform.internal.JtaPlatformInitiator [restartedMain] HHH000490: Using JtaPlatform implementation: [org.hibernate.engine.transaction.jta.platform.internal.NoJtaPlatform]
2021-05-25 15:35:45,253 INFO org.springframework.orm.jpa.LocalContainerEntityManagerFactoryBean [restartedMain] Initialized JPA EntityManagerFactory for persistence unit 'default'
2021-05-25 15:35:45,278 INFO org.springframework.boot.devtools.autoconfigure.OptionalLiveReloadServer [restartedMain] LiveReload server is running on port 35729
2021-05-25 15:35:45,627 WARN org.springframework.boot.autoconfigure.orm.jpa.JpaBaseConfiguration$JpaWebConfiguration [restartedMain] spring.jpa.open-in-view is enabled by default. Therefore, database queries may be performed during view rendering. Explicitly configure spring.jpa.open-in-view to disable this warning
2021-05-25 15:35:45,706 INFO springfox.documentation.spring.web.WebMvcPropertySourcedRequestMappingHandlerMapping [restartedMain] Mapped URL path [/v2/api-docs] onto method [springfox.documentation.swagger2.web.Swagger2ControllerWebMvc#getDocumentation(String, HttpServletRequest)]
2021-05-25 15:35:45,751 INFO org.springframework.scheduling.concurrent.ThreadPoolTaskExecutor [restartedMain] Initializing ExecutorService 'applicationTaskExecutor'
2021-05-25 15:35:45,910 INFO org.springframework.boot.web.embedded.tomcat.TomcatWebServer [restartedMain] Tomcat started on port(s): 9090 (http) with context path ''
2021-05-25 15:35:45,910 INFO springfox.documentation.spring.web.plugins.DocumentationPluginsBootstrapper [restartedMain] Documentation plugins bootstrapped
2021-05-25 15:35:45,911 INFO springfox.documentation.spring.web.plugins.DocumentationPluginsBootstrapper [restartedMain] Found 1 custom documentation plugin(s)
2021-05-25 15:35:45,970 INFO springfox.documentation.spring.web.scanners.ApiListingReferenceScanner [restartedMain] Scanning for api listing references
2021-05-25 15:35:46,266 INFO springfox.documentation.spring.web.readers.operation.CachingOperationNameGenerator [restartedMain] Generating unique operation named: findByIdUsingGET_1
2021-05-25 15:35:46,294 INFO springfox.documentation.spring.web.readers.operation.CachingOperationNameGenerator [restartedMain] Generating unique operation named: addUsingPOST_1
2021-05-25 15:35:46,303 INFO springfox.documentation.spring.web.readers.operation.CachingOperationNameGenerator [restartedMain] Generating unique operation named: findAllUsingGET_1
2021-05-25 15:35:46,494 INFO com.cg.creditcardpayment.CreditcardBillPaymentApplication [restartedMain] Started CreditcardBillPaymentApplication in 3.223 seconds (JVM running for 76442.31)
2021-05-25 15:35:46,498 INFO org.springframework.boot.devtools.autoconfigure.ConditionEvaluationDeltaLoggingListener [restartedMain] Condition evaluation unchanged
2021-05-25 15:35:56,701 INFO org.apache.catalina.core.ContainerBase.[Tomcat].[localhost].[/] [http-nio-9090-exec-1] Initializing Spring DispatcherServlet 'dispatcherServlet'
2021-05-25 15:35:56,702 INFO org.springframework.web.servlet.DispatcherServlet [http-nio-9090-exec-1] Initializing Servlet 'dispatcherServlet'
2021-05-25 15:35:56,706 INFO org.springframework.web.servlet.DispatcherServlet [http-nio-9090-exec-1] Completed initialization in 4 ms
2021-05-25 15:36:42,349 INFO com.cg.creditcardpayment.controller.TransactionController [http-nio-9090-exec-7] Called DELETE mapping removeTransaction() method
2021-05-25 15:36:42,350 INFO com.cg.creditcardpayment.services.TransactionServices [http-nio-9090-exec-7] Called getTransactionDetailById() method of TransactionServices
2021-05-25 15:36:42,377 INFO com.cg.creditcardpayment.services.TransactionServices [http-nio-9090-exec-7] Called removeTransactionById() method of TransactionServices
2021-05-25 15:37:51,410 INFO org.springframework.boot.admin.SpringApplicationAdminMXBeanRegistrar$SpringApplicationAdmin [RMI TCP Connection(420)-127.0.0.1] Application shutdown requested.
2021-05-25 15:37:51,460 INFO org.springframework.scheduling.concurrent.ThreadPoolTaskExecutor [RMI TCP Connection(420)-127.0.0.1] Shutting down ExecutorService 'applicationTaskExecutor'
2021-05-25 15:37:51,470 INFO org.springframework.orm.jpa.LocalContainerEntityManagerFactoryBean [RMI TCP Connection(420)-127.0.0.1] Closing JPA EntityManagerFactory for persistence unit 'default'
2021-05-25 15:37:51,473 INFO com.zaxxer.hikari.HikariDataSource [RMI TCP Connection(420)-127.0.0.1] HikariPool-3 - Shutdown initiated...
2021-05-25 15:37:51,476 INFO com.zaxxer.hikari.HikariDataSource [RMI TCP Connection(420)-127.0.0.1] HikariPool-3 - Shutdown completed.
2021-05-25 15:38:00,245 INFO com.cg.creditcardpayment.CreditcardBillPaymentApplication [restartedMain] Starting CreditcardBillPaymentApplication using Java 15.0.2 on DESKTOP-88QC7I7 with PID 6936 (H:\CreditcardBillPayment\bin\main started by UJJAWAL in H:\CreditcardBillPayment)
2021-05-25 15:38:00,248 INFO com.cg.creditcardpayment.CreditcardBillPaymentApplication [restartedMain] No active profile set, falling back to default profiles: default
2021-05-25 15:38:00,311 INFO org.springframework.boot.devtools.env.DevToolsPropertyDefaultsPostProcessor [restartedMain] Devtools property defaults active! Set 'spring.devtools.add-properties' to 'false' to disable
2021-05-25 15:38:00,311 INFO org.springframework.boot.devtools.env.DevToolsPropertyDefaultsPostProcessor [restartedMain] For additional web related logging consider setting the 'logging.level.web' property to 'DEBUG'
2021-05-25 15:38:01,340 INFO org.springframework.data.repository.config.RepositoryConfigurationDelegate [restartedMain] Bootstrapping Spring Data JPA repositories in DEFAULT mode.
2021-05-25 15:38:01,401 INFO org.springframework.data.repository.config.RepositoryConfigurationDelegate [restartedMain] Finished Spring Data repository scanning in 56 ms. Found 7 JPA repository interfaces.
2021-05-25 15:38:02,090 INFO org.springframework.boot.web.embedded.tomcat.TomcatWebServer [restartedMain] Tomcat initialized with port(s): 9090 (http)
2021-05-25 15:38:02,101 INFO org.apache.catalina.core.StandardService [restartedMain] Starting service [Tomcat]
2021-05-25 15:38:02,101 INFO org.apache.catalina.core.StandardEngine [restartedMain] Starting Servlet engine: [Apache Tomcat/9.0.45]
2021-05-25 15:38:02,265 INFO org.apache.catalina.core.ContainerBase.[Tomcat].[localhost].[/] [restartedMain] Initializing Spring embedded WebApplicationContext
2021-05-25 15:38:02,265 INFO org.springframework.boot.web.servlet.context.ServletWebServerApplicationContext [restartedMain] Root WebApplicationContext: initialization completed in 1953 ms
2021-05-25 15:38:02,502 INFO org.hibernate.jpa.internal.util.LogHelper [restartedMain] HHH000204: Processing PersistenceUnitInfo [name: default]
2021-05-25 15:38:02,546 INFO org.hibernate.Version [restartedMain] HHH000412: Hibernate ORM core version 5.4.30.Final
2021-05-25 15:38:02,645 INFO org.hibernate.annotations.common.Version [restartedMain] HCANN000001: Hibernate Commons Annotations {5.1.2.Final}
2021-05-25 15:38:02,722 INFO com.zaxxer.hikari.HikariDataSource [restartedMain] HikariPool-1 - Starting...
2021-05-25 15:38:02,831 INFO com.zaxxer.hikari.HikariDataSource [restartedMain] HikariPool-1 - Start completed.
2021-05-25 15:38:02,892 INFO org.hibernate.dialect.Dialect [restartedMain] HHH000400: Using dialect: org.hibernate.dialect.PostgreSQL10Dialect
2021-05-25 15:38:04,112 INFO org.hibernate.engine.transaction.jta.platform.internal.JtaPlatformInitiator [restartedMain] HHH000490: Using JtaPlatform implementation: [org.hibernate.engine.transaction.jta.platform.internal.NoJtaPlatform]
2021-05-25 15:38:04,121 INFO org.springframework.orm.jpa.LocalContainerEntityManagerFactoryBean [restartedMain] Initialized JPA EntityManagerFactory for persistence unit 'default'
2021-05-25 15:38:04,180 INFO org.springframework.boot.devtools.autoconfigure.OptionalLiveReloadServer [restartedMain] LiveReload server is running on port 35729
2021-05-25 15:38:05,118 WARN org.springframework.boot.autoconfigure.orm.jpa.JpaBaseConfiguration$JpaWebConfiguration [restartedMain] spring.jpa.open-in-view is enabled by default. Therefore, database queries may be performed during view rendering. Explicitly configure spring.jpa.open-in-view to disable this warning
2021-05-25 15:38:05,576 INFO springfox.documentation.spring.web.WebMvcPropertySourcedRequestMappingHandlerMapping [restartedMain] Mapped URL path [/v2/api-docs] onto method [springfox.documentation.swagger2.web.Swagger2ControllerWebMvc#getDocumentation(String, HttpServletRequest)]
2021-05-25 15:38:05,699 INFO org.springframework.scheduling.concurrent.ThreadPoolTaskExecutor [restartedMain] Initializing ExecutorService 'applicationTaskExecutor'
2021-05-25 15:38:06,067 INFO org.springframework.boot.web.embedded.tomcat.TomcatWebServer [restartedMain] Tomcat started on port(s): 9090 (http) with context path ''
2021-05-25 15:38:06,068 INFO springfox.documentation.spring.web.plugins.DocumentationPluginsBootstrapper [restartedMain] Documentation plugins bootstrapped
2021-05-25 15:38:06,071 INFO springfox.documentation.spring.web.plugins.DocumentationPluginsBootstrapper [restartedMain] Found 1 custom documentation plugin(s)
2021-05-25 15:38:06,130 INFO springfox.documentation.spring.web.scanners.ApiListingReferenceScanner [restartedMain] Scanning for api listing references
2021-05-25 15:38:06,611 INFO springfox.documentation.spring.web.readers.operation.CachingOperationNameGenerator [restartedMain] Generating unique operation named: findByIdUsingGET_1
2021-05-25 15:38:06,648 INFO springfox.documentation.spring.web.readers.operation.CachingOperationNameGenerator [restartedMain] Generating unique operation named: addUsingPOST_1
2021-05-25 15:38:06,659 INFO springfox.documentation.spring.web.readers.operation.CachingOperationNameGenerator [restartedMain] Generating unique operation named: findAllUsingGET_1
2021-05-25 15:38:06,891 INFO com.cg.creditcardpayment.CreditcardBillPaymentApplication [restartedMain] Started CreditcardBillPaymentApplication in 7.016 seconds (JVM running for 7.833)
2021-05-25 15:38:39,467 INFO org.springframework.boot.admin.SpringApplicationAdminMXBeanRegistrar$SpringApplicationAdmin [RMI TCP Connection(4)-127.0.0.1] Application shutdown requested.
2021-05-25 15:38:39,543 INFO org.springframework.scheduling.concurrent.ThreadPoolTaskExecutor [RMI TCP Connection(4)-127.0.0.1] Shutting down ExecutorService 'applicationTaskExecutor'
2021-05-25 15:38:39,564 INFO org.springframework.orm.jpa.LocalContainerEntityManagerFactoryBean [RMI TCP Connection(4)-127.0.0.1] Closing JPA EntityManagerFactory for persistence unit 'default'
2021-05-25 15:38:39,573 INFO com.zaxxer.hikari.HikariDataSource [RMI TCP Connection(4)-127.0.0.1] HikariPool-1 - Shutdown initiated...
2021-05-25 15:38:39,582 INFO com.zaxxer.hikari.HikariDataSource [RMI TCP Connection(4)-127.0.0.1] HikariPool-1 - Shutdown completed.
2021-05-25 15:38:44,420 INFO com.cg.creditcardpayment.CreditcardBillPaymentApplication [restartedMain] Starting CreditcardBillPaymentApplication using Java 15.0.2 on DESKTOP-88QC7I7 with PID 9440 (H:\CreditcardBillPayment\bin\main started by UJJAWAL in H:\CreditcardBillPayment)
2021-05-25 15:38:44,422 INFO com.cg.creditcardpayment.CreditcardBillPaymentApplication [restartedMain] No active profile set, falling back to default profiles: default
2021-05-25 15:38:44,501 INFO org.springframework.boot.devtools.env.DevToolsPropertyDefaultsPostProcessor [restartedMain] Devtools property defaults active! Set 'spring.devtools.add-properties' to 'false' to disable
2021-05-25 15:38:44,502 INFO org.springframework.boot.devtools.env.DevToolsPropertyDefaultsPostProcessor [restartedMain] For additional web related logging consider setting the 'logging.level.web' property to 'DEBUG'
2021-05-25 15:38:45,582 INFO org.springframework.data.repository.config.RepositoryConfigurationDelegate [restartedMain] Bootstrapping Spring Data JPA repositories in DEFAULT mode.
2021-05-25 15:38:45,654 INFO org.springframework.data.repository.config.RepositoryConfigurationDelegate [restartedMain] Finished Spring Data repository scanning in 64 ms. Found 7 JPA repository interfaces.
2021-05-25 15:38:46,225 INFO org.springframework.boot.web.embedded.tomcat.TomcatWebServer [restartedMain] Tomcat initialized with port(s): 9090 (http)
2021-05-25 15:38:46,240 INFO org.apache.catalina.core.StandardService [restartedMain] Starting service [Tomcat]
2021-05-25 15:38:46,240 INFO org.apache.catalina.core.StandardEngine [restartedMain] Starting Servlet engine: [Apache Tomcat/9.0.45]
2021-05-25 15:38:46,577 INFO org.apache.catalina.core.ContainerBase.[Tomcat].[localhost].[/] [restartedMain] Initializing Spring embedded WebApplicationContext
2021-05-25 15:38:46,577 INFO org.springframework.boot.web.servlet.context.ServletWebServerApplicationContext [restartedMain] Root WebApplicationContext: initialization completed in 2074 ms
2021-05-25 15:38:46,873 INFO org.hibernate.jpa.internal.util.LogHelper [restartedMain] HHH000204: Processing PersistenceUnitInfo [name: default]
2021-05-25 15:38:46,931 INFO org.hibernate.Version [restartedMain] HHH000412: Hibernate ORM core version 5.4.30.Final
2021-05-25 15:38:47,114 INFO org.hibernate.annotations.common.Version [restartedMain] HCANN000001: Hibernate Commons Annotations {5.1.2.Final}
2021-05-25 15:38:47,258 INFO com.zaxxer.hikari.HikariDataSource [restartedMain] HikariPool-1 - Starting...
2021-05-25 15:38:47,413 INFO com.zaxxer.hikari.HikariDataSource [restartedMain] HikariPool-1 - Start completed.
2021-05-25 15:38:47,454 INFO org.hibernate.dialect.Dialect [restartedMain] HHH000400: Using dialect: org.hibernate.dialect.PostgreSQL10Dialect
2021-05-25 15:38:48,764 INFO org.hibernate.engine.transaction.jta.platform.internal.JtaPlatformInitiator [restartedMain] HHH000490: Using JtaPlatform implementation: [org.hibernate.engine.transaction.jta.platform.internal.NoJtaPlatform]
2021-05-25 15:38:48,770 INFO org.springframework.orm.jpa.LocalContainerEntityManagerFactoryBean [restartedMain] Initialized JPA EntityManagerFactory for persistence unit 'default'
2021-05-25 15:38:48,827 INFO org.springframework.boot.devtools.autoconfigure.OptionalLiveReloadServer [restartedMain] LiveReload server is running on port 35729
2021-05-25 15:38:49,655 WARN org.springframework.boot.autoconfigure.orm.jpa.JpaBaseConfiguration$JpaWebConfiguration [restartedMain] spring.jpa.open-in-view is enabled by default. Therefore, database queries may be performed during view rendering. Explicitly configure spring.jpa.open-in-view to disable this warning
2021-05-25 15:38:50,039 INFO springfox.documentation.spring.web.WebMvcPropertySourcedRequestMappingHandlerMapping [restartedMain] Mapped URL path [/v2/api-docs] onto method [springfox.documentation.swagger2.web.Swagger2ControllerWebMvc#getDocumentation(String, HttpServletRequest)]
2021-05-25 15:38:50,207 INFO org.springframework.scheduling.concurrent.ThreadPoolTaskExecutor [restartedMain] Initializing ExecutorService 'applicationTaskExecutor'
2021-05-25 15:38:50,709 INFO org.springframework.boot.web.embedded.tomcat.TomcatWebServer [restartedMain] Tomcat started on port(s): 9090 (http) with context path ''
2021-05-25 15:38:50,710 INFO springfox.documentation.spring.web.plugins.DocumentationPluginsBootstrapper [restartedMain] Documentation plugins bootstrapped
2021-05-25 15:38:50,715 INFO springfox.documentation.spring.web.plugins.DocumentationPluginsBootstrapper [restartedMain] Found 1 custom documentation plugin(s)
2021-05-25 15:38:50,813 INFO springfox.documentation.spring.web.scanners.ApiListingReferenceScanner [restartedMain] Scanning for api listing references
2021-05-25 15:38:51,319 INFO springfox.documentation.spring.web.readers.operation.CachingOperationNameGenerator [restartedMain] Generating unique operation named: findByIdUsingGET_1
2021-05-25 15:38:51,353 INFO springfox.documentation.spring.web.readers.operation.CachingOperationNameGenerator [restartedMain] Generating unique operation named: addUsingPOST_1
2021-05-25 15:38:51,362 INFO springfox.documentation.spring.web.readers.operation.CachingOperationNameGenerator [restartedMain] Generating unique operation named: findAllUsingGET_1
2021-05-25 15:38:51,571 INFO com.cg.creditcardpayment.CreditcardBillPaymentApplication [restartedMain] Started CreditcardBillPaymentApplication in 7.703 seconds (JVM running for 8.502)
2021-05-25 15:38:55,344 INFO org.apache.catalina.core.ContainerBase.[Tomcat].[localhost].[/] [http-nio-9090-exec-1] Initializing Spring DispatcherServlet 'dispatcherServlet'
2021-05-25 15:38:55,344 INFO org.springframework.web.servlet.DispatcherServlet [http-nio-9090-exec-1] Initializing Servlet 'dispatcherServlet'
2021-05-25 15:38:55,347 INFO org.springframework.web.servlet.DispatcherServlet [http-nio-9090-exec-1] Completed initialization in 3 ms
2021-05-25 15:39:28,207 WARN org.springframework.web.servlet.mvc.method.annotation.ExceptionHandlerExceptionResolver [http-nio-9090-exec-7] Resolved [org.springframework.web.HttpRequestMethodNotSupportedException: Request method 'DELETE' not supported]
2021-05-25 15:39:36,222 INFO com.cg.creditcardpayment.controller.TransactionController [http-nio-9090-exec-9] Called GET mapping getTransactionDetailById() method
2021-05-25 15:39:36,222 INFO com.cg.creditcardpayment.services.TransactionServices [http-nio-9090-exec-9] Called getTransactionDetailById() method of TransactionServices
2021-05-25 15:41:29,246 INFO org.springframework.boot.admin.SpringApplicationAdminMXBeanRegistrar$SpringApplicationAdmin [RMI TCP Connection(6)-127.0.0.1] Application shutdown requested.
2021-05-25 15:41:29,322 INFO org.springframework.scheduling.concurrent.ThreadPoolTaskExecutor [RMI TCP Connection(6)-127.0.0.1] Shutting down ExecutorService 'applicationTaskExecutor'
2021-05-25 15:41:29,336 INFO org.springframework.orm.jpa.LocalContainerEntityManagerFactoryBean [RMI TCP Connection(6)-127.0.0.1] Closing JPA EntityManagerFactory for persistence unit 'default'
2021-05-25 15:41:29,342 INFO com.zaxxer.hikari.HikariDataSource [RMI TCP Connection(6)-127.0.0.1] HikariPool-1 - Shutdown initiated...
2021-05-25 15:41:29,350 INFO com.zaxxer.hikari.HikariDataSource [RMI TCP Connection(6)-127.0.0.1] HikariPool-1 - Shutdown completed.
2021-05-25 15:41:37,182 INFO com.cg.creditcardpayment.CreditcardBillPaymentApplication [restartedMain] Starting CreditcardBillPaymentApplication using Java 15.0.2 on DESKTOP-88QC7I7 with PID 9228 (H:\CreditcardBillPayment\bin\main started by UJJAWAL in H:\CreditcardBillPayment)
2021-05-25 15:41:37,186 INFO com.cg.creditcardpayment.CreditcardBillPaymentApplication [restartedMain] No active profile set, falling back to default profiles: default
2021-05-25 15:41:37,305 INFO org.springframework.boot.devtools.env.DevToolsPropertyDefaultsPostProcessor [restartedMain] Devtools property defaults active! Set 'spring.devtools.add-properties' to 'false' to disable
2021-05-25 15:41:37,306 INFO org.springframework.boot.devtools.env.DevToolsPropertyDefaultsPostProcessor [restartedMain] For additional web related logging consider setting the 'logging.level.web' property to 'DEBUG'
2021-05-25 15:41:38,699 INFO org.springframework.data.repository.config.RepositoryConfigurationDelegate [restartedMain] Bootstrapping Spring Data JPA repositories in DEFAULT mode.
2021-05-25 15:41:38,808 INFO org.springframework.data.repository.config.RepositoryConfigurationDelegate [restartedMain] Finished Spring Data repository scanning in 98 ms. Found 7 JPA repository interfaces.
2021-05-25 15:41:39,783 INFO org.springframework.boot.web.embedded.tomcat.TomcatWebServer [restartedMain] Tomcat initialized with port(s): 9090 (http)
2021-05-25 15:41:39,796 INFO org.apache.catalina.core.StandardService [restartedMain] Starting service [Tomcat]
2021-05-25 15:41:39,796 INFO org.apache.catalina.core.StandardEngine [restartedMain] Starting Servlet engine: [Apache Tomcat/9.0.45]
2021-05-25 15:41:39,961 INFO org.apache.catalina.core.ContainerBase.[Tomcat].[localhost].[/] [restartedMain] Initializing Spring embedded WebApplicationContext
2021-05-25 15:41:39,962 INFO org.springframework.boot.web.servlet.context.ServletWebServerApplicationContext [restartedMain] Root WebApplicationContext: initialization completed in 2654 ms
2021-05-25 15:41:40,260 INFO org.hibernate.jpa.internal.util.LogHelper [restartedMain] HHH000204: Processing PersistenceUnitInfo [name: default]
2021-05-25 15:41:40,344 INFO org.hibernate.Version [restartedMain] HHH000412: Hibernate ORM core version 5.4.30.Final
2021-05-25 15:41:40,539 INFO org.hibernate.annotations.common.Version [restartedMain] HCANN000001: Hibernate Commons Annotations {5.1.2.Final}
2021-05-25 15:41:40,712 INFO com.zaxxer.hikari.HikariDataSource [restartedMain] HikariPool-1 - Starting...
2021-05-25 15:41:40,867 INFO com.zaxxer.hikari.HikariDataSource [restartedMain] HikariPool-1 - Start completed.
2021-05-25 15:41:40,935 INFO org.hibernate.dialect.Dialect [restartedMain] HHH000400: Using dialect: org.hibernate.dialect.PostgreSQL10Dialect
2021-05-25 15:41:42,855 INFO org.hibernate.engine.transaction.jta.platform.internal.JtaPlatformInitiator [restartedMain] HHH000490: Using JtaPlatform implementation: [org.hibernate.engine.transaction.jta.platform.internal.NoJtaPlatform]
2021-05-25 15:41:42,869 INFO org.springframework.orm.jpa.LocalContainerEntityManagerFactoryBean [restartedMain] Initialized JPA EntityManagerFactory for persistence unit 'default'
2021-05-25 15:41:42,945 INFO org.springframework.boot.devtools.autoconfigure.OptionalLiveReloadServer [restartedMain] LiveReload server is running on port 35729
2021-05-25 15:41:43,659 WARN org.springframework.boot.autoconfigure.orm.jpa.JpaBaseConfiguration$JpaWebConfiguration [restartedMain] spring.jpa.open-in-view is enabled by default. Therefore, database queries may be performed during view rendering. Explicitly configure spring.jpa.open-in-view to disable this warning
2021-05-25 15:41:44,054 INFO springfox.documentation.spring.web.WebMvcPropertySourcedRequestMappingHandlerMapping [restartedMain] Mapped URL path [/v2/api-docs] onto method [springfox.documentation.swagger2.web.Swagger2ControllerWebMvc#getDocumentation(String, HttpServletRequest)]
2021-05-25 15:41:44,186 INFO org.springframework.scheduling.concurrent.ThreadPoolTaskExecutor [restartedMain] Initializing ExecutorService 'applicationTaskExecutor'
2021-05-25 15:41:44,622 INFO org.springframework.boot.web.embedded.tomcat.TomcatWebServer [restartedMain] Tomcat started on port(s): 9090 (http) with context path ''
2021-05-25 15:41:44,623 INFO springfox.documentation.spring.web.plugins.DocumentationPluginsBootstrapper [restartedMain] Documentation plugins bootstrapped
2021-05-25 15:41:44,627 INFO springfox.documentation.spring.web.plugins.DocumentationPluginsBootstrapper [restartedMain] Found 1 custom documentation plugin(s)
2021-05-25 15:41:44,690 INFO springfox.documentation.spring.web.scanners.ApiListingReferenceScanner [restartedMain] Scanning for api listing references
2021-05-25 15:41:45,016 INFO springfox.documentation.spring.web.readers.operation.CachingOperationNameGenerator [restartedMain] Generating unique operation named: findByIdUsingGET_1
2021-05-25 15:41:45,049 INFO springfox.documentation.spring.web.readers.operation.CachingOperationNameGenerator [restartedMain] Generating unique operation named: addUsingPOST_1
2021-05-25 15:41:45,058 INFO springfox.documentation.spring.web.readers.operation.CachingOperationNameGenerator [restartedMain] Generating unique operation named: findAllUsingGET_1
2021-05-25 15:41:45,252 INFO com.cg.creditcardpayment.CreditcardBillPaymentApplication [restartedMain] Started CreditcardBillPaymentApplication in 8.77 seconds (JVM running for 9.887)
2021-05-25 15:41:55,512 INFO org.apache.catalina.core.ContainerBase.[Tomcat].[localhost].[/] [http-nio-9090-exec-1] Initializing Spring DispatcherServlet 'dispatcherServlet'
2021-05-25 15:41:55,513 INFO org.springframework.web.servlet.DispatcherServlet [http-nio-9090-exec-1] Initializing Servlet 'dispatcherServlet'
2021-05-25 15:41:55,516 INFO org.springframework.web.servlet.DispatcherServlet [http-nio-9090-exec-1] Completed initialization in 3 ms
2021-05-25 15:41:55,716 INFO com.cg.creditcardpayment.services.AccountServices [http-nio-9090-exec-1] Called addAccount() method of AccountServices
2021-05-25 15:47:01,605 INFO com.cg.creditcardpayment.services.AccountServices [http-nio-9090-exec-6] Called addAccount() method of AccountServices
2021-05-25 15:49:47,526 INFO com.cg.creditcardpayment.services.AccountServices [http-nio-9090-exec-8] Called addAccount() method of AccountServices
2021-05-25 15:50:53,764 INFO com.cg.creditcardpayment.services.AccountServices [http-nio-9090-exec-10] Called addAccount() method of AccountServices
2021-05-25 15:51:36,797 INFO com.cg.creditcardpayment.services.AccountServices [http-nio-9090-exec-2] Called addAccount() method of AccountServices
2021-05-25 16:02:15,639 INFO com.cg.creditcardpayment.services.AccountServices [http-nio-9090-exec-4] Called addAccount() method of AccountServices
2021-05-25 16:11:28,172 INFO org.springframework.scheduling.concurrent.ThreadPoolTaskExecutor [Thread-5] Shutting down ExecutorService 'applicationTaskExecutor'
2021-05-25 16:11:28,195 INFO org.springframework.orm.jpa.LocalContainerEntityManagerFactoryBean [Thread-5] Closing JPA EntityManagerFactory for persistence unit 'default'
2021-05-25 16:11:28,206 INFO com.zaxxer.hikari.HikariDataSource [Thread-5] HikariPool-1 - Shutdown initiated...
2021-05-25 16:11:28,213 INFO com.zaxxer.hikari.HikariDataSource [Thread-5] HikariPool-1 - Shutdown completed.
2021-05-25 16:11:28,366 INFO com.cg.creditcardpayment.CreditcardBillPaymentApplication [restartedMain] Starting CreditcardBillPaymentApplication using Java 15.0.2 on DESKTOP-88QC7I7 with PID 9228 (H:\CreditcardBillPayment\bin\main started by UJJAWAL in H:\CreditcardBillPayment)
2021-05-25 16:11:28,366 INFO com.cg.creditcardpayment.CreditcardBillPaymentApplication [restartedMain] No active profile set, falling back to default profiles: default
2021-05-25 16:11:28,856 INFO org.springframework.data.repository.config.RepositoryConfigurationDelegate [restartedMain] Bootstrapping Spring Data JPA repositories in DEFAULT mode.
2021-05-25 16:11:28,894 INFO org.springframework.data.repository.config.RepositoryConfigurationDelegate [restartedMain] Finished Spring Data repository scanning in 37 ms. Found 7 JPA repository interfaces.
2021-05-25 16:11:29,071 INFO org.springframework.boot.web.embedded.tomcat.TomcatWebServer [restartedMain] Tomcat initialized with port(s): 9090 (http)
2021-05-25 16:11:29,072 INFO org.apache.catalina.core.StandardService [restartedMain] Starting service [Tomcat]
2021-05-25 16:11:29,072 INFO org.apache.catalina.core.StandardEngine [restartedMain] Starting Servlet engine: [Apache Tomcat/9.0.45]
2021-05-25 16:11:29,117 INFO org.apache.catalina.core.ContainerBase.[Tomcat].[localhost].[/] [restartedMain] Initializing Spring embedded WebApplicationContext
2021-05-25 16:11:29,117 INFO org.springframework.boot.web.servlet.context.ServletWebServerApplicationContext [restartedMain] Root WebApplicationContext: initialization completed in 747 ms
2021-05-25 16:11:29,194 INFO org.hibernate.jpa.internal.util.LogHelper [restartedMain] HHH000204: Processing PersistenceUnitInfo [name: default]
2021-05-25 16:11:29,202 INFO com.zaxxer.hikari.HikariDataSource [restartedMain] HikariPool-2 - Starting...
2021-05-25 16:11:29,263 INFO com.zaxxer.hikari.HikariDataSource [restartedMain] HikariPool-2 - Start completed.
2021-05-25 16:11:29,264 INFO org.hibernate.dialect.Dialect [restartedMain] HHH000400: Using dialect: org.hibernate.dialect.PostgreSQL10Dialect
2021-05-25 16:11:30,701 INFO org.hibernate.engine.transaction.jta.platform.internal.JtaPlatformInitiator [restartedMain] HHH000490: Using JtaPlatform implementation: [org.hibernate.engine.transaction.jta.platform.internal.NoJtaPlatform]
2021-05-25 16:11:30,701 INFO org.springframework.orm.jpa.LocalContainerEntityManagerFactoryBean [restartedMain] Initialized JPA EntityManagerFactory for persistence unit 'default'
2021-05-25 16:11:30,748 INFO org.springframework.boot.devtools.autoconfigure.OptionalLiveReloadServer [restartedMain] LiveReload server is running on port 35729
2021-05-25 16:11:31,330 WARN org.springframework.boot.autoconfigure.orm.jpa.JpaBaseConfiguration$JpaWebConfiguration [restartedMain] spring.jpa.open-in-view is enabled by default. Therefore, database queries may be performed during view rendering. Explicitly configure spring.jpa.open-in-view to disable this warning
2021-05-25 16:11:31,453 INFO springfox.documentation.spring.web.WebMvcPropertySourcedRequestMappingHandlerMapping [restartedMain] Mapped URL path [/v2/api-docs] onto method [springfox.documentation.swagger2.web.Swagger2ControllerWebMvc#getDocumentation(String, HttpServletRequest)]
2021-05-25 16:11:31,513 INFO org.springframework.scheduling.concurrent.ThreadPoolTaskExecutor [restartedMain] Initializing ExecutorService 'applicationTaskExecutor'
2021-05-25 16:11:31,682 INFO org.springframework.boot.web.embedded.tomcat.TomcatWebServer [restartedMain] Tomcat started on port(s): 9090 (http) with context path ''
2021-05-25 16:11:31,682 INFO springfox.documentation.spring.web.plugins.DocumentationPluginsBootstrapper [restartedMain] Documentation plugins bootstrapped
2021-05-25 16:11:31,683 INFO springfox.documentation.spring.web.plugins.DocumentationPluginsBootstrapper [restartedMain] Found 1 custom documentation plugin(s)
2021-05-25 16:11:31,727 INFO springfox.documentation.spring.web.scanners.ApiListingReferenceScanner [restartedMain] Scanning for api listing references
2021-05-25 16:11:31,985 INFO springfox.documentation.spring.web.readers.operation.CachingOperationNameGenerator [restartedMain] Generating unique operation named: findByIdUsingGET_1
2021-05-25 16:11:32,010 INFO springfox.documentation.spring.web.readers.operation.CachingOperationNameGenerator [restartedMain] Generating unique operation named: addUsingPOST_1
2021-05-25 16:11:32,017 INFO springfox.documentation.spring.web.readers.operation.CachingOperationNameGenerator [restartedMain] Generating unique operation named: findAllUsingGET_1
2021-05-25 16:11:32,182 INFO com.cg.creditcardpayment.CreditcardBillPaymentApplication [restartedMain] Started CreditcardBillPaymentApplication in 3.866 seconds (JVM running for 1796.816)
2021-05-25 16:11:32,185 INFO org.springframework.boot.devtools.autoconfigure.ConditionEvaluationDeltaLoggingListener [restartedMain] Condition evaluation unchanged
2021-05-25 16:12:42,391 INFO org.apache.catalina.core.ContainerBase.[Tomcat].[localhost].[/] [http-nio-9090-exec-1] Initializing Spring DispatcherServlet 'dispatcherServlet'
2021-05-25 16:12:42,391 INFO org.springframework.web.servlet.DispatcherServlet [http-nio-9090-exec-1] Initializing Servlet 'dispatcherServlet'
2021-05-25 16:12:42,394 INFO org.springframework.web.servlet.DispatcherServlet [http-nio-9090-exec-1] Completed initialization in 3 ms
2021-05-25 16:12:42,412 INFO com.cg.creditcardpayment.services.AccountServices [http-nio-9090-exec-1] Called addAccount() method of AccountServices
2021-05-25 16:20:15,434 INFO com.cg.creditcardpayment.services.AccountServices [http-nio-9090-exec-5] Called addAccount() method of AccountServices
2021-05-25 16:22:51,076 INFO com.cg.creditcardpayment.controller.TransactionController [http-nio-9090-exec-8] Called DELETE mapping removeTransaction() method
2021-05-25 16:22:51,076 INFO com.cg.creditcardpayment.services.TransactionServices [http-nio-9090-exec-8] Called getTransactionDetailById() method of TransactionServices
2021-05-25 16:22:51,399 INFO com.cg.creditcardpayment.services.TransactionServices [http-nio-9090-exec-8] Called removeTransactionById() method of TransactionServices
2021-05-25 16:23:39,074 WARN org.springframework.web.servlet.mvc.method.annotation.ExceptionHandlerExceptionResolver [http-nio-9090-exec-9] Resolved [org.springframework.web.HttpRequestMethodNotSupportedException: Request method 'DELETE' not supported]
2021-05-25 16:23:45,749 INFO com.cg.creditcardpayment.controller.TransactionController [http-nio-9090-exec-10] Called GET mapping getTransactionDetailById() method
2021-05-25 16:23:45,750 INFO com.cg.creditcardpayment.services.TransactionServices [http-nio-9090-exec-10] Called getTransactionDetailById() method of TransactionServices
2021-05-25 16:26:38,583 INFO com.cg.creditcardpayment.controller.TransactionController [http-nio-9090-exec-8] Called GET mapping getAllTransactions() method
2021-05-25 16:26:38,583 INFO com.cg.creditcardpayment.services.TransactionServices [http-nio-9090-exec-8] Called getAllTransactions() method of TransactionServices
2021-05-25 16:53:36,601 INFO com.cg.creditcardpayment.controller.TransactionController [http-nio-9090-exec-1] Called GET mapping getTransactionDetailById() method
2021-05-25 16:53:36,601 INFO com.cg.creditcardpayment.services.TransactionServices [http-nio-9090-exec-1] Called getTransactionDetailById() method of TransactionServices
2021-05-25 18:15:11,130 INFO org.springframework.scheduling.concurrent.ThreadPoolTaskExecutor [Thread-9] Shutting down ExecutorService 'applicationTaskExecutor'
2021-05-25 18:15:11,185 INFO org.springframework.orm.jpa.LocalContainerEntityManagerFactoryBean [Thread-9] Closing JPA EntityManagerFactory for persistence unit 'default'
2021-05-25 18:15:11,195 INFO com.zaxxer.hikari.HikariDataSource [Thread-9] HikariPool-2 - Shutdown initiated...
2021-05-25 18:15:11,237 INFO com.zaxxer.hikari.HikariDataSource [Thread-9] HikariPool-2 - Shutdown completed.
2021-05-25 18:15:12,461 INFO com.cg.creditcardpayment.CreditcardBillPaymentApplication [restartedMain] Starting CreditcardBillPaymentApplication using Java 15.0.2 on DESKTOP-88QC7I7 with PID 9228 (H:\CreditcardBillPayment\bin\main started by UJJAWAL in H:\CreditcardBillPayment)
2021-05-25 18:15:12,462 INFO com.cg.creditcardpayment.CreditcardBillPaymentApplication [restartedMain] No active profile set, falling back to default profiles: default
2021-05-25 18:15:15,382 INFO org.springframework.data.repository.config.RepositoryConfigurationDelegate [restartedMain] Bootstrapping Spring Data JPA repositories in DEFAULT mode.
2021-05-25 18:15:15,440 INFO org.springframework.data.repository.config.RepositoryConfigurationDelegate [restartedMain] Finished Spring Data repository scanning in 58 ms. Found 7 JPA repository interfaces.
2021-05-25 18:15:15,613 INFO org.springframework.boot.web.embedded.tomcat.TomcatWebServer [restartedMain] Tomcat initialized with port(s): 9090 (http)
2021-05-25 18:15:15,613 INFO org.apache.catalina.core.StandardService [restartedMain] Starting service [Tomcat]
2021-05-25 18:15:15,613 INFO org.apache.catalina.core.StandardEngine [restartedMain] Starting Servlet engine: [Apache Tomcat/9.0.45]
2021-05-25 18:15:15,630 INFO org.apache.catalina.core.ContainerBase.[Tomcat].[localhost].[/] [restartedMain] Initializing Spring embedded WebApplicationContext
2021-05-25 18:15:15,630 INFO org.springframework.boot.web.servlet.context.ServletWebServerApplicationContext [restartedMain] Root WebApplicationContext: initialization completed in 3060 ms
2021-05-25 18:15:15,700 INFO org.hibernate.jpa.internal.util.LogHelper [restartedMain] HHH000204: Processing PersistenceUnitInfo [name: default]
2021-05-25 18:15:15,712 INFO com.zaxxer.hikari.HikariDataSource [restartedMain] HikariPool-3 - Starting...
2021-05-25 18:15:15,751 INFO com.zaxxer.hikari.HikariDataSource [restartedMain] HikariPool-3 - Start completed.
2021-05-25 18:15:15,751 INFO org.hibernate.dialect.Dialect [restartedMain] HHH000400: Using dialect: org.hibernate.dialect.PostgreSQL10Dialect
2021-05-25 18:15:16,698 INFO org.hibernate.engine.transaction.jta.platform.internal.JtaPlatformInitiator [restartedMain] HHH000490: Using JtaPlatform implementation: [org.hibernate.engine.transaction.jta.platform.internal.NoJtaPlatform]
2021-05-25 18:15:16,699 INFO org.springframework.orm.jpa.LocalContainerEntityManagerFactoryBean [restartedMain] Initialized JPA EntityManagerFactory for persistence unit 'default'
2021-05-25 18:15:16,708 INFO org.springframework.boot.devtools.autoconfigure.OptionalLiveReloadServer [restartedMain] LiveReload server is running on port 35729
2021-05-25 18:15:17,040 WARN org.springframework.boot.autoconfigure.orm.jpa.JpaBaseConfiguration$JpaWebConfiguration [restartedMain] spring.jpa.open-in-view is enabled by default. Therefore, database queries may be performed during view rendering. Explicitly configure spring.jpa.open-in-view to disable this warning
2021-05-25 18:15:17,205 INFO springfox.documentation.spring.web.WebMvcPropertySourcedRequestMappingHandlerMapping [restartedMain] Mapped URL path [/v2/api-docs] onto method [springfox.documentation.swagger2.web.Swagger2ControllerWebMvc#getDocumentation(String, HttpServletRequest)]
2021-05-25 18:15:17,252 INFO org.springframework.scheduling.concurrent.ThreadPoolTaskExecutor [restartedMain] Initializing ExecutorService 'applicationTaskExecutor'
2021-05-25 18:15:17,391 INFO org.springframework.boot.web.embedded.tomcat.TomcatWebServer [restartedMain] Tomcat started on port(s): 9090 (http) with context path ''
2021-05-25 18:15:17,391 INFO springfox.documentation.spring.web.plugins.DocumentationPluginsBootstrapper [restartedMain] Documentation plugins bootstrapped
2021-05-25 18:15:17,391 INFO springfox.documentation.spring.web.plugins.DocumentationPluginsBootstrapper [restartedMain] Found 1 custom documentation plugin(s)
2021-05-25 18:15:17,461 INFO springfox.documentation.spring.web.scanners.ApiListingReferenceScanner [restartedMain] Scanning for api listing references
2021-05-25 18:15:17,634 INFO springfox.documentation.spring.web.readers.operation.CachingOperationNameGenerator [restartedMain] Generating unique operation named: findByIdUsingGET_1
2021-05-25 18:15:17,641 INFO springfox.documentation.spring.web.readers.operation.CachingOperationNameGenerator [restartedMain] Generating unique operation named: addUsingPOST_1
2021-05-25 18:15:17,643 INFO springfox.documentation.spring.web.readers.operation.CachingOperationNameGenerator [restartedMain] Generating unique operation named: findAllUsingGET_1
2021-05-25 18:15:17,700 INFO com.cg.creditcardpayment.CreditcardBillPaymentApplication [restartedMain] Started CreditcardBillPaymentApplication in 5.963 seconds (JVM running for 9222.334)
2021-05-25 18:15:17,701 INFO org.springframework.boot.devtools.autoconfigure.ConditionEvaluationDeltaLoggingListener [restartedMain] Condition evaluation unchanged
2021-05-25 18:15:38,066 INFO org.springframework.boot.admin.SpringApplicationAdminMXBeanRegistrar$SpringApplicationAdmin [RMI TCP Connection(158)-127.0.0.1] Application shutdown requested.
2021-05-25 18:15:38,093 INFO org.springframework.scheduling.concurrent.ThreadPoolTaskExecutor [RMI TCP Connection(158)-127.0.0.1] Shutting down ExecutorService 'applicationTaskExecutor'
2021-05-25 18:15:38,096 INFO org.springframework.orm.jpa.LocalContainerEntityManagerFactoryBean [RMI TCP Connection(158)-127.0.0.1] Closing JPA EntityManagerFactory for persistence unit 'default'
2021-05-25 18:15:38,097 INFO com.zaxxer.hikari.HikariDataSource [RMI TCP Connection(158)-127.0.0.1] HikariPool-3 - Shutdown initiated...
2021-05-25 18:15:38,099 INFO com.zaxxer.hikari.HikariDataSource [RMI TCP Connection(158)-127.0.0.1] HikariPool-3 - Shutdown completed.
2021-05-25 18:15:46,076 INFO com.cg.creditcardpayment.CreditcardBillPaymentApplication [restartedMain] Starting CreditcardBillPaymentApplication using Java 15.0.2 on DESKTOP-88QC7I7 with PID 14964 (H:\CreditcardBillPayment\bin\main started by UJJAWAL in H:\CreditcardBillPayment)
2021-05-25 18:15:46,077 INFO com.cg.creditcardpayment.CreditcardBillPaymentApplication [restartedMain] No active profile set, falling back to default profiles: default
2021-05-25 18:15:46,133 INFO org.springframework.boot.devtools.env.DevToolsPropertyDefaultsPostProcessor [restartedMain] Devtools property defaults active! Set 'spring.devtools.add-properties' to 'false' to disable
2021-05-25 18:15:46,133 INFO org.springframework.boot.devtools.env.DevToolsPropertyDefaultsPostProcessor [restartedMain] For additional web related logging consider setting the 'logging.level.web' property to 'DEBUG'
2021-05-25 18:15:46,937 INFO org.springframework.data.repository.config.RepositoryConfigurationDelegate [restartedMain] Bootstrapping Spring Data JPA repositories in DEFAULT mode.
2021-05-25 18:15:46,999 INFO org.springframework.data.repository.config.RepositoryConfigurationDelegate [restartedMain] Finished Spring Data repository scanning in 56 ms. Found 7 JPA repository interfaces.
2021-05-25 18:15:47,520 INFO org.springframework.boot.web.embedded.tomcat.TomcatWebServer [restartedMain] Tomcat initialized with port(s): 9090 (http)
2021-05-25 18:15:47,531 INFO org.apache.catalina.core.StandardService [restartedMain] Starting service [Tomcat]
2021-05-25 18:15:47,531 INFO org.apache.catalina.core.StandardEngine [restartedMain] Starting Servlet engine: [Apache Tomcat/9.0.45]
2021-05-25 18:15:47,625 INFO org.apache.catalina.core.ContainerBase.[Tomcat].[localhost].[/] [restartedMain] Initializing Spring embedded WebApplicationContext
2021-05-25 18:15:47,625 INFO org.springframework.boot.web.servlet.context.ServletWebServerApplicationContext [restartedMain] Root WebApplicationContext: initialization completed in 1491 ms
2021-05-25 18:15:47,839 INFO org.hibernate.jpa.internal.util.LogHelper [restartedMain] HHH000204: Processing PersistenceUnitInfo [name: default]
2021-05-25 18:15:47,925 INFO org.hibernate.Version [restartedMain] HHH000412: Hibernate ORM core version 5.4.30.Final
2021-05-25 18:15:48,375 INFO org.hibernate.annotations.common.Version [restartedMain] HCANN000001: Hibernate Commons Annotations {5.1.2.Final}
2021-05-25 18:15:48,577 INFO com.zaxxer.hikari.HikariDataSource [restartedMain] HikariPool-1 - Starting...
2021-05-25 18:15:48,685 INFO com.zaxxer.hikari.HikariDataSource [restartedMain] HikariPool-1 - Start completed.
2021-05-25 18:15:48,726 INFO org.hibernate.dialect.Dialect [restartedMain] HHH000400: Using dialect: org.hibernate.dialect.PostgreSQL10Dialect
2021-05-25 18:15:50,790 INFO org.hibernate.engine.transaction.jta.platform.internal.JtaPlatformInitiator [restartedMain] HHH000490: Using JtaPlatform implementation: [org.hibernate.engine.transaction.jta.platform.internal.NoJtaPlatform]
2021-05-25 18:15:50,799 INFO org.springframework.orm.jpa.LocalContainerEntityManagerFactoryBean [restartedMain] Initialized JPA EntityManagerFactory for persistence unit 'default'
2021-05-25 18:15:50,841 INFO org.springframework.boot.devtools.autoconfigure.OptionalLiveReloadServer [restartedMain] LiveReload server is running on port 35729
2021-05-25 18:15:51,517 WARN org.springframework.boot.autoconfigure.orm.jpa.JpaBaseConfiguration$JpaWebConfiguration [restartedMain] spring.jpa.open-in-view is enabled by default. Therefore, database queries may be performed during view rendering. Explicitly configure spring.jpa.open-in-view to disable this warning
2021-05-25 18:15:51,829 INFO springfox.documentation.spring.web.WebMvcPropertySourcedRequestMappingHandlerMapping [restartedMain] Mapped URL path [/v2/api-docs] onto method [springfox.documentation.swagger2.web.Swagger2ControllerWebMvc#getDocumentation(String, HttpServletRequest)]
2021-05-25 18:15:51,950 INFO org.springframework.scheduling.concurrent.ThreadPoolTaskExecutor [restartedMain] Initializing ExecutorService 'applicationTaskExecutor'
2021-05-25 18:15:52,335 INFO org.springframework.boot.web.embedded.tomcat.TomcatWebServer [restartedMain] Tomcat started on port(s): 9090 (http) with context path ''
2021-05-25 18:15:52,336 INFO springfox.documentation.spring.web.plugins.DocumentationPluginsBootstrapper [restartedMain] Documentation plugins bootstrapped
2021-05-25 18:15:52,338 INFO springfox.documentation.spring.web.plugins.DocumentationPluginsBootstrapper [restartedMain] Found 1 custom documentation plugin(s)
2021-05-25 18:15:52,386 INFO springfox.documentation.spring.web.scanners.ApiListingReferenceScanner [restartedMain] Scanning for api listing references
2021-05-25 18:15:52,576 INFO springfox.documentation.spring.web.readers.operation.CachingOperationNameGenerator [restartedMain] Generating unique operation named: findByIdUsingGET_1
2021-05-25 18:15:52,588 INFO springfox.documentation.spring.web.readers.operation.CachingOperationNameGenerator [restartedMain] Generating unique operation named: addUsingPOST_1
2021-05-25 18:15:52,591 INFO springfox.documentation.spring.web.readers.operation.CachingOperationNameGenerator [restartedMain] Generating unique operation named: findAllUsingGET_1
2021-05-25 18:15:52,670 INFO com.cg.creditcardpayment.CreditcardBillPaymentApplication [restartedMain] Started CreditcardBillPaymentApplication in 6.941 seconds (JVM running for 7.618)
2021-05-25 18:16:08,800 INFO com.cg.creditcardpayment.CreditcardBillPaymentApplication [restartedMain] Starting CreditcardBillPaymentApplication using Java 15.0.2 on DESKTOP-88QC7I7 with PID 21300 (H:\CreditcardBillPayment\bin\main started by UJJAWAL in H:\CreditcardBillPayment)
2021-05-25 18:16:08,801 INFO com.cg.creditcardpayment.CreditcardBillPaymentApplication [restartedMain] No active profile set, falling back to default profiles: default
2021-05-25 18:16:08,844 INFO org.springframework.boot.devtools.env.DevToolsPropertyDefaultsPostProcessor [restartedMain] Devtools property defaults active! Set 'spring.devtools.add-properties' to 'false' to disable
2021-05-25 18:16:08,844 INFO org.springframework.boot.devtools.env.DevToolsPropertyDefaultsPostProcessor [restartedMain] For additional web related logging consider setting the 'logging.level.web' property to 'DEBUG'
2021-05-25 18:16:10,108 INFO org.springframework.data.repository.config.RepositoryConfigurationDelegate [restartedMain] Bootstrapping Spring Data JPA repositories in DEFAULT mode.
2021-05-25 18:16:10,167 INFO org.springframework.data.repository.config.RepositoryConfigurationDelegate [restartedMain] Finished Spring Data repository scanning in 53 ms. Found 7 JPA repository interfaces.
2021-05-25 18:16:10,673 INFO org.springframework.boot.web.embedded.tomcat.TomcatWebServer [restartedMain] Tomcat initialized with port(s): 9090 (http)
2021-05-25 18:16:10,681 INFO org.apache.catalina.core.StandardService [restartedMain] Starting service [Tomcat]
2021-05-25 18:16:10,681 INFO org.apache.catalina.core.StandardEngine [restartedMain] Starting Servlet engine: [Apache Tomcat/9.0.45]
2021-05-25 18:16:10,748 INFO org.apache.catalina.core.ContainerBase.[Tomcat].[localhost].[/] [restartedMain] Initializing Spring embedded WebApplicationContext
2021-05-25 18:16:10,748 INFO org.springframework.boot.web.servlet.context.ServletWebServerApplicationContext [restartedMain] Root WebApplicationContext: initialization completed in 1904 ms
2021-05-25 18:16:10,908 INFO org.hibernate.jpa.internal.util.LogHelper [restartedMain] HHH000204: Processing PersistenceUnitInfo [name: default]
2021-05-25 18:16:10,944 INFO org.hibernate.Version [restartedMain] HHH000412: Hibernate ORM core version 5.4.30.Final
2021-05-25 18:16:11,045 INFO org.hibernate.annotations.common.Version [restartedMain] HCANN000001: Hibernate Commons Annotations {5.1.2.Final}
2021-05-25 18:16:11,116 INFO com.zaxxer.hikari.HikariDataSource [restartedMain] HikariPool-1 - Starting...
2021-05-25 18:16:11,200 INFO com.zaxxer.hikari.HikariDataSource [restartedMain] HikariPool-1 - Start completed.
2021-05-25 18:16:11,224 INFO org.hibernate.dialect.Dialect [restartedMain] HHH000400: Using dialect: org.hibernate.dialect.PostgreSQL10Dialect
2021-05-25 18:16:12,156 INFO org.hibernate.engine.transaction.jta.platform.internal.JtaPlatformInitiator [restartedMain] HHH000490: Using JtaPlatform implementation: [org.hibernate.engine.transaction.jta.platform.internal.NoJtaPlatform]
2021-05-25 18:16:12,161 INFO org.springframework.orm.jpa.LocalContainerEntityManagerFactoryBean [restartedMain] Initialized JPA EntityManagerFactory for persistence unit 'default'
2021-05-25 18:16:12,207 WARN org.springframework.boot.devtools.autoconfigure.OptionalLiveReloadServer [restartedMain] Unable to start LiveReload server
2021-05-25 18:16:12,810 WARN org.springframework.boot.autoconfigure.orm.jpa.JpaBaseConfiguration$JpaWebConfiguration [restartedMain] spring.jpa.open-in-view is enabled by default. Therefore, database queries may be performed during view rendering. Explicitly configure spring.jpa.open-in-view to disable this warning
2021-05-25 18:16:13,120 INFO springfox.documentation.spring.web.WebMvcPropertySourcedRequestMappingHandlerMapping [restartedMain] Mapped URL path [/v2/api-docs] onto method [springfox.documentation.swagger2.web.Swagger2ControllerWebMvc#getDocumentation(String, HttpServletRequest)]
2021-05-25 18:16:13,239 INFO org.springframework.scheduling.concurrent.ThreadPoolTaskExecutor [restartedMain] Initializing ExecutorService 'applicationTaskExecutor'
2021-05-25 18:16:13,590 WARN org.springframework.boot.web.servlet.context.AnnotationConfigServletWebServerApplicationContext [restartedMain] Exception encountered during context initialization - cancelling refresh attempt: org.springframework.context.ApplicationContextException: Failed to start bean 'webServerStartStop'; nested exception is org.springframework.boot.web.server.PortInUseException: Port 9090 is already in use
2021-05-25 18:16:13,591 INFO org.springframework.scheduling.concurrent.ThreadPoolTaskExecutor [restartedMain] Shutting down ExecutorService 'applicationTaskExecutor'
2021-05-25 18:16:13,597 INFO org.springframework.orm.jpa.LocalContainerEntityManagerFactoryBean [restartedMain] Closing JPA EntityManagerFactory for persistence unit 'default'
2021-05-25 18:16:13,602 INFO com.zaxxer.hikari.HikariDataSource [restartedMain] HikariPool-1 - Shutdown initiated...
2021-05-25 18:16:13,605 INFO com.zaxxer.hikari.HikariDataSource [restartedMain] HikariPool-1 - Shutdown completed.
2021-05-25 18:16:13,608 INFO org.apache.catalina.core.StandardService [restartedMain] Stopping service [Tomcat]
2021-05-25 18:16:13,618 INFO org.springframework.boot.autoconfigure.logging.ConditionEvaluationReportLoggingListener [restartedMain] 

Error starting ApplicationContext. To display the conditions report re-run your application with 'debug' enabled.
2021-05-25 18:16:13,632 ERROR org.springframework.boot.diagnostics.LoggingFailureAnalysisReporter [restartedMain] 

***************************
APPLICATION FAILED TO START
***************************

Description:

Web server failed to start. Port 9090 was already in use.

Action:

Identify and stop the process that's listening on port 9090 or configure this application to listen on another port.

2021-05-25 18:17:04,443 INFO org.apache.catalina.core.ContainerBase.[Tomcat].[localhost].[/] [http-nio-9090-exec-1] Initializing Spring DispatcherServlet 'dispatcherServlet'
2021-05-25 18:17:04,443 INFO org.springframework.web.servlet.DispatcherServlet [http-nio-9090-exec-1] Initializing Servlet 'dispatcherServlet'
2021-05-25 18:17:04,445 INFO org.springframework.web.servlet.DispatcherServlet [http-nio-9090-exec-1] Completed initialization in 2 ms
2021-05-25 18:17:04,645 INFO com.cg.creditcardpayment.services.AccountServices [http-nio-9090-exec-1] Called addAccount() method of AccountServices
2021-05-25 18:18:46,905 INFO com.cg.creditcardpayment.services.AccountServices [http-nio-9090-exec-5] Called addAccount() method of AccountServices
