2021-06-08 00:15:26,027 INFO com.cg.creditcardpayment.controller.TransactionController [http-nio-9090-exec-9] Called GET mapping getAllTransactions() method
2021-06-08 00:15:26,123 INFO com.cg.creditcardpayment.services.TransactionServices [http-nio-9090-exec-9] Called getAllTransactions() method of TransactionServices
2021-06-08 00:45:22,767 INFO com.cg.creditcardpayment.controller.TransactionController [http-nio-9090-exec-1] Called GET mapping getAllTransactions() method
2021-06-08 00:45:22,767 INFO com.cg.creditcardpayment.services.TransactionServices [http-nio-9090-exec-1] Called getAllTransactions() method of TransactionServices
2021-06-08 00:45:39,070 INFO com.cg.creditcardpayment.controller.TransactionController [http-nio-9090-exec-2] Called GET mapping getAllTransactions() method
2021-06-08 00:45:39,072 INFO com.cg.creditcardpayment.services.TransactionServices [http-nio-9090-exec-2] Called getAllTransactions() method of TransactionServices
2021-06-08 00:45:49,940 INFO com.cg.creditcardpayment.controller.AccountController [http-nio-9090-exec-3] Called GET mapping getAccount() method
2021-06-08 00:45:49,942 INFO com.cg.creditcardpayment.services.AccountServices [http-nio-9090-exec-3] Called getAccount() method of AccountServices
2021-06-08 00:45:49,984 INFO com.cg.creditcardpayment.exceptions.AccountNotFoundException [http-nio-9090-exec-3] Account not found
2021-06-08 00:45:49,999 WARN org.springframework.web.servlet.mvc.method.annotation.ExceptionHandlerExceptionResolver [http-nio-9090-exec-3] Resolved [Account not found]
2021-06-08 00:46:00,676 INFO com.cg.creditcardpayment.controller.AccountController [http-nio-9090-exec-4] Called GET mapping getAccount() method
2021-06-08 00:46:00,677 INFO com.cg.creditcardpayment.services.AccountServices [http-nio-9090-exec-4] Called getAccount() method of AccountServices
2021-06-08 00:50:12,262 INFO com.cg.creditcardpayment.controller.AccountController [http-nio-9090-exec-6] Called GET mapping getAccount() method
2021-06-08 00:50:12,262 INFO com.cg.creditcardpayment.services.AccountServices [http-nio-9090-exec-6] Called getAccount() method of AccountServices
2021-06-08 00:52:34,359 INFO com.cg.creditcardpayment.controller.AccountController [http-nio-9090-exec-8] Called GET mapping getAccount() method
2021-06-08 00:52:34,360 INFO com.cg.creditcardpayment.services.AccountServices [http-nio-9090-exec-8] Called getAccount() method of AccountServices
2021-06-08 00:53:02,294 INFO com.cg.creditcardpayment.controller.AccountController [http-nio-9090-exec-9] Called GET mapping getAccount() method
2021-06-08 00:53:02,294 INFO com.cg.creditcardpayment.services.AccountServices [http-nio-9090-exec-9] Called getAccount() method of AccountServices
2021-06-08 00:55:27,335 INFO com.cg.creditcardpayment.controller.AccountController [http-nio-9090-exec-1] Called GET mapping getAccount() method
2021-06-08 00:55:27,335 INFO com.cg.creditcardpayment.services.AccountServices [http-nio-9090-exec-1] Called getAccount() method of AccountServices
2021-06-08 00:56:00,288 INFO com.cg.creditcardpayment.controller.TransactionController [http-nio-9090-exec-3] Called GET mapping getAllTransactions() method
2021-06-08 00:56:00,289 INFO com.cg.creditcardpayment.services.TransactionServices [http-nio-9090-exec-3] Called getAllTransactions() method of TransactionServices
2021-06-08 00:56:09,322 INFO com.cg.creditcardpayment.controller.TransactionController [http-nio-9090-exec-4] Called GET mapping getAllTransactions() method
2021-06-08 00:56:09,322 INFO com.cg.creditcardpayment.services.TransactionServices [http-nio-9090-exec-4] Called getAllTransactions() method of TransactionServices
2021-06-08 00:58:21,217 INFO com.cg.creditcardpayment.controller.TransactionController [http-nio-9090-exec-6] Called GET mapping getAllTransactions() method
2021-06-08 00:58:21,217 INFO com.cg.creditcardpayment.services.TransactionServices [http-nio-9090-exec-6] Called getAllTransactions() method of TransactionServices
2021-06-08 00:58:24,341 INFO com.cg.creditcardpayment.controller.TransactionController [http-nio-9090-exec-8] Called DELETE mapping removeTransaction() method
2021-06-08 00:58:24,342 INFO com.cg.creditcardpayment.services.TransactionServices [http-nio-9090-exec-8] Called existsById() method of TransactionServices
2021-06-08 00:58:24,362 INFO com.cg.creditcardpayment.services.TransactionServices [http-nio-9090-exec-8] Called removeTransactionById() method of TransactionServices
2021-06-08 00:58:24,363 INFO com.cg.creditcardpayment.services.TransactionServices [http-nio-9090-exec-8] Called getTransactionDetailById() method of TransactionServices
2021-06-08 00:58:26,564 INFO com.cg.creditcardpayment.controller.TransactionController [http-nio-9090-exec-9] Called GET mapping getAllTransactions() method
2021-06-08 00:58:26,564 INFO com.cg.creditcardpayment.services.TransactionServices [http-nio-9090-exec-9] Called getAllTransactions() method of TransactionServices
2021-06-08 01:00:10,014 INFO com.cg.creditcardpayment.controller.TransactionController [http-nio-9090-exec-1] Called GET mapping getAllTransactions() method
2021-06-08 01:00:10,015 INFO com.cg.creditcardpayment.services.TransactionServices [http-nio-9090-exec-1] Called getAllTransactions() method of TransactionServices
2021-06-08 01:28:08,245 INFO com.cg.creditcardpayment.controller.AccountController [http-nio-9090-exec-3] Called GET mapping getAccount() method
2021-06-08 01:28:08,245 INFO com.cg.creditcardpayment.services.AccountServices [http-nio-9090-exec-3] Called getAccount() method of AccountServices
2021-06-08 01:28:08,263 INFO com.cg.creditcardpayment.exceptions.AccountNotFoundException [http-nio-9090-exec-3] Account not found
2021-06-08 01:28:08,295 WARN org.springframework.web.servlet.mvc.method.annotation.ExceptionHandlerExceptionResolver [http-nio-9090-exec-3] Resolved [Account not found]
2021-06-08 01:30:43,975 INFO com.cg.creditcardpayment.controller.TransactionController [http-nio-9090-exec-5] Called GET mapping getTransactionDetailById() method
2021-06-08 01:30:43,976 INFO com.cg.creditcardpayment.services.TransactionServices [http-nio-9090-exec-5] Called getTransactionDetailById() method of TransactionServices
2021-06-08 01:30:44,004 INFO com.cg.creditcardpayment.exceptions.TransactionException [http-nio-9090-exec-5] Transaction with Transaction Id 0 Does not Exists
2021-06-08 01:30:44,056 WARN org.springframework.web.servlet.mvc.method.annotation.ExceptionHandlerExceptionResolver [http-nio-9090-exec-5] Resolved [Transaction with Transaction Id 0 Does not Exists]
2021-06-08 01:30:49,434 INFO com.cg.creditcardpayment.controller.TransactionController [http-nio-9090-exec-6] Called GET mapping getTransactionDetailById() method
2021-06-08 01:30:49,434 INFO com.cg.creditcardpayment.services.TransactionServices [http-nio-9090-exec-6] Called getTransactionDetailById() method of TransactionServices
2021-06-08 01:30:49,437 INFO com.cg.creditcardpayment.exceptions.TransactionException [http-nio-9090-exec-6] Transaction with Transaction Id 5 Does not Exists
2021-06-08 01:30:49,439 WARN org.springframework.web.servlet.mvc.method.annotation.ExceptionHandlerExceptionResolver [http-nio-9090-exec-6] Resolved [Transaction with Transaction Id 5 Does not Exists]
2021-06-08 01:31:56,921 INFO com.cg.creditcardpayment.controller.TransactionController [http-nio-9090-exec-8] Called GET mapping getTransactionDetailById() method
2021-06-08 01:31:56,921 INFO com.cg.creditcardpayment.services.TransactionServices [http-nio-9090-exec-8] Called getTransactionDetailById() method of TransactionServices
2021-06-08 01:32:33,016 INFO com.cg.creditcardpayment.controller.AccountController [http-nio-9090-exec-9] Called GET mapping getAccount() method
2021-06-08 01:32:33,016 INFO com.cg.creditcardpayment.services.AccountServices [http-nio-9090-exec-9] Called getAccount() method of AccountServices
2021-06-08 01:32:33,019 INFO com.cg.creditcardpayment.exceptions.AccountNotFoundException [http-nio-9090-exec-9] Account not found
2021-06-08 01:32:33,020 WARN org.springframework.web.servlet.mvc.method.annotation.ExceptionHandlerExceptionResolver [http-nio-9090-exec-9] Resolved [Account not found]
2021-06-08 01:32:42,448 INFO com.cg.creditcardpayment.controller.AccountController [http-nio-9090-exec-10] Called GET mapping getAccount() method
2021-06-08 01:32:42,449 INFO com.cg.creditcardpayment.services.AccountServices [http-nio-9090-exec-10] Called getAccount() method of AccountServices
2021-06-08 01:36:22,966 INFO com.cg.creditcardpayment.controller.TransactionController [http-nio-9090-exec-2] Called GET mapping getTransactionDetailById() method
2021-06-08 01:36:22,966 INFO com.cg.creditcardpayment.services.TransactionServices [http-nio-9090-exec-2] Called getTransactionDetailById() method of TransactionServices
2021-06-08 01:36:22,968 INFO com.cg.creditcardpayment.exceptions.TransactionException [http-nio-9090-exec-2] Transaction with Transaction Id 0 Does not Exists
2021-06-08 01:36:22,991 WARN org.springframework.web.servlet.mvc.method.annotation.ExceptionHandlerExceptionResolver [http-nio-9090-exec-2] Resolved [Transaction with Transaction Id 0 Does not Exists]
2021-06-08 01:36:27,154 INFO com.cg.creditcardpayment.controller.TransactionController [http-nio-9090-exec-3] Called GET mapping getTransactionDetailById() method
2021-06-08 01:36:27,154 INFO com.cg.creditcardpayment.services.TransactionServices [http-nio-9090-exec-3] Called getTransactionDetailById() method of TransactionServices
2021-06-08 01:49:57,924 INFO com.cg.creditcardpayment.controller.TransactionController [http-nio-9090-exec-5] Called GET mapping getAllTransactions() method
2021-06-08 01:49:57,924 INFO com.cg.creditcardpayment.services.TransactionServices [http-nio-9090-exec-5] Called getAllTransactions() method of TransactionServices
2021-06-08 04:52:45,322 WARN com.zaxxer.hikari.pool.HikariPool [HikariPool-1 housekeeper] HikariPool-1 - Thread starvation or clock leap detected (housekeeper delta=3h1m55s750ms683탎300ns).
2021-06-08 09:34:23,956 WARN com.zaxxer.hikari.pool.HikariPool [HikariPool-1 housekeeper] HikariPool-1 - Thread starvation or clock leap detected (housekeeper delta=2h39m6s172ms885탎500ns).
2021-06-08 10:06:11,968 INFO com.cg.creditcardpayment.controller.TransactionController [http-nio-9090-exec-8] Called POST mapping addTransaction() method
2021-06-08 10:06:12,534 INFO com.cg.creditcardpayment.services.TransactionServices [http-nio-9090-exec-8] Called addTransaction() method of TransactionServices
2021-06-08 10:06:27,218 INFO com.cg.creditcardpayment.controller.TransactionController [http-nio-9090-exec-10] Called GET mapping getAllTransactions() method
2021-06-08 10:06:27,218 INFO com.cg.creditcardpayment.services.TransactionServices [http-nio-9090-exec-10] Called getAllTransactions() method of TransactionServices
2021-06-08 14:56:45,934 WARN com.zaxxer.hikari.pool.HikariPool [HikariPool-1 housekeeper] HikariPool-1 - Thread starvation or clock leap detected (housekeeper delta=16m3s670ms22탎200ns).
2021-06-08 16:14:14,024 WARN com.zaxxer.hikari.pool.HikariPool [HikariPool-1 housekeeper] HikariPool-1 - Thread starvation or clock leap detected (housekeeper delta=49m53s467ms794탎400ns).
2021-06-08 16:37:15,247 INFO com.cg.creditcardpayment.controller.TransactionController [http-nio-9090-exec-2] Called GET mapping getAllTransactions() method
2021-06-08 16:37:15,248 INFO com.cg.creditcardpayment.services.TransactionServices [http-nio-9090-exec-2] Called getAllTransactions() method of TransactionServices
2021-06-08 19:47:43,169 WARN com.zaxxer.hikari.pool.HikariPool [HikariPool-1 housekeeper] HikariPool-1 - Thread starvation or clock leap detected (housekeeper delta=1h53m27s454ms744탎300ns).
2021-06-08 19:52:49,374 INFO com.cg.creditcardpayment.controller.TransactionController [http-nio-9090-exec-4] Called GET mapping getTransactionDetailById() method
2021-06-08 19:52:49,375 INFO com.cg.creditcardpayment.services.TransactionServices [http-nio-9090-exec-4] Called getTransactionDetailById() method of TransactionServices
2021-06-08 19:52:49,815 INFO com.cg.creditcardpayment.exceptions.TransactionException [http-nio-9090-exec-4] Transaction with Transaction Id 0 Does not Exists
2021-06-08 19:52:50,032 WARN org.springframework.web.servlet.mvc.method.annotation.ExceptionHandlerExceptionResolver [http-nio-9090-exec-4] Resolved [Transaction with Transaction Id 0 Does not Exists]
2021-06-08 19:52:53,197 INFO com.cg.creditcardpayment.controller.TransactionController [http-nio-9090-exec-5] Called GET mapping getTransactionDetailById() method
2021-06-08 19:52:53,197 INFO com.cg.creditcardpayment.services.TransactionServices [http-nio-9090-exec-5] Called getTransactionDetailById() method of TransactionServices
2021-06-08 19:52:53,202 INFO com.cg.creditcardpayment.exceptions.TransactionException [http-nio-9090-exec-5] Transaction with Transaction Id 7 Does not Exists
2021-06-08 19:52:53,204 WARN org.springframework.web.servlet.mvc.method.annotation.ExceptionHandlerExceptionResolver [http-nio-9090-exec-5] Resolved [Transaction with Transaction Id 7 Does not Exists]
2021-06-08 19:53:11,764 INFO com.cg.creditcardpayment.controller.TransactionController [http-nio-9090-exec-6] Called GET mapping getTransactionDetailById() method
2021-06-08 19:53:11,765 INFO com.cg.creditcardpayment.services.TransactionServices [http-nio-9090-exec-6] Called getTransactionDetailById() method of TransactionServices
2021-06-08 20:07:05,820 INFO com.cg.creditcardpayment.controller.AccountController [http-nio-9090-exec-8] Called GET mapping getAllAccounts() method
2021-06-08 20:07:05,820 INFO com.cg.creditcardpayment.services.AccountServices [http-nio-9090-exec-8] Called getAllAccount() method of AccountServices
2021-06-08 21:38:10,366 WARN com.zaxxer.hikari.pool.HikariPool [HikariPool-1 housekeeper] HikariPool-1 - Thread starvation or clock leap detected (housekeeper delta=47m26s310ms238탎).
2021-06-08 22:18:14,250 WARN com.zaxxer.hikari.pool.HikariPool [HikariPool-1 housekeeper] HikariPool-1 - Thread starvation or clock leap detected (housekeeper delta=20m3s599ms259탎300ns).
2021-06-08 22:23:32,122 INFO com.cg.creditcardpayment.controller.TransactionController [http-nio-9090-exec-10] Called GET mapping getAllTransactions() method
2021-06-08 22:23:32,122 INFO com.cg.creditcardpayment.services.TransactionServices [http-nio-9090-exec-10] Called getAllTransactions() method of TransactionServices
2021-06-08 22:23:45,637 INFO com.cg.creditcardpayment.controller.TransactionController [http-nio-9090-exec-1] Called GET mapping getTransactionDetailById() method
2021-06-08 22:23:45,637 INFO com.cg.creditcardpayment.services.TransactionServices [http-nio-9090-exec-1] Called getTransactionDetailById() method of TransactionServices
2021-06-08 22:23:45,661 INFO com.cg.creditcardpayment.exceptions.TransactionException [http-nio-9090-exec-1] Transaction with Transaction Id 0 Does not Exists
2021-06-08 22:23:45,691 WARN org.springframework.web.servlet.mvc.method.annotation.ExceptionHandlerExceptionResolver [http-nio-9090-exec-1] Resolved [Transaction with Transaction Id 0 Does not Exists]
2021-06-08 22:23:50,950 INFO com.cg.creditcardpayment.controller.TransactionController [http-nio-9090-exec-2] Called GET mapping getTransactionDetailById() method
2021-06-08 22:23:50,951 INFO com.cg.creditcardpayment.services.TransactionServices [http-nio-9090-exec-2] Called getTransactionDetailById() method of TransactionServices
2021-06-08 22:32:07,253 INFO com.cg.creditcardpayment.controller.TransactionController [http-nio-9090-exec-4] Called GET mapping getTransactionDetailById() method
2021-06-08 22:32:07,253 INFO com.cg.creditcardpayment.services.TransactionServices [http-nio-9090-exec-4] Called getTransactionDetailById() method of TransactionServices
2021-06-08 22:32:07,261 INFO com.cg.creditcardpayment.exceptions.TransactionException [http-nio-9090-exec-4] Transaction with Transaction Id 0 Does not Exists
2021-06-08 22:32:07,265 WARN org.springframework.web.servlet.mvc.method.annotation.ExceptionHandlerExceptionResolver [http-nio-9090-exec-4] Resolved [Transaction with Transaction Id 0 Does not Exists]
2021-06-08 22:32:26,214 INFO com.cg.creditcardpayment.controller.TransactionController [http-nio-9090-exec-5] Called GET mapping getTransactionDetailById() method
2021-06-08 22:32:26,215 INFO com.cg.creditcardpayment.services.TransactionServices [http-nio-9090-exec-5] Called getTransactionDetailById() method of TransactionServices
2021-06-08 22:32:26,221 INFO com.cg.creditcardpayment.exceptions.TransactionException [http-nio-9090-exec-5] Transaction with Transaction Id 0 Does not Exists
2021-06-08 22:32:26,223 WARN org.springframework.web.servlet.mvc.method.annotation.ExceptionHandlerExceptionResolver [http-nio-9090-exec-5] Resolved [Transaction with Transaction Id 0 Does not Exists]
2021-06-08 22:55:07,418 INFO com.cg.creditcardpayment.controller.TransactionController [http-nio-9090-exec-7] Called GET mapping transactionHistory() method
2021-06-08 22:55:07,419 INFO com.cg.creditcardpayment.services.TransactionServices [http-nio-9090-exec-7] Called transactionHistory() method of TransactionServices
2021-06-08 22:55:07,986 INFO com.cg.creditcardpayment.exceptions.CreditCardException [http-nio-9090-exec-7] card number not found
2021-06-08 22:55:08,032 WARN org.springframework.web.servlet.mvc.method.annotation.ExceptionHandlerExceptionResolver [http-nio-9090-exec-7] Resolved [card number not found]
2021-06-08 22:55:25,821 INFO com.cg.creditcardpayment.controller.TransactionController [http-nio-9090-exec-9] Called GET mapping transactionHistory() method
2021-06-08 22:55:25,821 INFO com.cg.creditcardpayment.services.TransactionServices [http-nio-9090-exec-9] Called transactionHistory() method of TransactionServices
2021-06-08 22:55:25,845 INFO com.cg.creditcardpayment.exceptions.CreditCardException [http-nio-9090-exec-9] card number not found
2021-06-08 22:55:25,848 WARN org.springframework.web.servlet.mvc.method.annotation.ExceptionHandlerExceptionResolver [http-nio-9090-exec-9] Resolved [card number not found]
2021-06-08 23:02:56,080 INFO com.cg.creditcardpayment.controller.TransactionController [http-nio-9090-exec-1] Called GET mapping transactionHistory() method
2021-06-08 23:02:56,081 INFO com.cg.creditcardpayment.services.TransactionServices [http-nio-9090-exec-1] Called transactionHistory() method of TransactionServices
2021-06-08 23:02:56,121 INFO com.cg.creditcardpayment.exceptions.CreditCardException [http-nio-9090-exec-1] card number not found
2021-06-08 23:02:56,124 WARN org.springframework.web.servlet.mvc.method.annotation.ExceptionHandlerExceptionResolver [http-nio-9090-exec-1] Resolved [card number not found]
2021-06-08 23:03:23,632 INFO com.cg.creditcardpayment.controller.TransactionController [http-nio-9090-exec-3] Called GET mapping transactionHistory() method
2021-06-08 23:03:23,633 INFO com.cg.creditcardpayment.services.TransactionServices [http-nio-9090-exec-3] Called transactionHistory() method of TransactionServices
2021-06-08 23:04:09,400 INFO com.cg.creditcardpayment.controller.TransactionController [http-nio-9090-exec-5] Called GET mapping getTransactionDetailById() method
2021-06-08 23:04:09,401 INFO com.cg.creditcardpayment.services.TransactionServices [http-nio-9090-exec-5] Called getTransactionDetailById() method of TransactionServices
2021-06-08 23:04:13,914 INFO com.cg.creditcardpayment.exceptions.TransactionException [http-nio-9090-exec-5] Transaction with Transaction Id 0 Does not Exists
2021-06-08 23:04:13,918 WARN org.springframework.web.servlet.mvc.method.annotation.ExceptionHandlerExceptionResolver [http-nio-9090-exec-5] Resolved [Transaction with Transaction Id 0 Does not Exists]
2021-06-08 23:04:13,978 INFO com.cg.creditcardpayment.controller.TransactionController [http-nio-9090-exec-6] Called GET mapping getTransactionDetailById() method
2021-06-08 23:04:13,978 INFO com.cg.creditcardpayment.services.TransactionServices [http-nio-9090-exec-6] Called getTransactionDetailById() method of TransactionServices
2021-06-08 23:05:19,714 INFO com.cg.creditcardpayment.controller.TransactionController [http-nio-9090-exec-9] Called GET mapping transactionHistory() method
2021-06-08 23:05:19,715 INFO com.cg.creditcardpayment.services.TransactionServices [http-nio-9090-exec-9] Called transactionHistory() method of TransactionServices
2021-06-08 23:05:19,724 INFO com.cg.creditcardpayment.exceptions.CreditCardException [http-nio-9090-exec-9] card number not found
2021-06-08 23:05:19,728 WARN org.springframework.web.servlet.mvc.method.annotation.ExceptionHandlerExceptionResolver [http-nio-9090-exec-9] Resolved [card number not found]
2021-06-08 23:05:57,278 INFO com.cg.creditcardpayment.controller.TransactionController [http-nio-9090-exec-1] Called GET mapping transactionHistory() method
2021-06-08 23:05:57,279 INFO com.cg.creditcardpayment.services.TransactionServices [http-nio-9090-exec-1] Called transactionHistory() method of TransactionServices
2021-06-08 23:05:57,491 INFO com.cg.creditcardpayment.exceptions.CreditCardException [http-nio-9090-exec-1] card number not found
2021-06-08 23:05:57,495 WARN org.springframework.web.servlet.mvc.method.annotation.ExceptionHandlerExceptionResolver [http-nio-9090-exec-1] Resolved [card number not found]
2021-06-08 23:06:15,051 INFO com.cg.creditcardpayment.controller.TransactionController [http-nio-9090-exec-2] Called GET mapping transactionHistory() method
2021-06-08 23:06:15,052 INFO com.cg.creditcardpayment.services.TransactionServices [http-nio-9090-exec-2] Called transactionHistory() method of TransactionServices
2021-06-08 23:06:50,108 INFO com.cg.creditcardpayment.controller.TransactionController [http-nio-9090-exec-4] Called GET mapping transactionHistory() method
2021-06-08 23:06:50,108 INFO com.cg.creditcardpayment.services.TransactionServices [http-nio-9090-exec-4] Called transactionHistory() method of TransactionServices
2021-06-08 23:06:50,119 INFO com.cg.creditcardpayment.exceptions.CreditCardException [http-nio-9090-exec-4] card number not found
2021-06-08 23:06:50,124 WARN org.springframework.web.servlet.mvc.method.annotation.ExceptionHandlerExceptionResolver [http-nio-9090-exec-4] Resolved [card number not found]
2021-06-08 23:07:01,042 INFO com.cg.creditcardpayment.controller.TransactionController [http-nio-9090-exec-6] Called GET mapping transactionHistory() method
2021-06-08 23:07:01,042 INFO com.cg.creditcardpayment.services.TransactionServices [http-nio-9090-exec-6] Called transactionHistory() method of TransactionServices
2021-06-08 23:07:01,048 INFO com.cg.creditcardpayment.exceptions.CreditCardException [http-nio-9090-exec-6] card number not found
2021-06-08 23:07:01,051 WARN org.springframework.web.servlet.mvc.method.annotation.ExceptionHandlerExceptionResolver [http-nio-9090-exec-6] Resolved [card number not found]
2021-06-08 23:10:17,104 INFO com.cg.creditcardpayment.controller.TransactionController [http-nio-9090-exec-8] Called GET mapping transactionHistory() method
2021-06-08 23:10:17,104 INFO com.cg.creditcardpayment.services.TransactionServices [http-nio-9090-exec-8] Called transactionHistory() method of TransactionServices
2021-06-08 23:10:17,139 INFO com.cg.creditcardpayment.exceptions.CreditCardException [http-nio-9090-exec-8] card number not found
2021-06-08 23:10:17,169 WARN org.springframework.web.servlet.mvc.method.annotation.ExceptionHandlerExceptionResolver [http-nio-9090-exec-8] Resolved [card number not found]
2021-06-08 23:10:32,413 INFO com.cg.creditcardpayment.controller.TransactionController [http-nio-9090-exec-9] Called GET mapping transactionHistory() method
2021-06-08 23:10:32,413 INFO com.cg.creditcardpayment.services.TransactionServices [http-nio-9090-exec-9] Called transactionHistory() method of TransactionServices
2021-06-08 23:11:38,841 INFO com.cg.creditcardpayment.controller.TransactionController [http-nio-9090-exec-1] Called GET mapping getTransactionDetailById() method
2021-06-08 23:11:38,842 INFO com.cg.creditcardpayment.services.TransactionServices [http-nio-9090-exec-1] Called getTransactionDetailById() method of TransactionServices
2021-06-08 23:11:38,849 INFO com.cg.creditcardpayment.exceptions.TransactionException [http-nio-9090-exec-1] Transaction with Transaction Id 0 Does not Exists
2021-06-08 23:11:38,852 WARN org.springframework.web.servlet.mvc.method.annotation.ExceptionHandlerExceptionResolver [http-nio-9090-exec-1] Resolved [Transaction with Transaction Id 0 Does not Exists]
2021-06-08 23:11:43,637 INFO com.cg.creditcardpayment.controller.TransactionController [http-nio-9090-exec-2] Called GET mapping getAllTransactions() method
2021-06-08 23:11:43,637 INFO com.cg.creditcardpayment.services.TransactionServices [http-nio-9090-exec-2] Called getAllTransactions() method of TransactionServices
2021-06-08 23:35:02,338 INFO com.cg.creditcardpayment.controller.CreditCardController [http-nio-9090-exec-4] Called GET mapping findAll() method
2021-06-08 23:35:02,384 INFO com.cg.creditcardpayment.services.CreditCardService [http-nio-9090-exec-4] Called findAll() method of CreditCardService
2021-06-08 23:36:03,312 INFO org.springframework.boot.admin.SpringApplicationAdminMXBeanRegistrar$SpringApplicationAdmin [RMI TCP Connection(896)-127.0.0.1] Application shutdown requested.
2021-06-08 23:36:10,372 INFO org.springframework.scheduling.concurrent.ThreadPoolTaskExecutor [RMI TCP Connection(896)-127.0.0.1] Shutting down ExecutorService 'applicationTaskExecutor'
2021-06-08 23:36:10,925 INFO org.springframework.orm.jpa.LocalContainerEntityManagerFactoryBean [RMI TCP Connection(896)-127.0.0.1] Closing JPA EntityManagerFactory for persistence unit 'default'
2021-06-08 23:36:12,884 INFO com.zaxxer.hikari.HikariDataSource [RMI TCP Connection(896)-127.0.0.1] HikariPool-1 - Shutdown initiated...
2021-06-08 23:36:13,443 INFO com.zaxxer.hikari.HikariDataSource [RMI TCP Connection(896)-127.0.0.1] HikariPool-1 - Shutdown completed.
2021-06-08 23:36:40,115 INFO com.cg.creditcardpayment.CreditcardBillPaymentApplication [restartedMain] Starting CreditcardBillPaymentApplication using Java 15.0.2 on DESKTOP-88QC7I7 with PID 17340 (H:\CreditcardBillPayment\bin\main started by UJJAWAL in H:\CreditcardBillPayment)
2021-06-08 23:36:40,119 INFO com.cg.creditcardpayment.CreditcardBillPaymentApplication [restartedMain] No active profile set, falling back to default profiles: default
2021-06-08 23:36:40,324 INFO org.springframework.boot.devtools.env.DevToolsPropertyDefaultsPostProcessor [restartedMain] Devtools property defaults active! Set 'spring.devtools.add-properties' to 'false' to disable
2021-06-08 23:36:40,324 INFO org.springframework.boot.devtools.env.DevToolsPropertyDefaultsPostProcessor [restartedMain] For additional web related logging consider setting the 'logging.level.web' property to 'DEBUG'
2021-06-08 23:36:47,033 INFO org.springframework.data.repository.config.RepositoryConfigurationDelegate [restartedMain] Bootstrapping Spring Data JPA repositories in DEFAULT mode.
2021-06-08 23:36:47,390 INFO org.springframework.data.repository.config.RepositoryConfigurationDelegate [restartedMain] Finished Spring Data repository scanning in 317 ms. Found 8 JPA repository interfaces.
2021-06-08 23:36:50,423 INFO org.springframework.boot.web.embedded.tomcat.TomcatWebServer [restartedMain] Tomcat initialized with port(s): 9090 (http)
2021-06-08 23:36:50,493 INFO org.apache.catalina.core.StandardService [restartedMain] Starting service [Tomcat]
2021-06-08 23:36:50,493 INFO org.apache.catalina.core.StandardEngine [restartedMain] Starting Servlet engine: [Apache Tomcat/9.0.45]
2021-06-08 23:36:50,901 INFO org.apache.catalina.core.ContainerBase.[Tomcat].[localhost].[/] [restartedMain] Initializing Spring embedded WebApplicationContext
2021-06-08 23:36:50,901 INFO org.springframework.boot.web.servlet.context.ServletWebServerApplicationContext [restartedMain] Root WebApplicationContext: initialization completed in 10576 ms
2021-06-08 23:36:51,691 INFO org.hibernate.jpa.internal.util.LogHelper [restartedMain] HHH000204: Processing PersistenceUnitInfo [name: default]
2021-06-08 23:36:51,924 INFO org.hibernate.Version [restartedMain] HHH000412: Hibernate ORM core version 5.4.30.Final
2021-06-08 23:36:52,729 INFO org.hibernate.annotations.common.Version [restartedMain] HCANN000001: Hibernate Commons Annotations {5.1.2.Final}
2021-06-08 23:36:53,062 INFO com.zaxxer.hikari.HikariDataSource [restartedMain] HikariPool-1 - Starting...
2021-06-08 23:36:53,665 INFO com.zaxxer.hikari.HikariDataSource [restartedMain] HikariPool-1 - Start completed.
2021-06-08 23:36:53,771 INFO org.hibernate.dialect.Dialect [restartedMain] HHH000400: Using dialect: org.hibernate.dialect.PostgreSQL10Dialect
2021-06-08 23:37:00,475 INFO org.hibernate.engine.transaction.jta.platform.internal.JtaPlatformInitiator [restartedMain] HHH000490: Using JtaPlatform implementation: [org.hibernate.engine.transaction.jta.platform.internal.NoJtaPlatform]
2021-06-08 23:37:00,495 INFO org.springframework.orm.jpa.LocalContainerEntityManagerFactoryBean [restartedMain] Initialized JPA EntityManagerFactory for persistence unit 'default'
2021-06-08 23:37:00,658 INFO org.springframework.boot.devtools.autoconfigure.OptionalLiveReloadServer [restartedMain] LiveReload server is running on port 35729
2021-06-08 23:37:03,443 WARN org.springframework.boot.autoconfigure.orm.jpa.JpaBaseConfiguration$JpaWebConfiguration [restartedMain] spring.jpa.open-in-view is enabled by default. Therefore, database queries may be performed during view rendering. Explicitly configure spring.jpa.open-in-view to disable this warning
2021-06-08 23:37:05,983 INFO springfox.documentation.spring.web.WebMvcPropertySourcedRequestMappingHandlerMapping [restartedMain] Mapped URL path [/v2/api-docs] onto method [springfox.documentation.swagger2.web.Swagger2ControllerWebMvc#getDocumentation(String, HttpServletRequest)]
2021-06-08 23:37:06,669 INFO org.springframework.scheduling.concurrent.ThreadPoolTaskExecutor [restartedMain] Initializing ExecutorService 'applicationTaskExecutor'
2021-06-08 23:37:07,814 INFO org.springframework.boot.web.embedded.tomcat.TomcatWebServer [restartedMain] Tomcat started on port(s): 9090 (http) with context path ''
2021-06-08 23:37:07,816 INFO springfox.documentation.spring.web.plugins.DocumentationPluginsBootstrapper [restartedMain] Documentation plugins bootstrapped
2021-06-08 23:37:07,825 INFO springfox.documentation.spring.web.plugins.DocumentationPluginsBootstrapper [restartedMain] Found 1 custom documentation plugin(s)
2021-06-08 23:37:07,988 INFO org.apache.catalina.core.ContainerBase.[Tomcat].[localhost].[/] [http-nio-9090-exec-1] Initializing Spring DispatcherServlet 'dispatcherServlet'
2021-06-08 23:37:07,989 INFO org.springframework.web.servlet.DispatcherServlet [http-nio-9090-exec-1] Initializing Servlet 'dispatcherServlet'
2021-06-08 23:37:07,992 INFO org.springframework.web.servlet.DispatcherServlet [http-nio-9090-exec-1] Completed initialization in 3 ms
2021-06-08 23:37:08,004 INFO springfox.documentation.spring.web.scanners.ApiListingReferenceScanner [restartedMain] Scanning for api listing references
2021-06-08 23:37:08,269 INFO com.cg.creditcardpayment.controller.CreditCardController [http-nio-9090-exec-1] Called GET mapping findAll() method
2021-06-08 23:37:08,269 INFO com.cg.creditcardpayment.services.CreditCardService [http-nio-9090-exec-1] Called findAll() method of CreditCardService
2021-06-08 23:37:08,973 INFO springfox.documentation.spring.web.readers.operation.CachingOperationNameGenerator [restartedMain] Generating unique operation named: addUsingPOST_1
2021-06-08 23:37:08,995 INFO springfox.documentation.spring.web.readers.operation.CachingOperationNameGenerator [restartedMain] Generating unique operation named: findByIdUsingGET_1
2021-06-08 23:37:09,008 INFO springfox.documentation.spring.web.readers.operation.CachingOperationNameGenerator [restartedMain] Generating unique operation named: findAllUsingGET_1
2021-06-08 23:37:09,209 INFO springfox.documentation.spring.web.readers.operation.CachingOperationNameGenerator [restartedMain] Generating unique operation named: updatePaymentUsingPUT_1
2021-06-08 23:37:09,261 INFO com.cg.creditcardpayment.CreditcardBillPaymentApplication [restartedMain] Started CreditcardBillPaymentApplication in 30.865 seconds (JVM running for 38.352)
2021-06-08 23:38:04,302 INFO com.cg.creditcardpayment.controller.CreditCardController [http-nio-9090-exec-2] Called GET mapping findAll() method
2021-06-08 23:38:04,303 INFO com.cg.creditcardpayment.services.CreditCardService [http-nio-9090-exec-2] Called findAll() method of CreditCardService
2021-06-08 23:38:17,389 INFO com.cg.creditcardpayment.controller.CreditCardController [http-nio-9090-exec-4] Called GET mapping findAll() method
2021-06-08 23:38:17,389 INFO com.cg.creditcardpayment.services.CreditCardService [http-nio-9090-exec-4] Called findAll() method of CreditCardService
2021-06-08 23:40:40,202 INFO com.cg.creditcardpayment.controller.CreditCardController [http-nio-9090-exec-6] Called GET mapping findAll() method
2021-06-08 23:40:40,203 INFO com.cg.creditcardpayment.services.CreditCardService [http-nio-9090-exec-6] Called findAll() method of CreditCardService
2021-06-08 23:41:47,115 INFO com.cg.creditcardpayment.controller.CreditCardController [http-nio-9090-exec-8] Called GET mapping findAll() method
2021-06-08 23:41:47,115 INFO com.cg.creditcardpayment.services.CreditCardService [http-nio-9090-exec-8] Called findAll() method of CreditCardService
