2021-05-26 16:42:54,914 INFO com.cg.creditcardpayment.CreditcardBillPaymentApplication [restartedMain] Starting CreditcardBillPaymentApplication using Java 15.0.2 on DESKTOP-88QC7I7 with PID 12748 (H:\CreditcardBillPayment\bin\main started by UJJAWAL in H:\CreditcardBillPayment)
2021-05-26 16:42:54,938 INFO com.cg.creditcardpayment.CreditcardBillPaymentApplication [restartedMain] No active profile set, falling back to default profiles: default
2021-05-26 16:42:55,228 INFO org.springframework.boot.devtools.env.DevToolsPropertyDefaultsPostProcessor [restartedMain] Devtools property defaults active! Set 'spring.devtools.add-properties' to 'false' to disable
2021-05-26 16:42:55,229 INFO org.springframework.boot.devtools.env.DevToolsPropertyDefaultsPostProcessor [restartedMain] For additional web related logging consider setting the 'logging.level.web' property to 'DEBUG'
2021-05-26 16:42:59,854 INFO org.springframework.data.repository.config.RepositoryConfigurationDelegate [restartedMain] Bootstrapping Spring Data JPA repositories in DEFAULT mode.
2021-05-26 16:43:00,150 INFO org.springframework.data.repository.config.RepositoryConfigurationDelegate [restartedMain] Finished Spring Data repository scanning in 282 ms. Found 7 JPA repository interfaces.
2021-05-26 16:43:02,943 INFO org.springframework.boot.web.embedded.tomcat.TomcatWebServer [restartedMain] Tomcat initialized with port(s): 9090 (http)
2021-05-26 16:43:03,029 INFO org.apache.catalina.core.StandardService [restartedMain] Starting service [Tomcat]
2021-05-26 16:43:03,030 INFO org.apache.catalina.core.StandardEngine [restartedMain] Starting Servlet engine: [Apache Tomcat/9.0.45]
2021-05-26 16:43:03,554 INFO org.apache.catalina.core.ContainerBase.[Tomcat].[localhost].[/] [restartedMain] Initializing Spring embedded WebApplicationContext
2021-05-26 16:43:03,555 INFO org.springframework.boot.web.servlet.context.ServletWebServerApplicationContext [restartedMain] Root WebApplicationContext: initialization completed in 8322 ms
2021-05-26 16:43:04,278 INFO org.hibernate.jpa.internal.util.LogHelper [restartedMain] HHH000204: Processing PersistenceUnitInfo [name: default]
2021-05-26 16:43:04,505 INFO org.hibernate.Version [restartedMain] HHH000412: Hibernate ORM core version 5.4.30.Final
2021-05-26 16:43:05,646 INFO org.hibernate.annotations.common.Version [restartedMain] HCANN000001: Hibernate Commons Annotations {5.1.2.Final}
2021-05-26 16:43:06,232 INFO com.zaxxer.hikari.HikariDataSource [restartedMain] HikariPool-1 - Starting...
2021-05-26 16:43:06,967 INFO com.zaxxer.hikari.HikariDataSource [restartedMain] HikariPool-1 - Start completed.
2021-05-26 16:43:07,081 INFO org.hibernate.dialect.Dialect [restartedMain] HHH000400: Using dialect: org.hibernate.dialect.PostgreSQL10Dialect
2021-05-26 16:43:11,425 INFO org.hibernate.engine.transaction.jta.platform.internal.JtaPlatformInitiator [restartedMain] HHH000490: Using JtaPlatform implementation: [org.hibernate.engine.transaction.jta.platform.internal.NoJtaPlatform]
2021-05-26 16:43:11,513 INFO org.springframework.orm.jpa.LocalContainerEntityManagerFactoryBean [restartedMain] Initialized JPA EntityManagerFactory for persistence unit 'default'
2021-05-26 16:43:11,623 INFO org.springframework.boot.devtools.autoconfigure.OptionalLiveReloadServer [restartedMain] LiveReload server is running on port 35729
2021-05-26 16:43:13,161 WARN org.springframework.boot.autoconfigure.orm.jpa.JpaBaseConfiguration$JpaWebConfiguration [restartedMain] spring.jpa.open-in-view is enabled by default. Therefore, database queries may be performed during view rendering. Explicitly configure spring.jpa.open-in-view to disable this warning
2021-05-26 16:43:14,143 INFO springfox.documentation.spring.web.WebMvcPropertySourcedRequestMappingHandlerMapping [restartedMain] Mapped URL path [/v2/api-docs] onto method [springfox.documentation.swagger2.web.Swagger2ControllerWebMvc#getDocumentation(String, HttpServletRequest)]
2021-05-26 16:43:14,583 INFO org.springframework.scheduling.concurrent.ThreadPoolTaskExecutor [restartedMain] Initializing ExecutorService 'applicationTaskExecutor'
2021-05-26 16:43:15,416 INFO org.springframework.boot.web.embedded.tomcat.TomcatWebServer [restartedMain] Tomcat started on port(s): 9090 (http) with context path ''
2021-05-26 16:43:15,417 INFO springfox.documentation.spring.web.plugins.DocumentationPluginsBootstrapper [restartedMain] Documentation plugins bootstrapped
2021-05-26 16:43:15,423 INFO springfox.documentation.spring.web.plugins.DocumentationPluginsBootstrapper [restartedMain] Found 1 custom documentation plugin(s)
2021-05-26 16:43:15,533 INFO springfox.documentation.spring.web.scanners.ApiListingReferenceScanner [restartedMain] Scanning for api listing references
2021-05-26 16:43:16,014 INFO springfox.documentation.spring.web.readers.operation.CachingOperationNameGenerator [restartedMain] Generating unique operation named: findByIdUsingGET_1
2021-05-26 16:43:16,053 INFO springfox.documentation.spring.web.readers.operation.CachingOperationNameGenerator [restartedMain] Generating unique operation named: addUsingPOST_1
2021-05-26 16:43:16,061 INFO springfox.documentation.spring.web.readers.operation.CachingOperationNameGenerator [restartedMain] Generating unique operation named: findAllUsingGET_1
2021-05-26 16:43:16,351 INFO com.cg.creditcardpayment.CreditcardBillPaymentApplication [restartedMain] Started CreditcardBillPaymentApplication in 22.702 seconds (JVM running for 26.679)
2021-05-26 17:07:00,726 INFO org.apache.catalina.core.ContainerBase.[Tomcat].[localhost].[/] [http-nio-9090-exec-1] Initializing Spring DispatcherServlet 'dispatcherServlet'
2021-05-26 17:07:00,726 INFO org.springframework.web.servlet.DispatcherServlet [http-nio-9090-exec-1] Initializing Servlet 'dispatcherServlet'
2021-05-26 17:07:00,731 INFO org.springframework.web.servlet.DispatcherServlet [http-nio-9090-exec-1] Completed initialization in 4 ms
2021-05-26 17:07:00,961 INFO com.cg.creditcardpayment.controller.CustomerController [http-nio-9090-exec-1] Called POST mapping addCustomer() method
2021-05-26 17:07:01,137 INFO com.cg.creditcardpayment.services.CustomerService [http-nio-9090-exec-1] Called addCustomer() method of CustomerService
2021-05-26 17:07:01,526 WARN org.springframework.web.servlet.mvc.method.annotation.ExceptionHandlerExceptionResolver [http-nio-9090-exec-1] Resolved [org.springframework.transaction.TransactionSystemException: Could not commit JPA transaction; nested exception is javax.persistence.RollbackException: Error while committing the transaction]
2021-05-26 17:12:45,196 INFO com.cg.creditcardpayment.controller.CustomerController [http-nio-9090-exec-3] Called POST mapping addCustomer() method
2021-05-26 17:12:45,205 INFO com.cg.creditcardpayment.services.CustomerService [http-nio-9090-exec-3] Called addCustomer() method of CustomerService
2021-05-26 17:12:45,300 WARN org.springframework.web.servlet.mvc.method.annotation.ExceptionHandlerExceptionResolver [http-nio-9090-exec-3] Resolved [org.springframework.transaction.TransactionSystemException: Could not commit JPA transaction; nested exception is javax.persistence.RollbackException: Error while committing the transaction]
2021-05-26 17:14:53,951 INFO com.cg.creditcardpayment.controller.CustomerController [http-nio-9090-exec-6] Called POST mapping addCustomer() method
2021-05-26 17:14:53,959 INFO com.cg.creditcardpayment.services.CustomerService [http-nio-9090-exec-6] Called addCustomer() method of CustomerService
2021-05-26 17:14:53,969 WARN org.springframework.web.servlet.mvc.method.annotation.ExceptionHandlerExceptionResolver [http-nio-9090-exec-6] Resolved [org.springframework.transaction.TransactionSystemException: Could not commit JPA transaction; nested exception is javax.persistence.RollbackException: Error while committing the transaction]
2021-05-26 17:17:27,192 INFO com.cg.creditcardpayment.controller.CustomerController [http-nio-9090-exec-9] Called POST mapping addCustomer() method
2021-05-26 17:17:27,202 INFO com.cg.creditcardpayment.services.CustomerService [http-nio-9090-exec-9] Called addCustomer() method of CustomerService
2021-05-26 17:21:06,079 INFO com.cg.creditcardpayment.controller.CustomerController [http-nio-9090-exec-1] Called POST mapping addCustomer() method
2021-05-26 17:21:06,084 INFO com.cg.creditcardpayment.services.CustomerService [http-nio-9090-exec-1] Called addCustomer() method of CustomerService
2021-05-26 17:21:06,092 WARN org.springframework.web.servlet.mvc.method.annotation.ExceptionHandlerExceptionResolver [http-nio-9090-exec-1] Resolved [org.springframework.transaction.TransactionSystemException: Could not commit JPA transaction; nested exception is javax.persistence.RollbackException: Error while committing the transaction]
2021-05-26 17:29:15,040 INFO com.cg.creditcardpayment.controller.CustomerController [http-nio-9090-exec-3] Called GET mapping getCustomer() method
2021-05-26 17:29:15,041 INFO com.cg.creditcardpayment.services.CustomerService [http-nio-9090-exec-3] Called getCustomer() method of CustomerService
2021-05-26 17:30:12,288 INFO com.cg.creditcardpayment.controller.CustomerController [http-nio-9090-exec-4] Called GET mapping getCustomer() method
2021-05-26 17:30:12,289 INFO com.cg.creditcardpayment.services.CustomerService [http-nio-9090-exec-4] Called getCustomer() method of CustomerService
2021-05-26 17:30:44,084 INFO com.cg.creditcardpayment.controller.CustomerController [http-nio-9090-exec-6] Called GET mapping getCustomer() method
2021-05-26 17:30:44,084 INFO com.cg.creditcardpayment.services.CustomerService [http-nio-9090-exec-6] Called getCustomer() method of CustomerService
2021-05-26 17:31:53,583 INFO com.cg.creditcardpayment.controller.CustomerController [http-nio-9090-exec-9] Called GET mapping getCustomer() method
2021-05-26 17:31:53,583 INFO com.cg.creditcardpayment.services.CustomerService [http-nio-9090-exec-9] Called getCustomer() method of CustomerService
2021-05-26 17:34:59,958 INFO com.cg.creditcardpayment.controller.CustomerController [http-nio-9090-exec-1] Called POST mapping addCustomer() method
2021-05-26 17:34:59,963 INFO com.cg.creditcardpayment.services.CustomerService [http-nio-9090-exec-1] Called addCustomer() method of CustomerService
2021-05-26 17:34:59,972 WARN org.springframework.web.servlet.mvc.method.annotation.ExceptionHandlerExceptionResolver [http-nio-9090-exec-1] Resolved [org.springframework.transaction.TransactionSystemException: Could not commit JPA transaction; nested exception is javax.persistence.RollbackException: Error while committing the transaction]
2021-05-26 17:35:31,892 INFO com.cg.creditcardpayment.controller.CustomerController [http-nio-9090-exec-2] Called POST mapping addCustomer() method
2021-05-26 17:35:31,900 INFO com.cg.creditcardpayment.services.CustomerService [http-nio-9090-exec-2] Called addCustomer() method of CustomerService
2021-05-26 17:35:31,912 WARN org.springframework.web.servlet.mvc.method.annotation.ExceptionHandlerExceptionResolver [http-nio-9090-exec-2] Resolved [org.springframework.transaction.TransactionSystemException: Could not commit JPA transaction; nested exception is javax.persistence.RollbackException: Error while committing the transaction]
2021-05-26 17:36:00,362 INFO com.cg.creditcardpayment.controller.CustomerController [http-nio-9090-exec-4] Called POST mapping addCustomer() method
2021-05-26 17:36:00,365 INFO com.cg.creditcardpayment.services.CustomerService [http-nio-9090-exec-4] Called addCustomer() method of CustomerService
2021-05-26 17:36:00,374 WARN org.springframework.web.servlet.mvc.method.annotation.ExceptionHandlerExceptionResolver [http-nio-9090-exec-4] Resolved [org.springframework.transaction.TransactionSystemException: Could not commit JPA transaction; nested exception is javax.persistence.RollbackException: Error while committing the transaction]
2021-05-26 17:36:50,480 INFO com.cg.creditcardpayment.controller.CustomerController [http-nio-9090-exec-6] Called POST mapping addCustomer() method
2021-05-26 17:40:53,562 INFO com.cg.creditcardpayment.controller.CustomerController [http-nio-9090-exec-8] Called POST mapping addCustomer() method
2021-05-26 17:41:17,017 INFO com.cg.creditcardpayment.controller.CustomerController [http-nio-9090-exec-9] Called POST mapping addCustomer() method
2021-05-26 17:41:40,876 INFO com.cg.creditcardpayment.controller.CustomerController [http-nio-9090-exec-1] Called POST mapping addCustomer() method
2021-05-26 17:41:40,879 INFO com.cg.creditcardpayment.services.CustomerService [http-nio-9090-exec-1] Called addCustomer() method of CustomerService
2021-05-26 18:07:45,220 WARN com.zaxxer.hikari.pool.HikariPool [HikariPool-1 housekeeper] HikariPool-1 - Thread starvation or clock leap detected (housekeeper delta=18m7s108ms731µs600ns).
2021-05-26 18:25:14,360 INFO com.cg.creditcardpayment.controller.CreditCardController [http-nio-9090-exec-3] Called POST mapping add() method
2021-05-26 18:25:14,367 INFO com.cg.creditcardpayment.services.CreditCardService [http-nio-9090-exec-3] Called addCreditCard() method of CreditCardService
2021-05-26 18:26:58,257 INFO com.cg.creditcardpayment.controller.CreditCardController [http-nio-9090-exec-5] Called POST mapping add() method
2021-05-26 18:26:58,259 INFO com.cg.creditcardpayment.services.CreditCardService [http-nio-9090-exec-5] Called addCreditCard() method of CreditCardService
2021-05-26 19:09:21,301 INFO com.cg.creditcardpayment.controller.TransactionController [http-nio-9090-exec-8] Called GET mapping getTransactionDetailById() method
2021-05-26 19:09:21,301 INFO com.cg.creditcardpayment.services.TransactionServices [http-nio-9090-exec-8] Called getTransactionDetailById() method of TransactionServices
2021-05-26 19:35:05,928 INFO com.cg.creditcardpayment.controller.AccountController [http-nio-9090-exec-1] Called GET mapping getAccount() method
2021-05-26 19:35:05,941 INFO com.cg.creditcardpayment.services.AccountServices [http-nio-9090-exec-1] Called getAccount() method of AccountServices
2021-05-26 19:42:24,773 INFO com.cg.creditcardpayment.controller.CustomerController [http-nio-9090-exec-4] Called GET mapping getCustomer() method
2021-05-26 19:42:24,773 INFO com.cg.creditcardpayment.services.CustomerService [http-nio-9090-exec-4] Called getCustomer() method of CustomerService
2021-05-26 21:13:34,799 WARN com.zaxxer.hikari.pool.HikariPool [HikariPool-1 housekeeper] HikariPool-1 - Thread starvation or clock leap detected (housekeeper delta=39m47s435ms961µs300ns).
