2021-06-03 00:01:29,068 INFO com.cg.creditcardpayment.controller.AccountController [http-nio-9090-exec-9] Called GET mapping getAllAccounts() method
2021-06-03 00:01:31,116 INFO com.cg.creditcardpayment.services.AccountServices [http-nio-9090-exec-9] Called getAllAccount() method of AccountServices
2021-06-03 00:01:32,181 INFO com.cg.creditcardpayment.controller.AccountController [http-nio-9090-exec-10] Called GET mapping getAllAccounts() method
2021-06-03 00:01:32,181 INFO com.cg.creditcardpayment.services.AccountServices [http-nio-9090-exec-10] Called getAllAccount() method of AccountServices
2021-06-03 00:03:12,141 INFO com.cg.creditcardpayment.controller.AccountController [http-nio-9090-exec-3] Called GET mapping getAllAccounts() method
2021-06-03 00:03:12,142 INFO com.cg.creditcardpayment.services.AccountServices [http-nio-9090-exec-3] Called getAllAccount() method of AccountServices
2021-06-03 00:03:17,534 INFO com.cg.creditcardpayment.controller.AccountController [http-nio-9090-exec-2] Called GET mapping getAllAccounts() method
2021-06-03 00:03:17,534 INFO com.cg.creditcardpayment.services.AccountServices [http-nio-9090-exec-2] Called getAllAccount() method of AccountServices
2021-06-03 00:14:59,289 INFO com.cg.creditcardpayment.controller.AccountController [http-nio-9090-exec-7] Called GET mapping getAllAccounts() method
2021-06-03 00:14:59,289 INFO com.cg.creditcardpayment.services.AccountServices [http-nio-9090-exec-7] Called getAllAccount() method of AccountServices
2021-06-03 00:15:00,296 INFO com.cg.creditcardpayment.controller.AccountController [http-nio-9090-exec-5] Called GET mapping getAllAccounts() method
2021-06-03 00:15:00,296 INFO com.cg.creditcardpayment.services.AccountServices [http-nio-9090-exec-5] Called getAllAccount() method of AccountServices
2021-06-03 00:15:01,417 INFO com.cg.creditcardpayment.controller.AccountController [http-nio-9090-exec-8] Called GET mapping getAllAccounts() method
2021-06-03 00:15:01,417 INFO com.cg.creditcardpayment.services.AccountServices [http-nio-9090-exec-8] Called getAllAccount() method of AccountServices
2021-06-03 00:15:05,476 INFO com.cg.creditcardpayment.controller.AccountController [http-nio-9090-exec-6] Called GET mapping getAllAccounts() method
2021-06-03 00:15:05,476 INFO com.cg.creditcardpayment.services.AccountServices [http-nio-9090-exec-6] Called getAllAccount() method of AccountServices
2021-06-03 00:15:07,166 INFO com.cg.creditcardpayment.controller.AccountController [http-nio-9090-exec-9] Called GET mapping getAllAccounts() method
2021-06-03 00:15:07,166 INFO com.cg.creditcardpayment.services.AccountServices [http-nio-9090-exec-9] Called getAllAccount() method of AccountServices
2021-06-03 00:15:47,271 INFO com.cg.creditcardpayment.controller.AccountController [http-nio-9090-exec-10] Called GET mapping getAllAccounts() method
2021-06-03 00:15:47,271 INFO com.cg.creditcardpayment.services.AccountServices [http-nio-9090-exec-10] Called getAllAccount() method of AccountServices
2021-06-03 00:15:56,224 INFO com.cg.creditcardpayment.controller.AccountController [http-nio-9090-exec-1] Called GET mapping getAllAccounts() method
2021-06-03 00:15:56,225 INFO com.cg.creditcardpayment.services.AccountServices [http-nio-9090-exec-1] Called getAllAccount() method of AccountServices
2021-06-03 00:17:40,953 INFO com.cg.creditcardpayment.controller.AccountController [http-nio-9090-exec-2] Called GET mapping getAllAccounts() method
2021-06-03 00:17:40,953 INFO com.cg.creditcardpayment.services.AccountServices [http-nio-9090-exec-2] Called getAllAccount() method of AccountServices
2021-06-03 00:17:52,673 INFO com.cg.creditcardpayment.controller.AccountController [http-nio-9090-exec-4] Called GET mapping getAllAccounts() method
2021-06-03 00:17:52,673 INFO com.cg.creditcardpayment.services.AccountServices [http-nio-9090-exec-4] Called getAllAccount() method of AccountServices
2021-06-03 00:32:00,869 INFO com.cg.creditcardpayment.controller.AccountController [http-nio-9090-exec-5] Called GET mapping getAllAccounts() method
2021-06-03 00:32:00,870 INFO com.cg.creditcardpayment.services.AccountServices [http-nio-9090-exec-5] Called getAllAccount() method of AccountServices
2021-06-03 00:33:15,097 INFO com.cg.creditcardpayment.controller.AccountController [http-nio-9090-exec-6] Called GET mapping getAccount() method
2021-06-03 00:33:15,097 INFO com.cg.creditcardpayment.services.AccountServices [http-nio-9090-exec-6] Called getAccount() method of AccountServices
2021-06-03 00:33:15,446 INFO com.cg.creditcardpayment.exceptions.AccountNotFoundException [http-nio-9090-exec-6] Account not found
2021-06-03 00:33:15,508 WARN org.springframework.web.servlet.mvc.method.annotation.ExceptionHandlerExceptionResolver [http-nio-9090-exec-6] Resolved [Account not found]
2021-06-03 00:33:30,665 INFO com.cg.creditcardpayment.controller.AccountController [http-nio-9090-exec-9] Called GET mapping getAccount() method
2021-06-03 00:33:30,715 INFO com.cg.creditcardpayment.services.AccountServices [http-nio-9090-exec-9] Called getAccount() method of AccountServices
2021-06-03 00:34:11,143 INFO com.cg.creditcardpayment.controller.AccountController [http-nio-9090-exec-10] Called GET mapping getAccount() method
2021-06-03 00:34:11,143 INFO com.cg.creditcardpayment.services.AccountServices [http-nio-9090-exec-10] Called getAccount() method of AccountServices
2021-06-03 00:34:11,146 INFO com.cg.creditcardpayment.exceptions.AccountNotFoundException [http-nio-9090-exec-10] Account not found
2021-06-03 00:34:11,147 WARN org.springframework.web.servlet.mvc.method.annotation.ExceptionHandlerExceptionResolver [http-nio-9090-exec-10] Resolved [Account not found]
2021-06-03 00:34:59,182 INFO com.cg.creditcardpayment.controller.AccountController [http-nio-9090-exec-1] Called GET mapping getAccount() method
2021-06-03 00:34:59,182 INFO com.cg.creditcardpayment.services.AccountServices [http-nio-9090-exec-1] Called getAccount() method of AccountServices
2021-06-03 00:36:24,909 INFO com.cg.creditcardpayment.controller.AccountController [http-nio-9090-exec-2] Called GET mapping getAccount() method
2021-06-03 00:36:24,910 INFO com.cg.creditcardpayment.services.AccountServices [http-nio-9090-exec-2] Called getAccount() method of AccountServices
2021-06-03 00:36:33,914 INFO com.cg.creditcardpayment.controller.AccountController [http-nio-9090-exec-4] Called GET mapping getAccount() method
2021-06-03 00:36:33,915 INFO com.cg.creditcardpayment.services.AccountServices [http-nio-9090-exec-4] Called getAccount() method of AccountServices
2021-06-03 00:36:51,590 INFO com.cg.creditcardpayment.controller.AccountController [http-nio-9090-exec-7] Called GET mapping getAllAccounts() method
2021-06-03 00:36:51,590 INFO com.cg.creditcardpayment.services.AccountServices [http-nio-9090-exec-7] Called getAllAccount() method of AccountServices
2021-06-03 00:36:52,485 INFO com.cg.creditcardpayment.controller.AccountController [http-nio-9090-exec-5] Called GET mapping getAccount() method
2021-06-03 00:36:52,485 INFO com.cg.creditcardpayment.services.AccountServices [http-nio-9090-exec-5] Called getAccount() method of AccountServices
2021-06-03 00:36:52,488 INFO com.cg.creditcardpayment.exceptions.AccountNotFoundException [http-nio-9090-exec-5] Account not found
2021-06-03 00:36:52,488 WARN org.springframework.web.servlet.mvc.method.annotation.ExceptionHandlerExceptionResolver [http-nio-9090-exec-5] Resolved [Account not found]
2021-06-03 00:37:00,407 INFO com.cg.creditcardpayment.controller.AccountController [http-nio-9090-exec-8] Called GET mapping getAccount() method
2021-06-03 00:37:00,407 INFO com.cg.creditcardpayment.services.AccountServices [http-nio-9090-exec-8] Called getAccount() method of AccountServices
2021-06-03 00:37:16,499 INFO com.cg.creditcardpayment.controller.AccountController [http-nio-9090-exec-6] Called GET mapping getAllAccounts() method
2021-06-03 00:37:16,500 INFO com.cg.creditcardpayment.services.AccountServices [http-nio-9090-exec-6] Called getAllAccount() method of AccountServices
2021-06-03 00:37:17,661 INFO com.cg.creditcardpayment.controller.AccountController [http-nio-9090-exec-9] Called GET mapping getAccount() method
2021-06-03 00:37:17,661 INFO com.cg.creditcardpayment.services.AccountServices [http-nio-9090-exec-9] Called getAccount() method of AccountServices
2021-06-03 00:37:17,662 INFO com.cg.creditcardpayment.exceptions.AccountNotFoundException [http-nio-9090-exec-9] Account not found
2021-06-03 00:37:17,671 WARN org.springframework.web.servlet.mvc.method.annotation.ExceptionHandlerExceptionResolver [http-nio-9090-exec-9] Resolved [Account not found]
2021-06-03 00:37:54,868 INFO com.cg.creditcardpayment.controller.AccountController [http-nio-9090-exec-10] Called GET mapping getAccount() method
2021-06-03 00:37:54,868 INFO com.cg.creditcardpayment.services.AccountServices [http-nio-9090-exec-10] Called getAccount() method of AccountServices
2021-06-03 00:37:54,871 INFO com.cg.creditcardpayment.exceptions.AccountNotFoundException [http-nio-9090-exec-10] Account not found
2021-06-03 00:37:54,872 WARN org.springframework.web.servlet.mvc.method.annotation.ExceptionHandlerExceptionResolver [http-nio-9090-exec-10] Resolved [Account not found]
2021-06-03 00:38:34,878 INFO com.cg.creditcardpayment.controller.AccountController [http-nio-9090-exec-1] Called GET mapping getAccount() method
2021-06-03 00:38:34,878 INFO com.cg.creditcardpayment.services.AccountServices [http-nio-9090-exec-1] Called getAccount() method of AccountServices
2021-06-03 00:38:34,880 INFO com.cg.creditcardpayment.exceptions.AccountNotFoundException [http-nio-9090-exec-1] Account not found
2021-06-03 00:38:34,881 WARN org.springframework.web.servlet.mvc.method.annotation.ExceptionHandlerExceptionResolver [http-nio-9090-exec-1] Resolved [Account not found]
2021-06-03 00:38:46,768 INFO com.cg.creditcardpayment.controller.AccountController [http-nio-9090-exec-3] Called GET mapping getAllAccounts() method
2021-06-03 00:38:46,769 INFO com.cg.creditcardpayment.services.AccountServices [http-nio-9090-exec-3] Called getAllAccount() method of AccountServices
2021-06-03 00:38:47,507 INFO com.cg.creditcardpayment.controller.AccountController [http-nio-9090-exec-2] Called GET mapping getAccount() method
2021-06-03 00:38:47,580 INFO com.cg.creditcardpayment.services.AccountServices [http-nio-9090-exec-2] Called getAccount() method of AccountServices
2021-06-03 00:38:47,582 INFO com.cg.creditcardpayment.exceptions.AccountNotFoundException [http-nio-9090-exec-2] Account not found
2021-06-03 00:38:47,582 WARN org.springframework.web.servlet.mvc.method.annotation.ExceptionHandlerExceptionResolver [http-nio-9090-exec-2] Resolved [Account not found]
2021-06-03 00:39:45,628 INFO com.cg.creditcardpayment.controller.AccountController [http-nio-9090-exec-4] Called GET mapping getAccount() method
2021-06-03 00:39:45,629 INFO com.cg.creditcardpayment.services.AccountServices [http-nio-9090-exec-4] Called getAccount() method of AccountServices
2021-06-03 00:39:45,631 INFO com.cg.creditcardpayment.exceptions.AccountNotFoundException [http-nio-9090-exec-4] Account not found
2021-06-03 00:39:45,633 WARN org.springframework.web.servlet.mvc.method.annotation.ExceptionHandlerExceptionResolver [http-nio-9090-exec-4] Resolved [Account not found]
2021-06-03 00:43:14,952 INFO com.cg.creditcardpayment.controller.AccountController [http-nio-9090-exec-5] Called GET mapping getAccount() method
2021-06-03 00:43:14,952 INFO com.cg.creditcardpayment.services.AccountServices [http-nio-9090-exec-5] Called getAccount() method of AccountServices
2021-06-03 00:43:14,954 INFO com.cg.creditcardpayment.exceptions.AccountNotFoundException [http-nio-9090-exec-5] Account not found
2021-06-03 00:43:14,955 WARN org.springframework.web.servlet.mvc.method.annotation.ExceptionHandlerExceptionResolver [http-nio-9090-exec-5] Resolved [Account not found]
2021-06-03 00:43:23,522 INFO com.cg.creditcardpayment.controller.AccountController [http-nio-9090-exec-8] Called GET mapping getAccount() method
2021-06-03 00:43:23,522 INFO com.cg.creditcardpayment.services.AccountServices [http-nio-9090-exec-8] Called getAccount() method of AccountServices
2021-06-03 00:43:23,523 INFO com.cg.creditcardpayment.exceptions.AccountNotFoundException [http-nio-9090-exec-8] Account not found
2021-06-03 00:43:23,524 WARN org.springframework.web.servlet.mvc.method.annotation.ExceptionHandlerExceptionResolver [http-nio-9090-exec-8] Resolved [Account not found]
2021-06-03 00:43:26,347 INFO com.cg.creditcardpayment.controller.AccountController [http-nio-9090-exec-6] Called GET mapping getAllAccounts() method
2021-06-03 00:43:26,347 INFO com.cg.creditcardpayment.services.AccountServices [http-nio-9090-exec-6] Called getAllAccount() method of AccountServices
2021-06-03 00:43:27,410 INFO com.cg.creditcardpayment.controller.AccountController [http-nio-9090-exec-9] Called GET mapping getAccount() method
2021-06-03 00:43:27,411 INFO com.cg.creditcardpayment.services.AccountServices [http-nio-9090-exec-9] Called getAccount() method of AccountServices
2021-06-03 00:43:27,413 INFO com.cg.creditcardpayment.exceptions.AccountNotFoundException [http-nio-9090-exec-9] Account not found
2021-06-03 00:43:27,415 WARN org.springframework.web.servlet.mvc.method.annotation.ExceptionHandlerExceptionResolver [http-nio-9090-exec-9] Resolved [Account not found]
2021-06-03 00:43:40,921 INFO com.cg.creditcardpayment.controller.AccountController [http-nio-9090-exec-10] Called GET mapping getAccount() method
2021-06-03 00:43:40,921 INFO com.cg.creditcardpayment.services.AccountServices [http-nio-9090-exec-10] Called getAccount() method of AccountServices
2021-06-03 00:43:40,923 INFO com.cg.creditcardpayment.exceptions.AccountNotFoundException [http-nio-9090-exec-10] Account not found
2021-06-03 00:43:40,950 WARN org.springframework.web.servlet.mvc.method.annotation.ExceptionHandlerExceptionResolver [http-nio-9090-exec-10] Resolved [Account not found]
2021-06-03 00:44:06,969 INFO com.cg.creditcardpayment.controller.AccountController [http-nio-9090-exec-1] Called GET mapping getAccount() method
2021-06-03 00:44:06,969 INFO com.cg.creditcardpayment.services.AccountServices [http-nio-9090-exec-1] Called getAccount() method of AccountServices
2021-06-03 00:44:06,972 INFO com.cg.creditcardpayment.exceptions.AccountNotFoundException [http-nio-9090-exec-1] Account not found
2021-06-03 00:44:06,974 WARN org.springframework.web.servlet.mvc.method.annotation.ExceptionHandlerExceptionResolver [http-nio-9090-exec-1] Resolved [Account not found]
2021-06-03 00:44:08,760 INFO com.cg.creditcardpayment.controller.AccountController [http-nio-9090-exec-3] Called GET mapping getAllAccounts() method
2021-06-03 00:44:08,760 INFO com.cg.creditcardpayment.services.AccountServices [http-nio-9090-exec-3] Called getAllAccount() method of AccountServices
2021-06-03 00:44:14,042 INFO com.cg.creditcardpayment.controller.AccountController [http-nio-9090-exec-2] Called GET mapping getAllAccounts() method
2021-06-03 00:44:14,042 INFO com.cg.creditcardpayment.services.AccountServices [http-nio-9090-exec-2] Called getAllAccount() method of AccountServices
2021-06-03 00:49:05,192 INFO com.cg.creditcardpayment.controller.AccountController [http-nio-9090-exec-7] Called GET mapping getAllAccounts() method
2021-06-03 00:49:05,192 INFO com.cg.creditcardpayment.services.AccountServices [http-nio-9090-exec-7] Called getAllAccount() method of AccountServices
2021-06-03 00:54:27,954 INFO com.cg.creditcardpayment.controller.AccountController [http-nio-9090-exec-8] Called GET mapping getAccount() method
2021-06-03 00:54:27,955 INFO com.cg.creditcardpayment.services.AccountServices [http-nio-9090-exec-8] Called getAccount() method of AccountServices
2021-06-03 00:54:27,956 INFO com.cg.creditcardpayment.exceptions.AccountNotFoundException [http-nio-9090-exec-8] Account not found
2021-06-03 00:54:27,957 WARN org.springframework.web.servlet.mvc.method.annotation.ExceptionHandlerExceptionResolver [http-nio-9090-exec-8] Resolved [Account not found]
2021-06-03 00:54:30,340 INFO com.cg.creditcardpayment.controller.AccountController [http-nio-9090-exec-6] Called GET mapping getAllAccounts() method
2021-06-03 00:54:30,340 INFO com.cg.creditcardpayment.services.AccountServices [http-nio-9090-exec-6] Called getAllAccount() method of AccountServices
2021-06-03 00:54:56,209 INFO com.cg.creditcardpayment.controller.AccountController [http-nio-9090-exec-9] Called GET mapping getAllAccounts() method
2021-06-03 00:54:56,209 INFO com.cg.creditcardpayment.services.AccountServices [http-nio-9090-exec-9] Called getAllAccount() method of AccountServices
2021-06-03 00:54:56,894 INFO com.cg.creditcardpayment.controller.AccountController [http-nio-9090-exec-10] Called GET mapping getAccount() method
2021-06-03 00:54:56,894 INFO com.cg.creditcardpayment.services.AccountServices [http-nio-9090-exec-10] Called getAccount() method of AccountServices
2021-06-03 00:54:56,895 INFO com.cg.creditcardpayment.exceptions.AccountNotFoundException [http-nio-9090-exec-10] Account not found
2021-06-03 00:54:56,895 WARN org.springframework.web.servlet.mvc.method.annotation.ExceptionHandlerExceptionResolver [http-nio-9090-exec-10] Resolved [Account not found]
2021-06-03 00:55:07,693 INFO com.cg.creditcardpayment.controller.AccountController [http-nio-9090-exec-1] Called GET mapping getAccount() method
2021-06-03 00:55:07,693 INFO com.cg.creditcardpayment.services.AccountServices [http-nio-9090-exec-1] Called getAccount() method of AccountServices
2021-06-03 00:55:21,152 INFO com.cg.creditcardpayment.controller.AccountController [http-nio-9090-exec-3] Called GET mapping getAllAccounts() method
2021-06-03 00:55:21,152 INFO com.cg.creditcardpayment.services.AccountServices [http-nio-9090-exec-3] Called getAllAccount() method of AccountServices
2021-06-03 00:59:37,769 INFO com.cg.creditcardpayment.controller.AccountController [http-nio-9090-exec-4] Called GET mapping getAllAccounts() method
2021-06-03 00:59:37,769 INFO com.cg.creditcardpayment.services.AccountServices [http-nio-9090-exec-4] Called getAllAccount() method of AccountServices
2021-06-03 00:59:38,307 INFO com.cg.creditcardpayment.controller.AccountController [http-nio-9090-exec-7] Called GET mapping getAccount() method
2021-06-03 00:59:38,307 INFO com.cg.creditcardpayment.services.AccountServices [http-nio-9090-exec-7] Called getAccount() method of AccountServices
2021-06-03 00:59:38,309 INFO com.cg.creditcardpayment.exceptions.AccountNotFoundException [http-nio-9090-exec-7] Account not found
2021-06-03 00:59:38,310 WARN org.springframework.web.servlet.mvc.method.annotation.ExceptionHandlerExceptionResolver [http-nio-9090-exec-7] Resolved [Account not found]
2021-06-03 00:59:45,139 INFO com.cg.creditcardpayment.controller.AccountController [http-nio-9090-exec-5] Called GET mapping getAccount() method
2021-06-03 00:59:45,140 INFO com.cg.creditcardpayment.services.AccountServices [http-nio-9090-exec-5] Called getAccount() method of AccountServices
2021-06-03 00:59:45,142 INFO com.cg.creditcardpayment.exceptions.AccountNotFoundException [http-nio-9090-exec-5] Account not found
2021-06-03 00:59:45,143 WARN org.springframework.web.servlet.mvc.method.annotation.ExceptionHandlerExceptionResolver [http-nio-9090-exec-5] Resolved [Account not found]
2021-06-03 01:01:42,243 INFO com.cg.creditcardpayment.controller.AccountController [http-nio-9090-exec-6] Called GET mapping getAccount() method
2021-06-03 01:01:42,243 INFO com.cg.creditcardpayment.services.AccountServices [http-nio-9090-exec-6] Called getAccount() method of AccountServices
2021-06-03 01:01:42,245 INFO com.cg.creditcardpayment.exceptions.AccountNotFoundException [http-nio-9090-exec-6] Account not found
2021-06-03 01:01:42,247 WARN org.springframework.web.servlet.mvc.method.annotation.ExceptionHandlerExceptionResolver [http-nio-9090-exec-6] Resolved [Account not found]
2021-06-03 01:02:20,120 INFO com.cg.creditcardpayment.controller.AccountController [http-nio-9090-exec-10] Called GET mapping getAccount() method
2021-06-03 01:02:20,120 INFO com.cg.creditcardpayment.services.AccountServices [http-nio-9090-exec-10] Called getAccount() method of AccountServices
2021-06-03 04:07:19,163 WARN com.zaxxer.hikari.pool.HikariPool [HikariPool-1 housekeeper] HikariPool-1 - Thread starvation or clock leap detected (housekeeper delta=3h1m58s28ms636탎500ns).
2021-06-03 07:28:46,757 WARN com.zaxxer.hikari.pool.HikariPool [HikariPool-1 housekeeper] HikariPool-1 - Thread starvation or clock leap detected (housekeeper delta=3h1m57s277ms830탎300ns).
2021-06-03 08:59:58,707 WARN com.zaxxer.hikari.pool.HikariPool [HikariPool-1 housekeeper] HikariPool-1 - Thread starvation or clock leap detected (housekeeper delta=1h11m11s647ms388탎400ns).
2021-06-03 09:30:20,447 INFO com.cg.creditcardpayment.controller.AccountController [http-nio-9090-exec-4] Called GET mapping getAllAccounts() method
2021-06-03 09:30:20,448 INFO com.cg.creditcardpayment.services.AccountServices [http-nio-9090-exec-4] Called getAllAccount() method of AccountServices
2021-06-03 09:30:22,509 INFO com.cg.creditcardpayment.controller.AccountController [http-nio-9090-exec-7] Called GET mapping getAccount() method
2021-06-03 09:30:22,509 INFO com.cg.creditcardpayment.services.AccountServices [http-nio-9090-exec-7] Called getAccount() method of AccountServices
2021-06-03 09:30:22,545 INFO com.cg.creditcardpayment.exceptions.AccountNotFoundException [http-nio-9090-exec-7] Account not found
2021-06-03 09:30:22,637 WARN org.springframework.web.servlet.mvc.method.annotation.ExceptionHandlerExceptionResolver [http-nio-9090-exec-7] Resolved [Account not found]
2021-06-03 10:30:01,562 WARN com.zaxxer.hikari.pool.HikariPool [HikariPool-1 housekeeper] HikariPool-1 - Thread starvation or clock leap detected (housekeeper delta=3m1s569ms11탎500ns).
2021-06-03 10:46:13,857 INFO com.cg.creditcardpayment.controller.AccountController [http-nio-9090-exec-8] Called GET mapping getAllAccounts() method
2021-06-03 10:46:13,857 INFO com.cg.creditcardpayment.services.AccountServices [http-nio-9090-exec-8] Called getAllAccount() method of AccountServices
2021-06-03 10:46:17,760 INFO com.cg.creditcardpayment.controller.AccountController [http-nio-9090-exec-6] Called GET mapping getAccount() method
2021-06-03 10:46:17,761 INFO com.cg.creditcardpayment.services.AccountServices [http-nio-9090-exec-6] Called getAccount() method of AccountServices
2021-06-03 10:46:17,774 INFO com.cg.creditcardpayment.exceptions.AccountNotFoundException [http-nio-9090-exec-6] Account not found
2021-06-03 10:46:17,947 WARN org.springframework.web.servlet.mvc.method.annotation.ExceptionHandlerExceptionResolver [http-nio-9090-exec-6] Resolved [Account not found]
2021-06-03 10:46:54,411 INFO com.cg.creditcardpayment.controller.AccountController [http-nio-9090-exec-9] Called GET mapping getAccount() method
2021-06-03 10:46:54,412 INFO com.cg.creditcardpayment.services.AccountServices [http-nio-9090-exec-9] Called getAccount() method of AccountServices
2021-06-03 10:47:09,828 INFO com.cg.creditcardpayment.controller.AccountController [http-nio-9090-exec-10] Called GET mapping getAllAccounts() method
2021-06-03 10:47:09,828 INFO com.cg.creditcardpayment.services.AccountServices [http-nio-9090-exec-10] Called getAllAccount() method of AccountServices
2021-06-03 10:47:26,614 INFO com.cg.creditcardpayment.services.AccountServices [http-nio-9090-exec-3] Called addAccount() method of AccountServices
2021-06-03 10:47:27,773 INFO com.cg.creditcardpayment.controller.AccountController [http-nio-9090-exec-2] Called GET mapping getAllAccounts() method
2021-06-03 10:47:27,773 INFO com.cg.creditcardpayment.services.AccountServices [http-nio-9090-exec-2] Called getAllAccount() method of AccountServices
2021-06-03 14:38:04,645 WARN com.zaxxer.hikari.pool.HikariPool [HikariPool-1 housekeeper] HikariPool-1 - Thread starvation or clock leap detected (housekeeper delta=1h42m27s380ms815탎200ns).
2021-06-03 14:39:57,036 INFO com.cg.creditcardpayment.controller.AccountController [http-nio-9090-exec-7] Called GET mapping getAllAccounts() method
2021-06-03 14:39:57,037 INFO com.cg.creditcardpayment.services.AccountServices [http-nio-9090-exec-7] Called getAllAccount() method of AccountServices
2021-06-03 14:41:23,699 INFO com.cg.creditcardpayment.controller.AccountController [http-nio-9090-exec-8] Called GET mapping getAllAccounts() method
2021-06-03 14:41:23,699 INFO com.cg.creditcardpayment.services.AccountServices [http-nio-9090-exec-8] Called getAllAccount() method of AccountServices
2021-06-03 15:00:24,027 INFO com.cg.creditcardpayment.controller.AccountController [http-nio-9090-exec-9] Called GET mapping getAllAccounts() method
2021-06-03 15:00:24,029 INFO com.cg.creditcardpayment.services.AccountServices [http-nio-9090-exec-9] Called getAllAccount() method of AccountServices
2021-06-03 15:07:45,017 INFO com.cg.creditcardpayment.controller.AccountController [http-nio-9090-exec-1] Called GET mapping getAllAccounts() method
2021-06-03 15:07:45,017 INFO com.cg.creditcardpayment.services.AccountServices [http-nio-9090-exec-1] Called getAllAccount() method of AccountServices
2021-06-03 15:10:37,579 WARN org.springframework.web.servlet.mvc.method.annotation.ExceptionHandlerExceptionResolver [http-nio-9090-exec-4] Resolved [org.springframework.dao.InvalidDataAccessApiUsageException: The given id must not be null!; nested exception is java.lang.IllegalArgumentException: The given id must not be null!]
2021-06-03 15:10:39,524 WARN org.springframework.web.servlet.mvc.method.annotation.ExceptionHandlerExceptionResolver [http-nio-9090-exec-7] Resolved [org.springframework.dao.InvalidDataAccessApiUsageException: The given id must not be null!; nested exception is java.lang.IllegalArgumentException: The given id must not be null!]
2021-06-03 15:10:45,105 WARN org.springframework.web.servlet.mvc.method.annotation.ExceptionHandlerExceptionResolver [http-nio-9090-exec-5] Resolved [org.springframework.dao.InvalidDataAccessApiUsageException: The given id must not be null!; nested exception is java.lang.IllegalArgumentException: The given id must not be null!]
2021-06-03 15:11:47,360 WARN org.springframework.web.servlet.mvc.method.annotation.ExceptionHandlerExceptionResolver [http-nio-9090-exec-6] Resolved [org.springframework.dao.InvalidDataAccessApiUsageException: The given id must not be null!; nested exception is java.lang.IllegalArgumentException: The given id must not be null!]
2021-06-03 15:12:41,264 INFO com.cg.creditcardpayment.controller.AccountController [http-nio-9090-exec-10] Called GET mapping getAllAccounts() method
2021-06-03 15:12:41,264 INFO com.cg.creditcardpayment.services.AccountServices [http-nio-9090-exec-10] Called getAllAccount() method of AccountServices
2021-06-03 15:13:01,371 INFO com.cg.creditcardpayment.controller.AccountController [http-nio-9090-exec-3] Called GET mapping getAllAccounts() method
2021-06-03 15:13:01,371 INFO com.cg.creditcardpayment.services.AccountServices [http-nio-9090-exec-3] Called getAllAccount() method of AccountServices
2021-06-03 15:13:15,351 INFO com.cg.creditcardpayment.controller.AccountController [http-nio-9090-exec-2] Called GET mapping getAllAccounts() method
2021-06-03 15:13:15,351 INFO com.cg.creditcardpayment.services.AccountServices [http-nio-9090-exec-2] Called getAllAccount() method of AccountServices
2021-06-03 15:13:35,116 INFO com.cg.creditcardpayment.controller.AccountController [http-nio-9090-exec-4] Called GET mapping getAccount() method
2021-06-03 15:13:35,117 INFO com.cg.creditcardpayment.services.AccountServices [http-nio-9090-exec-4] Called getAccount() method of AccountServices
2021-06-03 15:13:35,120 INFO com.cg.creditcardpayment.exceptions.AccountNotFoundException [http-nio-9090-exec-4] Account not found
2021-06-03 15:13:35,122 WARN org.springframework.web.servlet.mvc.method.annotation.ExceptionHandlerExceptionResolver [http-nio-9090-exec-4] Resolved [Account not found]
2021-06-03 15:13:46,209 INFO com.cg.creditcardpayment.controller.AccountController [http-nio-9090-exec-7] Called GET mapping getAllAccounts() method
2021-06-03 15:13:46,209 INFO com.cg.creditcardpayment.services.AccountServices [http-nio-9090-exec-7] Called getAllAccount() method of AccountServices
2021-06-03 15:55:00,655 WARN org.springframework.web.servlet.mvc.method.annotation.ExceptionHandlerExceptionResolver [http-nio-9090-exec-8] Resolved [org.springframework.data.rest.webmvc.ResourceNotFoundException: EntityRepresentationModel not found!]
2021-06-03 15:55:52,819 INFO com.cg.creditcardpayment.controller.AccountController [http-nio-9090-exec-6] Called GET mapping getAccount() method
2021-06-03 15:55:52,819 INFO com.cg.creditcardpayment.services.AccountServices [http-nio-9090-exec-6] Called getAccount() method of AccountServices
2021-06-03 15:55:52,829 INFO com.cg.creditcardpayment.exceptions.AccountNotFoundException [http-nio-9090-exec-6] Account not found
2021-06-03 15:55:52,830 WARN org.springframework.web.servlet.mvc.method.annotation.ExceptionHandlerExceptionResolver [http-nio-9090-exec-6] Resolved [Account not found]
2021-06-03 15:55:55,328 INFO com.cg.creditcardpayment.controller.AccountController [http-nio-9090-exec-9] Called GET mapping getAllAccounts() method
2021-06-03 15:55:55,328 INFO com.cg.creditcardpayment.services.AccountServices [http-nio-9090-exec-9] Called getAllAccount() method of AccountServices
2021-06-03 15:55:56,620 WARN org.springframework.web.servlet.mvc.method.annotation.ExceptionHandlerExceptionResolver [http-nio-9090-exec-10] Resolved [org.springframework.data.rest.webmvc.ResourceNotFoundException: EntityRepresentationModel not found!]
2021-06-03 16:01:56,021 WARN org.springframework.web.servlet.mvc.method.annotation.ExceptionHandlerExceptionResolver [http-nio-9090-exec-3] Resolved [org.springframework.web.method.annotation.MethodArgumentTypeMismatchException: Failed to convert value of type 'java.lang.String' to required type 'java.lang.Long'; nested exception is java.lang.NumberFormatException: For input string: "undefined"]
2021-06-03 16:02:08,700 INFO com.cg.creditcardpayment.controller.AccountController [http-nio-9090-exec-2] Called GET mapping getAllAccounts() method
2021-06-03 16:02:08,700 INFO com.cg.creditcardpayment.services.AccountServices [http-nio-9090-exec-2] Called getAllAccount() method of AccountServices
2021-06-03 16:02:10,535 WARN org.springframework.web.servlet.mvc.method.annotation.ExceptionHandlerExceptionResolver [http-nio-9090-exec-4] Resolved [org.springframework.web.method.annotation.MethodArgumentTypeMismatchException: Failed to convert value of type 'java.lang.String' to required type 'java.lang.Long'; nested exception is java.lang.NumberFormatException: For input string: "undefined"]
2021-06-03 16:02:34,345 INFO com.cg.creditcardpayment.controller.AccountController [http-nio-9090-exec-7] Called GET mapping getAccount() method
2021-06-03 16:02:34,347 INFO com.cg.creditcardpayment.services.AccountServices [http-nio-9090-exec-7] Called getAccount() method of AccountServices
2021-06-03 16:02:34,352 INFO com.cg.creditcardpayment.exceptions.AccountNotFoundException [http-nio-9090-exec-7] Account not found
2021-06-03 16:02:34,355 WARN org.springframework.web.servlet.mvc.method.annotation.ExceptionHandlerExceptionResolver [http-nio-9090-exec-7] Resolved [Account not found]
2021-06-03 16:02:36,821 INFO com.cg.creditcardpayment.controller.AccountController [http-nio-9090-exec-5] Called GET mapping getAllAccounts() method
2021-06-03 16:02:36,822 INFO com.cg.creditcardpayment.services.AccountServices [http-nio-9090-exec-5] Called getAllAccount() method of AccountServices
2021-06-03 16:02:38,602 WARN org.springframework.web.servlet.mvc.method.annotation.ExceptionHandlerExceptionResolver [http-nio-9090-exec-8] Resolved [org.springframework.web.method.annotation.MethodArgumentTypeMismatchException: Failed to convert value of type 'java.lang.String' to required type 'java.lang.Long'; nested exception is java.lang.NumberFormatException: For input string: "undefined"]
2021-06-03 16:04:49,096 WARN org.springframework.web.servlet.mvc.method.annotation.ExceptionHandlerExceptionResolver [http-nio-9090-exec-9] Resolved [org.springframework.web.method.annotation.MethodArgumentTypeMismatchException: Failed to convert value of type 'java.lang.String' to required type 'java.lang.Long'; nested exception is java.lang.NumberFormatException: For input string: "undefined"]
2021-06-03 16:06:17,153 INFO com.cg.creditcardpayment.controller.AccountController [http-nio-9090-exec-1] Called GET mapping getAllAccounts() method
2021-06-03 16:06:17,153 INFO com.cg.creditcardpayment.services.AccountServices [http-nio-9090-exec-1] Called getAllAccount() method of AccountServices
2021-06-03 16:06:18,892 WARN org.springframework.web.servlet.mvc.method.annotation.ExceptionHandlerExceptionResolver [http-nio-9090-exec-3] Resolved [org.springframework.web.method.annotation.MethodArgumentTypeMismatchException: Failed to convert value of type 'java.lang.String' to required type 'java.lang.Long'; nested exception is java.lang.NumberFormatException: For input string: "undefined"]
2021-06-03 16:07:54,131 WARN org.springframework.web.servlet.mvc.method.annotation.ExceptionHandlerExceptionResolver [http-nio-9090-exec-4] Resolved [org.springframework.web.method.annotation.MethodArgumentTypeMismatchException: Failed to convert value of type 'java.lang.String' to required type 'java.lang.Long'; nested exception is java.lang.NumberFormatException: For input string: "undefined"]
2021-06-03 16:08:03,209 INFO com.cg.creditcardpayment.controller.AccountController [http-nio-9090-exec-7] Called GET mapping getAllAccounts() method
2021-06-03 16:08:03,209 INFO com.cg.creditcardpayment.services.AccountServices [http-nio-9090-exec-7] Called getAllAccount() method of AccountServices
2021-06-03 16:08:06,779 WARN org.springframework.web.servlet.mvc.method.annotation.ExceptionHandlerExceptionResolver [http-nio-9090-exec-5] Resolved [org.springframework.web.method.annotation.MethodArgumentTypeMismatchException: Failed to convert value of type 'java.lang.String' to required type 'java.lang.Long'; nested exception is java.lang.NumberFormatException: For input string: "undefined"]
2021-06-03 16:13:03,013 WARN org.springframework.web.servlet.mvc.method.annotation.ExceptionHandlerExceptionResolver [http-nio-9090-exec-6] Resolved [org.springframework.web.method.annotation.MethodArgumentTypeMismatchException: Failed to convert value of type 'java.lang.String' to required type 'java.lang.Long'; nested exception is java.lang.NumberFormatException: For input string: "undefined"]
2021-06-03 16:13:32,975 WARN org.springframework.web.servlet.mvc.method.annotation.ExceptionHandlerExceptionResolver [http-nio-9090-exec-9] Resolved [org.springframework.web.method.annotation.MethodArgumentTypeMismatchException: Failed to convert value of type 'java.lang.String' to required type 'java.lang.Long'; nested exception is java.lang.NumberFormatException: For input string: "undefined"]
2021-06-03 16:17:34,112 WARN org.springframework.web.servlet.mvc.method.annotation.ExceptionHandlerExceptionResolver [http-nio-9090-exec-1] Resolved [org.springframework.web.method.annotation.MethodArgumentTypeMismatchException: Failed to convert value of type 'java.lang.String' to required type 'java.lang.Long'; nested exception is java.lang.NumberFormatException: For input string: "undefined"]
2021-06-03 16:17:44,478 INFO com.cg.creditcardpayment.controller.AccountController [http-nio-9090-exec-3] Called GET mapping getAllAccounts() method
2021-06-03 16:17:44,478 INFO com.cg.creditcardpayment.services.AccountServices [http-nio-9090-exec-3] Called getAllAccount() method of AccountServices
2021-06-03 16:17:45,676 WARN org.springframework.web.servlet.mvc.method.annotation.ExceptionHandlerExceptionResolver [http-nio-9090-exec-2] Resolved [org.springframework.web.method.annotation.MethodArgumentTypeMismatchException: Failed to convert value of type 'java.lang.String' to required type 'java.lang.Long'; nested exception is java.lang.NumberFormatException: For input string: "undefined"]
2021-06-03 16:17:59,140 INFO com.cg.creditcardpayment.controller.AccountController [http-nio-9090-exec-7] Called PUT mapping updateAccount() method
2021-06-03 16:17:59,141 INFO com.cg.creditcardpayment.services.AccountServices [http-nio-9090-exec-7] Called updateAccount() method of AccountServices
2021-06-03 16:18:05,020 INFO com.cg.creditcardpayment.controller.AccountController [http-nio-9090-exec-5] Called GET mapping getAllAccounts() method
2021-06-03 16:18:05,020 INFO com.cg.creditcardpayment.services.AccountServices [http-nio-9090-exec-5] Called getAllAccount() method of AccountServices
2021-06-03 16:18:19,892 WARN org.springframework.web.servlet.mvc.method.annotation.ExceptionHandlerExceptionResolver [http-nio-9090-exec-8] Resolved [org.springframework.web.method.annotation.MethodArgumentTypeMismatchException: Failed to convert value of type 'java.lang.String' to required type 'java.lang.Long'; nested exception is java.lang.NumberFormatException: For input string: "undefined"]
2021-06-03 16:18:44,246 INFO com.cg.creditcardpayment.controller.AccountController [http-nio-9090-exec-6] Called PUT mapping updateAccount() method
2021-06-03 16:18:44,246 INFO com.cg.creditcardpayment.services.AccountServices [http-nio-9090-exec-6] Called updateAccount() method of AccountServices
2021-06-03 16:18:47,797 INFO com.cg.creditcardpayment.controller.AccountController [http-nio-9090-exec-9] Called GET mapping getAllAccounts() method
2021-06-03 16:18:47,797 INFO com.cg.creditcardpayment.services.AccountServices [http-nio-9090-exec-9] Called getAllAccount() method of AccountServices
2021-06-03 16:20:20,534 WARN org.springframework.web.servlet.mvc.method.annotation.ExceptionHandlerExceptionResolver [http-nio-9090-exec-1] Resolved [org.springframework.web.method.annotation.MethodArgumentTypeMismatchException: Failed to convert value of type 'java.lang.String' to required type 'java.lang.Long'; nested exception is java.lang.NumberFormatException: For input string: "undefined"]
2021-06-03 16:20:39,606 INFO com.cg.creditcardpayment.controller.AccountController [http-nio-9090-exec-2] Called PUT mapping updateAccount() method
2021-06-03 16:20:39,607 INFO com.cg.creditcardpayment.services.AccountServices [http-nio-9090-exec-2] Called updateAccount() method of AccountServices
2021-06-03 16:20:39,669 INFO com.cg.creditcardpayment.exceptions.AccountNotFoundException [http-nio-9090-exec-2] Account not found
2021-06-03 16:20:39,703 WARN org.springframework.web.servlet.mvc.method.annotation.ExceptionHandlerExceptionResolver [http-nio-9090-exec-2] Resolved [Account not found]
2021-06-03 16:20:47,555 INFO com.cg.creditcardpayment.controller.AccountController [http-nio-9090-exec-4] Called PUT mapping updateAccount() method
2021-06-03 16:20:47,556 INFO com.cg.creditcardpayment.services.AccountServices [http-nio-9090-exec-4] Called updateAccount() method of AccountServices
2021-06-03 16:20:47,560 INFO com.cg.creditcardpayment.exceptions.AccountNotFoundException [http-nio-9090-exec-4] Account not found
2021-06-03 16:20:47,561 WARN org.springframework.web.servlet.mvc.method.annotation.ExceptionHandlerExceptionResolver [http-nio-9090-exec-4] Resolved [Account not found]
2021-06-03 16:20:53,364 INFO com.cg.creditcardpayment.controller.AccountController [http-nio-9090-exec-7] Called GET mapping getAllAccounts() method
2021-06-03 16:20:53,364 INFO com.cg.creditcardpayment.services.AccountServices [http-nio-9090-exec-7] Called getAllAccount() method of AccountServices
2021-06-03 16:21:02,618 WARN org.springframework.web.servlet.mvc.method.annotation.ExceptionHandlerExceptionResolver [http-nio-9090-exec-5] Resolved [org.springframework.web.method.annotation.MethodArgumentTypeMismatchException: Failed to convert value of type 'java.lang.String' to required type 'java.lang.Long'; nested exception is java.lang.NumberFormatException: For input string: "undefined"]
2021-06-03 16:21:42,151 INFO com.cg.creditcardpayment.controller.AccountController [http-nio-9090-exec-8] Called GET mapping getAllAccounts() method
2021-06-03 16:21:42,151 INFO com.cg.creditcardpayment.services.AccountServices [http-nio-9090-exec-8] Called getAllAccount() method of AccountServices
2021-06-03 16:21:47,060 WARN org.springframework.web.servlet.mvc.method.annotation.ExceptionHandlerExceptionResolver [http-nio-9090-exec-9] Resolved [org.springframework.dao.InvalidDataAccessApiUsageException: The given id must not be null!; nested exception is java.lang.IllegalArgumentException: The given id must not be null!]
2021-06-03 16:21:49,521 INFO com.cg.creditcardpayment.controller.AccountController [http-nio-9090-exec-10] Called GET mapping getAccount() method
2021-06-03 16:21:49,522 INFO com.cg.creditcardpayment.services.AccountServices [http-nio-9090-exec-10] Called getAccount() method of AccountServices
2021-06-03 16:21:49,547 INFO com.cg.creditcardpayment.exceptions.AccountNotFoundException [http-nio-9090-exec-10] Account not found
2021-06-03 16:21:49,547 WARN org.springframework.web.servlet.mvc.method.annotation.ExceptionHandlerExceptionResolver [http-nio-9090-exec-10] Resolved [Account not found]
2021-06-03 16:21:56,135 INFO com.cg.creditcardpayment.controller.AccountController [http-nio-9090-exec-1] Called GET mapping getAccount() method
2021-06-03 16:21:56,135 INFO com.cg.creditcardpayment.services.AccountServices [http-nio-9090-exec-1] Called getAccount() method of AccountServices
2021-06-03 16:21:56,142 INFO com.cg.creditcardpayment.exceptions.AccountNotFoundException [http-nio-9090-exec-1] Account not found
2021-06-03 16:21:56,144 WARN org.springframework.web.servlet.mvc.method.annotation.ExceptionHandlerExceptionResolver [http-nio-9090-exec-1] Resolved [Account not found]
2021-06-03 16:21:57,558 INFO com.cg.creditcardpayment.controller.AccountController [http-nio-9090-exec-3] Called GET mapping getAllAccounts() method
2021-06-03 16:21:57,558 INFO com.cg.creditcardpayment.services.AccountServices [http-nio-9090-exec-3] Called getAllAccount() method of AccountServices
2021-06-03 16:22:37,885 INFO com.cg.creditcardpayment.controller.AccountController [http-nio-9090-exec-2] Called GET mapping getAllAccounts() method
2021-06-03 16:22:37,885 INFO com.cg.creditcardpayment.services.AccountServices [http-nio-9090-exec-2] Called getAllAccount() method of AccountServices
2021-06-03 16:22:42,819 INFO com.cg.creditcardpayment.controller.AccountController [http-nio-9090-exec-4] Called GET mapping getAccount() method
2021-06-03 16:22:42,820 INFO com.cg.creditcardpayment.services.AccountServices [http-nio-9090-exec-4] Called getAccount() method of AccountServices
2021-06-03 16:22:42,823 INFO com.cg.creditcardpayment.exceptions.AccountNotFoundException [http-nio-9090-exec-4] Account not found
2021-06-03 16:22:42,824 WARN org.springframework.web.servlet.mvc.method.annotation.ExceptionHandlerExceptionResolver [http-nio-9090-exec-4] Resolved [Account not found]
2021-06-03 16:22:57,408 INFO com.cg.creditcardpayment.controller.AccountController [http-nio-9090-exec-7] Called GET mapping getAllAccounts() method
2021-06-03 16:22:57,408 INFO com.cg.creditcardpayment.services.AccountServices [http-nio-9090-exec-7] Called getAllAccount() method of AccountServices
2021-06-03 16:30:04,059 INFO com.cg.creditcardpayment.controller.AccountController [http-nio-9090-exec-8] Called GET mapping getAllAccounts() method
2021-06-03 16:30:04,059 INFO com.cg.creditcardpayment.services.AccountServices [http-nio-9090-exec-8] Called getAllAccount() method of AccountServices
2021-06-03 16:30:05,346 INFO com.cg.creditcardpayment.controller.AccountController [http-nio-9090-exec-6] Called GET mapping getAccount() method
2021-06-03 16:30:05,346 INFO com.cg.creditcardpayment.services.AccountServices [http-nio-9090-exec-6] Called getAccount() method of AccountServices
2021-06-03 16:30:05,348 INFO com.cg.creditcardpayment.exceptions.AccountNotFoundException [http-nio-9090-exec-6] Account not found
2021-06-03 16:30:05,349 WARN org.springframework.web.servlet.mvc.method.annotation.ExceptionHandlerExceptionResolver [http-nio-9090-exec-6] Resolved [Account not found]
2021-06-03 17:33:12,171 WARN com.zaxxer.hikari.pool.HikariPool [HikariPool-1 housekeeper] HikariPool-1 - Thread starvation or clock leap detected (housekeeper delta=43m2s688ms714탎100ns).
2021-06-03 20:35:55,911 WARN com.zaxxer.hikari.pool.HikariPool [HikariPool-1 housekeeper] HikariPool-1 - Thread starvation or clock leap detected (housekeeper delta=3h2m44s95ms651탎600ns).
2021-06-03 22:17:46,233 WARN com.zaxxer.hikari.pool.HikariPool [HikariPool-1 housekeeper] HikariPool-1 - Thread starvation or clock leap detected (housekeeper delta=1h22m50s54ms617탎200ns).
