2021-05-30 01:41:31,831 WARN com.zaxxer.hikari.pool.HikariPool [HikariPool-1 housekeeper] HikariPool-1 - Thread starvation or clock leap detected (housekeeper delta=3h1m57s233ms511탎).
2021-05-30 05:03:29,838 WARN com.zaxxer.hikari.pool.HikariPool [HikariPool-1 housekeeper] HikariPool-1 - Thread starvation or clock leap detected (housekeeper delta=3h1m57s647ms702탎300ns).
2021-05-30 08:25:27,323 WARN com.zaxxer.hikari.pool.HikariPool [HikariPool-1 housekeeper] HikariPool-1 - Thread starvation or clock leap detected (housekeeper delta=3h1m57s166ms978탎300ns).
2021-05-30 12:18:01,201 WARN com.zaxxer.hikari.pool.HikariPool [HikariPool-1 housekeeper] HikariPool-1 - Thread starvation or clock leap detected (housekeeper delta=3h50m20s974ms1탎100ns).
2021-05-30 12:35:50,552 INFO org.springframework.boot.admin.SpringApplicationAdminMXBeanRegistrar$SpringApplicationAdmin [RMI TCP Connection(140)-127.0.0.1] Application shutdown requested.
2021-05-30 12:35:52,658 INFO org.springframework.scheduling.concurrent.ThreadPoolTaskExecutor [RMI TCP Connection(140)-127.0.0.1] Shutting down ExecutorService 'applicationTaskExecutor'
2021-05-30 12:35:52,793 INFO org.springframework.orm.jpa.LocalContainerEntityManagerFactoryBean [RMI TCP Connection(140)-127.0.0.1] Closing JPA EntityManagerFactory for persistence unit 'default'
2021-05-30 12:35:53,122 INFO org.springframework.boot.admin.SpringApplicationAdminMXBeanRegistrar$SpringApplicationAdmin [RMI TCP Connection(141)-127.0.0.1] Application shutdown requested.
2021-05-30 12:35:53,538 INFO com.zaxxer.hikari.HikariDataSource [RMI TCP Connection(140)-127.0.0.1] HikariPool-1 - Shutdown initiated...
2021-05-30 12:35:53,619 INFO com.zaxxer.hikari.HikariDataSource [RMI TCP Connection(140)-127.0.0.1] HikariPool-1 - Shutdown completed.
2021-05-30 12:36:08,465 INFO com.cg.creditcardpayment.CreditcardBillPaymentApplication [restartedMain] Starting CreditcardBillPaymentApplication using Java 15.0.2 on DESKTOP-88QC7I7 with PID 12520 (H:\CreditcardBillPayment\bin\main started by UJJAWAL in H:\CreditcardBillPayment)
2021-05-30 12:36:08,466 INFO com.cg.creditcardpayment.CreditcardBillPaymentApplication [restartedMain] No active profile set, falling back to default profiles: default
2021-05-30 12:36:08,511 INFO org.springframework.boot.devtools.env.DevToolsPropertyDefaultsPostProcessor [restartedMain] Devtools property defaults active! Set 'spring.devtools.add-properties' to 'false' to disable
2021-05-30 12:36:08,511 INFO org.springframework.boot.devtools.env.DevToolsPropertyDefaultsPostProcessor [restartedMain] For additional web related logging consider setting the 'logging.level.web' property to 'DEBUG'
2021-05-30 12:36:09,117 INFO com.cg.creditcardpayment.CreditcardBillPaymentApplication [restartedMain] Starting CreditcardBillPaymentApplication using Java 15.0.2 on DESKTOP-88QC7I7 with PID 404 (H:\CreditcardBillPayment\bin\main started by UJJAWAL in H:\CreditcardBillPayment)
2021-05-30 12:36:09,120 INFO com.cg.creditcardpayment.CreditcardBillPaymentApplication [restartedMain] No active profile set, falling back to default profiles: default
2021-05-30 12:36:09,232 INFO org.springframework.boot.devtools.env.DevToolsPropertyDefaultsPostProcessor [restartedMain] Devtools property defaults active! Set 'spring.devtools.add-properties' to 'false' to disable
2021-05-30 12:36:09,232 INFO org.springframework.boot.devtools.env.DevToolsPropertyDefaultsPostProcessor [restartedMain] For additional web related logging consider setting the 'logging.level.web' property to 'DEBUG'
2021-05-30 12:36:12,187 INFO org.springframework.data.repository.config.RepositoryConfigurationDelegate [restartedMain] Bootstrapping Spring Data JPA repositories in DEFAULT mode.
2021-05-30 12:36:12,189 INFO org.springframework.data.repository.config.RepositoryConfigurationDelegate [restartedMain] Bootstrapping Spring Data JPA repositories in DEFAULT mode.
2021-05-30 12:36:12,356 INFO org.springframework.data.repository.config.RepositoryConfigurationDelegate [restartedMain] Finished Spring Data repository scanning in 162 ms. Found 7 JPA repository interfaces.
2021-05-30 12:36:12,357 INFO org.springframework.data.repository.config.RepositoryConfigurationDelegate [restartedMain] Finished Spring Data repository scanning in 161 ms. Found 7 JPA repository interfaces.
2021-05-30 12:36:13,874 INFO org.springframework.boot.web.embedded.tomcat.TomcatWebServer [restartedMain] Tomcat initialized with port(s): 9090 (http)
2021-05-30 12:36:13,875 INFO org.springframework.boot.web.embedded.tomcat.TomcatWebServer [restartedMain] Tomcat initialized with port(s): 9090 (http)
2021-05-30 12:36:13,889 INFO org.apache.catalina.core.StandardService [restartedMain] Starting service [Tomcat]
2021-05-30 12:36:13,889 INFO org.apache.catalina.core.StandardEngine [restartedMain] Starting Servlet engine: [Apache Tomcat/9.0.45]
2021-05-30 12:36:13,889 INFO org.apache.catalina.core.StandardService [restartedMain] Starting service [Tomcat]
2021-05-30 12:36:13,890 INFO org.apache.catalina.core.StandardEngine [restartedMain] Starting Servlet engine: [Apache Tomcat/9.0.45]
2021-05-30 12:36:14,133 INFO org.apache.catalina.core.ContainerBase.[Tomcat].[localhost].[/] [restartedMain] Initializing Spring embedded WebApplicationContext
2021-05-30 12:36:14,133 INFO org.springframework.boot.web.servlet.context.ServletWebServerApplicationContext [restartedMain] Root WebApplicationContext: initialization completed in 4900 ms
2021-05-30 12:36:14,145 INFO org.apache.catalina.core.ContainerBase.[Tomcat].[localhost].[/] [restartedMain] Initializing Spring embedded WebApplicationContext
2021-05-30 12:36:14,145 INFO org.springframework.boot.web.servlet.context.ServletWebServerApplicationContext [restartedMain] Root WebApplicationContext: initialization completed in 5633 ms
2021-05-30 12:36:14,574 INFO org.hibernate.jpa.internal.util.LogHelper [restartedMain] HHH000204: Processing PersistenceUnitInfo [name: default]
2021-05-30 12:36:14,574 INFO org.hibernate.jpa.internal.util.LogHelper [restartedMain] HHH000204: Processing PersistenceUnitInfo [name: default]
2021-05-30 12:36:14,995 INFO org.hibernate.Version [restartedMain] HHH000412: Hibernate ORM core version 5.4.30.Final
2021-05-30 12:36:14,995 INFO org.hibernate.Version [restartedMain] HHH000412: Hibernate ORM core version 5.4.30.Final
2021-05-30 12:36:15,658 INFO org.hibernate.annotations.common.Version [restartedMain] HCANN000001: Hibernate Commons Annotations {5.1.2.Final}
2021-05-30 12:36:15,658 INFO org.hibernate.annotations.common.Version [restartedMain] HCANN000001: Hibernate Commons Annotations {5.1.2.Final}
2021-05-30 12:36:15,901 INFO com.zaxxer.hikari.HikariDataSource [restartedMain] HikariPool-1 - Starting...
2021-05-30 12:36:15,901 INFO com.zaxxer.hikari.HikariDataSource [restartedMain] HikariPool-1 - Starting...
2021-05-30 12:36:16,044 INFO com.zaxxer.hikari.HikariDataSource [restartedMain] HikariPool-1 - Start completed.
2021-05-30 12:36:16,107 INFO org.hibernate.dialect.Dialect [restartedMain] HHH000400: Using dialect: org.hibernate.dialect.PostgreSQL10Dialect
2021-05-30 12:36:16,293 INFO com.zaxxer.hikari.HikariDataSource [restartedMain] HikariPool-1 - Start completed.
2021-05-30 12:36:16,324 INFO org.hibernate.dialect.Dialect [restartedMain] HHH000400: Using dialect: org.hibernate.dialect.PostgreSQL10Dialect
2021-05-30 12:36:21,904 INFO org.hibernate.engine.transaction.jta.platform.internal.JtaPlatformInitiator [restartedMain] HHH000490: Using JtaPlatform implementation: [org.hibernate.engine.transaction.jta.platform.internal.NoJtaPlatform]
2021-05-30 12:36:21,904 INFO org.hibernate.engine.transaction.jta.platform.internal.JtaPlatformInitiator [restartedMain] HHH000490: Using JtaPlatform implementation: [org.hibernate.engine.transaction.jta.platform.internal.NoJtaPlatform]
2021-05-30 12:36:21,914 INFO org.springframework.orm.jpa.LocalContainerEntityManagerFactoryBean [restartedMain] Initialized JPA EntityManagerFactory for persistence unit 'default'
2021-05-30 12:36:21,915 INFO org.springframework.orm.jpa.LocalContainerEntityManagerFactoryBean [restartedMain] Initialized JPA EntityManagerFactory for persistence unit 'default'
2021-05-30 12:36:21,956 WARN org.springframework.boot.devtools.autoconfigure.OptionalLiveReloadServer [restartedMain] Unable to start LiveReload server
2021-05-30 12:36:21,957 INFO org.springframework.boot.devtools.autoconfigure.OptionalLiveReloadServer [restartedMain] LiveReload server is running on port 35729
2021-05-30 12:36:22,930 WARN org.springframework.boot.autoconfigure.orm.jpa.JpaBaseConfiguration$JpaWebConfiguration [restartedMain] spring.jpa.open-in-view is enabled by default. Therefore, database queries may be performed during view rendering. Explicitly configure spring.jpa.open-in-view to disable this warning
2021-05-30 12:36:22,941 WARN org.springframework.boot.autoconfigure.orm.jpa.JpaBaseConfiguration$JpaWebConfiguration [restartedMain] spring.jpa.open-in-view is enabled by default. Therefore, database queries may be performed during view rendering. Explicitly configure spring.jpa.open-in-view to disable this warning
2021-05-30 12:36:23,479 INFO springfox.documentation.spring.web.WebMvcPropertySourcedRequestMappingHandlerMapping [restartedMain] Mapped URL path [/v2/api-docs] onto method [springfox.documentation.swagger2.web.Swagger2ControllerWebMvc#getDocumentation(String, HttpServletRequest)]
2021-05-30 12:36:23,480 INFO springfox.documentation.spring.web.WebMvcPropertySourcedRequestMappingHandlerMapping [restartedMain] Mapped URL path [/v2/api-docs] onto method [springfox.documentation.swagger2.web.Swagger2ControllerWebMvc#getDocumentation(String, HttpServletRequest)]
2021-05-30 12:36:23,698 INFO org.springframework.scheduling.concurrent.ThreadPoolTaskExecutor [restartedMain] Initializing ExecutorService 'applicationTaskExecutor'
2021-05-30 12:36:23,700 INFO org.springframework.scheduling.concurrent.ThreadPoolTaskExecutor [restartedMain] Initializing ExecutorService 'applicationTaskExecutor'
2021-05-30 12:36:24,343 WARN org.springframework.boot.web.servlet.context.AnnotationConfigServletWebServerApplicationContext [restartedMain] Exception encountered during context initialization - cancelling refresh attempt: org.springframework.context.ApplicationContextException: Failed to start bean 'webServerStartStop'; nested exception is org.springframework.boot.web.server.PortInUseException: Port 9090 is already in use
2021-05-30 12:36:24,345 INFO org.springframework.scheduling.concurrent.ThreadPoolTaskExecutor [restartedMain] Shutting down ExecutorService 'applicationTaskExecutor'
2021-05-30 12:36:24,360 INFO org.springframework.boot.web.embedded.tomcat.TomcatWebServer [restartedMain] Tomcat started on port(s): 9090 (http) with context path ''
2021-05-30 12:36:24,360 INFO org.springframework.orm.jpa.LocalContainerEntityManagerFactoryBean [restartedMain] Closing JPA EntityManagerFactory for persistence unit 'default'
2021-05-30 12:36:24,361 INFO springfox.documentation.spring.web.plugins.DocumentationPluginsBootstrapper [restartedMain] Documentation plugins bootstrapped
2021-05-30 12:36:24,363 INFO com.zaxxer.hikari.HikariDataSource [restartedMain] HikariPool-1 - Shutdown initiated...
2021-05-30 12:36:24,366 INFO springfox.documentation.spring.web.plugins.DocumentationPluginsBootstrapper [restartedMain] Found 1 custom documentation plugin(s)
2021-05-30 12:36:24,368 INFO com.zaxxer.hikari.HikariDataSource [restartedMain] HikariPool-1 - Shutdown completed.
2021-05-30 12:36:24,370 INFO org.apache.catalina.core.StandardService [restartedMain] Stopping service [Tomcat]
2021-05-30 12:36:24,385 INFO org.springframework.boot.autoconfigure.logging.ConditionEvaluationReportLoggingListener [restartedMain] 

Error starting ApplicationContext. To display the conditions report re-run your application with 'debug' enabled.
2021-05-30 12:36:24,430 INFO springfox.documentation.spring.web.scanners.ApiListingReferenceScanner [restartedMain] Scanning for api listing references
2021-05-30 12:36:24,574 ERROR org.springframework.boot.diagnostics.LoggingFailureAnalysisReporter [restartedMain] 

***************************
APPLICATION FAILED TO START
***************************

Description:

Web server failed to start. Port 9090 was already in use.

Action:

Identify and stop the process that's listening on port 9090 or configure this application to listen on another port.

2021-05-30 12:36:24,733 INFO springfox.documentation.spring.web.readers.operation.CachingOperationNameGenerator [restartedMain] Generating unique operation named: findByIdUsingGET_1
2021-05-30 12:36:24,745 INFO springfox.documentation.spring.web.readers.operation.CachingOperationNameGenerator [restartedMain] Generating unique operation named: addUsingPOST_1
2021-05-30 12:36:24,748 INFO springfox.documentation.spring.web.readers.operation.CachingOperationNameGenerator [restartedMain] Generating unique operation named: findAllUsingGET_1
2021-05-30 12:36:24,836 INFO com.cg.creditcardpayment.CreditcardBillPaymentApplication [restartedMain] Started CreditcardBillPaymentApplication in 16.892 seconds (JVM running for 19.34)
2021-05-30 12:41:10,235 INFO org.apache.catalina.core.ContainerBase.[Tomcat].[localhost].[/] [http-nio-9090-exec-1] Initializing Spring DispatcherServlet 'dispatcherServlet'
2021-05-30 12:41:10,235 INFO org.springframework.web.servlet.DispatcherServlet [http-nio-9090-exec-1] Initializing Servlet 'dispatcherServlet'
2021-05-30 12:41:10,236 INFO org.springframework.web.servlet.DispatcherServlet [http-nio-9090-exec-1] Completed initialization in 1 ms
2021-05-30 12:41:10,358 INFO com.cg.creditcardpayment.controller.AccountController [http-nio-9090-exec-1] Called GET mapping getAllAccounts() method
2021-05-30 12:41:10,359 INFO com.cg.creditcardpayment.services.AccountServices [http-nio-9090-exec-1] Called getAllAccount() method of AccountServices
2021-05-30 12:44:03,947 INFO com.cg.creditcardpayment.controller.AccountController [http-nio-9090-exec-2] Called GET mapping getAllAccounts() method
2021-05-30 12:44:03,948 INFO com.cg.creditcardpayment.services.AccountServices [http-nio-9090-exec-2] Called getAllAccount() method of AccountServices
2021-05-30 12:44:10,129 INFO com.cg.creditcardpayment.controller.AccountController [http-nio-9090-exec-4] Called GET mapping getAllAccounts() method
2021-05-30 12:44:10,129 INFO com.cg.creditcardpayment.services.AccountServices [http-nio-9090-exec-4] Called getAllAccount() method of AccountServices
2021-05-30 12:48:49,951 INFO com.cg.creditcardpayment.controller.AccountController [http-nio-9090-exec-6] Called GET mapping getAllAccounts() method
2021-05-30 12:48:49,951 INFO com.cg.creditcardpayment.services.AccountServices [http-nio-9090-exec-6] Called getAllAccount() method of AccountServices
2021-05-30 12:48:56,964 INFO com.cg.creditcardpayment.controller.AccountController [http-nio-9090-exec-7] Called GET mapping getAllAccounts() method
2021-05-30 12:48:56,964 INFO com.cg.creditcardpayment.services.AccountServices [http-nio-9090-exec-7] Called getAllAccount() method of AccountServices
2021-05-30 12:52:13,940 INFO com.cg.creditcardpayment.controller.AccountController [http-nio-9090-exec-9] Called GET mapping getAllAccounts() method
2021-05-30 12:52:13,940 INFO com.cg.creditcardpayment.services.AccountServices [http-nio-9090-exec-9] Called getAllAccount() method of AccountServices
2021-05-30 12:52:19,522 INFO com.cg.creditcardpayment.controller.AccountController [http-nio-9090-exec-1] Called GET mapping getAllAccounts() method
2021-05-30 12:52:19,523 INFO com.cg.creditcardpayment.services.AccountServices [http-nio-9090-exec-1] Called getAllAccount() method of AccountServices
2021-05-30 12:59:00,953 INFO com.cg.creditcardpayment.controller.AccountController [http-nio-9090-exec-3] Called GET mapping getAllAccounts() method
2021-05-30 12:59:00,953 INFO com.cg.creditcardpayment.services.AccountServices [http-nio-9090-exec-3] Called getAllAccount() method of AccountServices
2021-05-30 13:00:49,958 INFO com.cg.creditcardpayment.controller.AccountController [http-nio-9090-exec-4] Called GET mapping getAllAccounts() method
2021-05-30 13:00:49,959 INFO com.cg.creditcardpayment.services.AccountServices [http-nio-9090-exec-4] Called getAllAccount() method of AccountServices
2021-05-30 13:01:17,954 INFO com.cg.creditcardpayment.controller.AccountController [http-nio-9090-exec-5] Called GET mapping getAllAccounts() method
2021-05-30 13:01:17,954 INFO com.cg.creditcardpayment.services.AccountServices [http-nio-9090-exec-5] Called getAllAccount() method of AccountServices
2021-05-30 13:36:00,016 INFO com.cg.creditcardpayment.controller.AccountController [http-nio-9090-exec-8] Called GET mapping getAllAccounts() method
2021-05-30 13:36:00,017 INFO com.cg.creditcardpayment.services.AccountServices [http-nio-9090-exec-8] Called getAllAccount() method of AccountServices
2021-05-30 13:36:28,031 INFO com.cg.creditcardpayment.controller.AccountController [http-nio-9090-exec-9] Called GET mapping getAllAccounts() method
2021-05-30 13:36:28,031 INFO com.cg.creditcardpayment.services.AccountServices [http-nio-9090-exec-9] Called getAllAccount() method of AccountServices
2021-05-30 13:38:44,575 INFO org.springframework.boot.admin.SpringApplicationAdminMXBeanRegistrar$SpringApplicationAdmin [RMI TCP Connection(68)-127.0.0.1] Application shutdown requested.
2021-05-30 13:38:44,647 INFO org.springframework.scheduling.concurrent.ThreadPoolTaskExecutor [RMI TCP Connection(68)-127.0.0.1] Shutting down ExecutorService 'applicationTaskExecutor'
2021-05-30 13:38:44,656 INFO org.springframework.orm.jpa.LocalContainerEntityManagerFactoryBean [RMI TCP Connection(68)-127.0.0.1] Closing JPA EntityManagerFactory for persistence unit 'default'
2021-05-30 13:38:44,661 INFO com.zaxxer.hikari.HikariDataSource [RMI TCP Connection(68)-127.0.0.1] HikariPool-1 - Shutdown initiated...
2021-05-30 13:38:44,665 INFO com.zaxxer.hikari.HikariDataSource [RMI TCP Connection(68)-127.0.0.1] HikariPool-1 - Shutdown completed.
2021-05-30 13:39:02,683 INFO com.cg.creditcardpayment.CreditcardBillPaymentApplication [restartedMain] Starting CreditcardBillPaymentApplication using Java 15.0.2 on DESKTOP-88QC7I7 with PID 13252 (H:\CreditcardBillPayment\bin\main started by UJJAWAL in H:\CreditcardBillPayment)
2021-05-30 13:39:02,685 INFO com.cg.creditcardpayment.CreditcardBillPaymentApplication [restartedMain] No active profile set, falling back to default profiles: default
2021-05-30 13:39:02,726 INFO org.springframework.boot.devtools.env.DevToolsPropertyDefaultsPostProcessor [restartedMain] Devtools property defaults active! Set 'spring.devtools.add-properties' to 'false' to disable
2021-05-30 13:39:02,727 INFO org.springframework.boot.devtools.env.DevToolsPropertyDefaultsPostProcessor [restartedMain] For additional web related logging consider setting the 'logging.level.web' property to 'DEBUG'
2021-05-30 13:39:03,686 INFO org.springframework.data.repository.config.RepositoryConfigurationDelegate [restartedMain] Bootstrapping Spring Data JPA repositories in DEFAULT mode.
2021-05-30 13:39:03,740 INFO org.springframework.data.repository.config.RepositoryConfigurationDelegate [restartedMain] Finished Spring Data repository scanning in 48 ms. Found 7 JPA repository interfaces.
2021-05-30 13:39:04,242 INFO org.springframework.boot.web.embedded.tomcat.TomcatWebServer [restartedMain] Tomcat initialized with port(s): 9090 (http)
2021-05-30 13:39:04,249 INFO org.apache.catalina.core.StandardService [restartedMain] Starting service [Tomcat]
2021-05-30 13:39:04,249 INFO org.apache.catalina.core.StandardEngine [restartedMain] Starting Servlet engine: [Apache Tomcat/9.0.45]
2021-05-30 13:39:04,340 INFO org.apache.catalina.core.ContainerBase.[Tomcat].[localhost].[/] [restartedMain] Initializing Spring embedded WebApplicationContext
2021-05-30 13:39:04,340 INFO org.springframework.boot.web.servlet.context.ServletWebServerApplicationContext [restartedMain] Root WebApplicationContext: initialization completed in 1613 ms
2021-05-30 13:39:04,500 INFO org.hibernate.jpa.internal.util.LogHelper [restartedMain] HHH000204: Processing PersistenceUnitInfo [name: default]
2021-05-30 13:39:04,533 INFO org.hibernate.Version [restartedMain] HHH000412: Hibernate ORM core version 5.4.30.Final
2021-05-30 13:39:04,620 INFO org.hibernate.annotations.common.Version [restartedMain] HCANN000001: Hibernate Commons Annotations {5.1.2.Final}
2021-05-30 13:39:04,685 INFO com.zaxxer.hikari.HikariDataSource [restartedMain] HikariPool-1 - Starting...
2021-05-30 13:39:04,911 INFO com.zaxxer.hikari.HikariDataSource [restartedMain] HikariPool-1 - Start completed.
2021-05-30 13:39:04,934 INFO org.hibernate.dialect.Dialect [restartedMain] HHH000400: Using dialect: org.hibernate.dialect.PostgreSQL10Dialect
2021-05-30 13:39:07,098 INFO org.hibernate.engine.transaction.jta.platform.internal.JtaPlatformInitiator [restartedMain] HHH000490: Using JtaPlatform implementation: [org.hibernate.engine.transaction.jta.platform.internal.NoJtaPlatform]
2021-05-30 13:39:07,106 INFO org.springframework.orm.jpa.LocalContainerEntityManagerFactoryBean [restartedMain] Initialized JPA EntityManagerFactory for persistence unit 'default'
2021-05-30 13:39:07,148 INFO org.springframework.boot.devtools.autoconfigure.OptionalLiveReloadServer [restartedMain] LiveReload server is running on port 35729
2021-05-30 13:39:07,867 WARN org.springframework.boot.autoconfigure.orm.jpa.JpaBaseConfiguration$JpaWebConfiguration [restartedMain] spring.jpa.open-in-view is enabled by default. Therefore, database queries may be performed during view rendering. Explicitly configure spring.jpa.open-in-view to disable this warning
2021-05-30 13:39:08,184 INFO springfox.documentation.spring.web.WebMvcPropertySourcedRequestMappingHandlerMapping [restartedMain] Mapped URL path [/v2/api-docs] onto method [springfox.documentation.swagger2.web.Swagger2ControllerWebMvc#getDocumentation(String, HttpServletRequest)]
2021-05-30 13:39:08,301 INFO org.springframework.scheduling.concurrent.ThreadPoolTaskExecutor [restartedMain] Initializing ExecutorService 'applicationTaskExecutor'
2021-05-30 13:39:08,663 INFO org.springframework.boot.web.embedded.tomcat.TomcatWebServer [restartedMain] Tomcat started on port(s): 9090 (http) with context path ''
2021-05-30 13:39:08,663 INFO springfox.documentation.spring.web.plugins.DocumentationPluginsBootstrapper [restartedMain] Documentation plugins bootstrapped
2021-05-30 13:39:08,666 INFO springfox.documentation.spring.web.plugins.DocumentationPluginsBootstrapper [restartedMain] Found 1 custom documentation plugin(s)
2021-05-30 13:39:08,709 INFO springfox.documentation.spring.web.scanners.ApiListingReferenceScanner [restartedMain] Scanning for api listing references
2021-05-30 13:39:08,898 INFO springfox.documentation.spring.web.readers.operation.CachingOperationNameGenerator [restartedMain] Generating unique operation named: findByIdUsingGET_1
2021-05-30 13:39:08,909 INFO springfox.documentation.spring.web.readers.operation.CachingOperationNameGenerator [restartedMain] Generating unique operation named: addUsingPOST_1
2021-05-30 13:39:08,912 INFO springfox.documentation.spring.web.readers.operation.CachingOperationNameGenerator [restartedMain] Generating unique operation named: findAllUsingGET_1
2021-05-30 13:39:08,986 INFO com.cg.creditcardpayment.CreditcardBillPaymentApplication [restartedMain] Started CreditcardBillPaymentApplication in 6.618 seconds (JVM running for 9.216)
2021-05-30 13:39:16,822 INFO org.apache.catalina.core.ContainerBase.[Tomcat].[localhost].[/] [http-nio-9090-exec-1] Initializing Spring DispatcherServlet 'dispatcherServlet'
2021-05-30 13:39:16,822 INFO org.springframework.web.servlet.DispatcherServlet [http-nio-9090-exec-1] Initializing Servlet 'dispatcherServlet'
2021-05-30 13:39:16,823 INFO org.springframework.web.servlet.DispatcherServlet [http-nio-9090-exec-1] Completed initialization in 1 ms
2021-05-30 13:39:16,856 INFO com.cg.creditcardpayment.controller.AccountController [http-nio-9090-exec-1] Called GET mapping getAllAccounts() method
2021-05-30 13:39:16,856 INFO com.cg.creditcardpayment.services.AccountServices [http-nio-9090-exec-1] Called getAllAccount() method of AccountServices
2021-05-30 13:40:28,991 INFO com.cg.creditcardpayment.controller.AccountController [http-nio-9090-exec-3] Called GET mapping getAllAccounts() method
2021-05-30 13:40:28,992 INFO com.cg.creditcardpayment.services.AccountServices [http-nio-9090-exec-3] Called getAllAccount() method of AccountServices
2021-05-30 13:40:33,944 INFO com.cg.creditcardpayment.controller.AccountController [http-nio-9090-exec-5] Called GET mapping getAllAccounts() method
2021-05-30 13:40:33,944 INFO com.cg.creditcardpayment.services.AccountServices [http-nio-9090-exec-5] Called getAllAccount() method of AccountServices
2021-05-30 14:55:05,941 INFO com.cg.creditcardpayment.controller.AccountController [http-nio-9090-exec-7] Called GET mapping getAllAccounts() method
2021-05-30 14:55:05,964 INFO com.cg.creditcardpayment.services.AccountServices [http-nio-9090-exec-7] Called getAllAccount() method of AccountServices
2021-05-30 14:55:13,486 INFO com.cg.creditcardpayment.controller.AccountController [http-nio-9090-exec-8] Called GET mapping getAllAccounts() method
2021-05-30 14:55:13,487 INFO com.cg.creditcardpayment.services.AccountServices [http-nio-9090-exec-8] Called getAllAccount() method of AccountServices
2021-05-30 15:03:42,644 INFO com.cg.creditcardpayment.controller.AccountController [http-nio-9090-exec-10] Called GET mapping getAllAccounts() method
2021-05-30 15:03:42,644 INFO com.cg.creditcardpayment.services.AccountServices [http-nio-9090-exec-10] Called getAllAccount() method of AccountServices
2021-05-30 15:05:33,523 INFO com.cg.creditcardpayment.controller.AccountController [http-nio-9090-exec-2] Called GET mapping getAllAccounts() method
2021-05-30 15:05:33,524 INFO com.cg.creditcardpayment.services.AccountServices [http-nio-9090-exec-2] Called getAllAccount() method of AccountServices
2021-05-30 18:31:33,228 WARN com.zaxxer.hikari.pool.HikariPool [HikariPool-1 housekeeper] HikariPool-1 - Thread starvation or clock leap detected (housekeeper delta=3h1m55s860ms28탎500ns).
2021-05-30 18:59:58,458 WARN com.zaxxer.hikari.pool.HikariPool [HikariPool-1 housekeeper] HikariPool-1 - Thread starvation or clock leap detected (housekeeper delta=9m24s947ms166탎900ns).
2021-05-30 19:02:43,062 INFO com.cg.creditcardpayment.controller.AccountController [http-nio-9090-exec-4] Called GET mapping getAllAccounts() method
2021-05-30 19:02:43,063 INFO com.cg.creditcardpayment.services.AccountServices [http-nio-9090-exec-4] Called getAllAccount() method of AccountServices
2021-05-30 19:06:28,270 INFO com.cg.creditcardpayment.controller.AccountController [http-nio-9090-exec-6] Called GET mapping getAllAccounts() method
2021-05-30 19:06:28,282 INFO com.cg.creditcardpayment.services.AccountServices [http-nio-9090-exec-6] Called getAllAccount() method of AccountServices
2021-05-30 19:15:29,599 INFO com.cg.creditcardpayment.controller.AccountController [http-nio-9090-exec-8] Called GET mapping getAllAccounts() method
2021-05-30 19:15:29,599 INFO com.cg.creditcardpayment.services.AccountServices [http-nio-9090-exec-8] Called getAllAccount() method of AccountServices
2021-05-30 19:15:42,634 INFO com.cg.creditcardpayment.controller.AccountController [http-nio-9090-exec-9] Called GET mapping getAllAccounts() method
2021-05-30 19:15:42,635 INFO com.cg.creditcardpayment.services.AccountServices [http-nio-9090-exec-9] Called getAllAccount() method of AccountServices
2021-05-30 19:15:50,880 INFO com.cg.creditcardpayment.controller.AccountController [http-nio-9090-exec-10] Called GET mapping getAllAccounts() method
2021-05-30 19:15:50,881 INFO com.cg.creditcardpayment.services.AccountServices [http-nio-9090-exec-10] Called getAllAccount() method of AccountServices
2021-05-30 19:15:52,437 INFO com.cg.creditcardpayment.controller.AccountController [http-nio-9090-exec-1] Called GET mapping getAllAccounts() method
2021-05-30 19:15:52,439 INFO com.cg.creditcardpayment.services.AccountServices [http-nio-9090-exec-1] Called getAllAccount() method of AccountServices
2021-05-30 19:26:24,649 INFO com.cg.creditcardpayment.controller.AccountController [http-nio-9090-exec-4] Called GET mapping getAllAccounts() method
2021-05-30 19:26:24,649 INFO com.cg.creditcardpayment.services.AccountServices [http-nio-9090-exec-4] Called getAllAccount() method of AccountServices
2021-05-30 19:28:18,373 INFO com.cg.creditcardpayment.controller.AccountController [http-nio-9090-exec-6] Called GET mapping getAllAccounts() method
2021-05-30 19:28:18,374 INFO com.cg.creditcardpayment.services.AccountServices [http-nio-9090-exec-6] Called getAllAccount() method of AccountServices
2021-05-30 19:35:07,789 INFO com.cg.creditcardpayment.controller.AccountController [http-nio-9090-exec-8] Called GET mapping getAllAccounts() method
2021-05-30 19:35:07,790 INFO com.cg.creditcardpayment.services.AccountServices [http-nio-9090-exec-8] Called getAllAccount() method of AccountServices
2021-05-30 19:37:25,418 INFO com.cg.creditcardpayment.controller.AccountController [http-nio-9090-exec-10] Called GET mapping getAllAccounts() method
2021-05-30 19:37:25,419 INFO com.cg.creditcardpayment.services.AccountServices [http-nio-9090-exec-10] Called getAllAccount() method of AccountServices
2021-05-30 19:46:27,329 INFO com.cg.creditcardpayment.controller.AccountController [http-nio-9090-exec-2] Called GET mapping getAllAccounts() method
2021-05-30 19:46:27,329 INFO com.cg.creditcardpayment.services.AccountServices [http-nio-9090-exec-2] Called getAllAccount() method of AccountServices
2021-05-30 19:53:26,173 INFO com.cg.creditcardpayment.controller.AccountController [http-nio-9090-exec-4] Called GET mapping getAllAccounts() method
2021-05-30 19:53:26,173 INFO com.cg.creditcardpayment.services.AccountServices [http-nio-9090-exec-4] Called getAllAccount() method of AccountServices
2021-05-30 19:54:19,857 INFO com.cg.creditcardpayment.controller.AccountController [http-nio-9090-exec-5] Called GET mapping getAllAccounts() method
2021-05-30 19:54:19,857 INFO com.cg.creditcardpayment.services.AccountServices [http-nio-9090-exec-5] Called getAllAccount() method of AccountServices
2021-05-30 19:54:48,925 INFO com.cg.creditcardpayment.controller.AccountController [http-nio-9090-exec-6] Called GET mapping getAllAccounts() method
2021-05-30 19:54:48,925 INFO com.cg.creditcardpayment.services.AccountServices [http-nio-9090-exec-6] Called getAllAccount() method of AccountServices
2021-05-30 19:56:09,996 INFO com.cg.creditcardpayment.controller.AccountController [http-nio-9090-exec-8] Called GET mapping getAllAccounts() method
2021-05-30 19:56:09,996 INFO com.cg.creditcardpayment.services.AccountServices [http-nio-9090-exec-8] Called getAllAccount() method of AccountServices
2021-05-30 19:56:12,387 INFO com.cg.creditcardpayment.controller.AccountController [http-nio-9090-exec-9] Called GET mapping getAllAccounts() method
2021-05-30 19:56:12,387 INFO com.cg.creditcardpayment.services.AccountServices [http-nio-9090-exec-9] Called getAllAccount() method of AccountServices
2021-05-30 19:56:36,990 INFO com.cg.creditcardpayment.controller.AccountController [http-nio-9090-exec-10] Called GET mapping getAllAccounts() method
2021-05-30 19:56:36,990 INFO com.cg.creditcardpayment.services.AccountServices [http-nio-9090-exec-10] Called getAllAccount() method of AccountServices
2021-05-30 20:02:29,010 INFO com.cg.creditcardpayment.controller.AccountController [http-nio-9090-exec-2] Called GET mapping getAllAccounts() method
2021-05-30 20:02:29,011 INFO com.cg.creditcardpayment.services.AccountServices [http-nio-9090-exec-2] Called getAllAccount() method of AccountServices
2021-05-30 20:58:03,645 WARN com.zaxxer.hikari.pool.HikariPool [HikariPool-1 housekeeper] HikariPool-1 - Thread starvation or clock leap detected (housekeeper delta=46m34s27ms219탎100ns).
